

Microchip MPLAB XC8 Assembler V2.10 build 88905656 
                                                                                               Sat Mar 14 11:23:16 2020

Microchip MPLAB XC8 C Compiler v2.10 (Free license) build 20190730164152 Og1 
     1                           	processor	18F4550
     2                           	fnconf	rparam,??,?,0
     3                           	opt	pw 120
     4                           	opt	flic
     5                           	psect	cinit,global,reloc=2,class=CODE,delta=1
     6                           	psect	cstackCOMRAM,global,class=COMRAM,space=1,delta=1,noexec
     7                           	psect	text0,global,reloc=2,class=CODE,delta=1
     8                           	psect	text1,global,reloc=2,class=CODE,delta=1
     9                           	psect	intsave_regs,global,class=BIGRAM,space=1,delta=1,noexec
    10                           	psect	rparam,global,class=COMRAM,space=1,delta=1,noexec
    11  0000                     
    12                           ; Version 2.10
    13                           ; Generated 31/07/2019 GMT
    14                           ; 
    15                           ; Copyright © 2019, Microchip Technology Inc. and its subsidiaries ("Microchip")
    16                           ; All rights reserved.
    17                           ; 
    18                           ; This software is developed by Microchip Technology Inc. and its subsidiaries ("Microch
      +                          ip").
    19                           ; 
    20                           ; Redistribution and use in source and binary forms, with or without modification, are
    21                           ; permitted provided that the following conditions are met:
    22                           ; 
    23                           ;     1. Redistributions of source code must retain the above copyright notice, this lis
      +                          t of
    24                           ;        conditions and the following disclaimer.
    25                           ; 
    26                           ;     2. Redistributions in binary form must reproduce the above copyright notice, this 
      +                          list
    27                           ;        of conditions and the following disclaimer in the documentation and/or other
    28                           ;        materials provided with the distribution.
    29                           ; 
    30                           ;     3. Microchip's name may not be used to endorse or promote products derived from th
      +                          is
    31                           ;        software without specific prior written permission.
    32                           ; 
    33                           ; THIS SOFTWARE IS PROVIDED BY MICROCHIP "AS IS" AND ANY EXPRESS OR IMPLIED WARRANTIES,
    34                           ; INCLUDING, BUT NOT LIMITED TO, THE IMPLIED WARRANTIES OF MERCHANTABILITY AND FITNESS F
      +                          OR
    35                           ; PURPOSE ARE DISCLAIMED.  IN NO EVENT SHALL MICROCHIP BE LIABLE FOR ANY DIRECT, INDIREC
      +                          T,
    36                           ; INCIDENTAL, SPECIAL, EXEMPLARY, OR CONSEQUENTIAL DAMAGES (INCLUDING BUT NOT LIMITED TO
    37                           ; PROCUREMENT OF SUBSTITUTE GOODS OR SERVICES; LOSS OF USE, DATA OR PROFITS; OR BUSINESS
    38                           ; INTERRUPTION) HOWSOEVER CAUSED AND ON ANY THEORY OF LIABILITY, WHETHER IN CONTRACT, ST
      +                          RICT
    39                           ; LIABILITY, OR TORT (INCLUDING NEGLIGENCE OR OTHERWISE) ARISING IN ANY WAY OUT OF THE U
      +                          SE OF
    40                           ; THIS SOFTWARE, EVEN IF ADVISED OF THE POSSIBILITY OF SUCH DAMAGE.
    41                           ; 
    42                           ; 
    43                           ; Code-generator required, PIC18F4550 Definitions
    44                           ; 
    45                           ; SFR Addresses
    46  0000                     _PORTEbits	set	3972
    47  0000                     _PORTCbits	set	3970
    48  0000                     _PORTBbits	set	3969
    49  0000                     _PORTAbits	set	3968
    50  0000                     _PORTDbits	set	3971
    51  0000                     _TRISEbits	set	3990
    52  0000                     _TRISCbits	set	3988
    53  0000                     _TRISBbits	set	3987
    54  0000                     _TRISAbits	set	3986
    55  0000                     _TRISDbits	set	3989
    56  0000                     _LATE	set	3981
    57  0000                     _LATC	set	3979
    58  0000                     _LATB	set	3978
    59  0000                     _LATA	set	3977
    60  0000                     _LATD	set	3980
    61  0000                     _ADCON1bits	set	4033
    62                           
    63                           ; #config settings
    64  0000                     
    65                           	psect	cinit
    66  007F8A                     __pcinit:
    67                           	opt callstack 0
    68  007F8A                     start_initialization:
    69                           	opt callstack 0
    70  007F8A                     __initialization:
    71                           	opt callstack 0
    72  007F8A                     end_of_initialization:
    73                           	opt callstack 0
    74  007F8A                     __end_of__initialization:
    75                           	opt callstack 0
    76  007F8A  0100               	movlb	0
    77  007F8C  EFDA  F03F         	goto	_main	;jump to C main() function
    78                           
    79                           	psect	cstackCOMRAM
    80  000001                     __pcstackCOMRAM:
    81                           	opt callstack 0
    82  000001                     ??_main:
    83                           
    84                           ; 1 bytes @ 0x0
    85  000001                     	ds	2
    86                           
    87 ;;
    88 ;;Main: autosize = 0, tempsize = 2, incstack = 0, save=0
    89 ;;
    90 ;; *************** function _main *****************
    91 ;; Defined at:
    92 ;;		line 43 in file "Hola_Mundo.c"
    93 ;; Parameters:    Size  Location     Type
    94 ;;		None
    95 ;; Auto vars:     Size  Location     Type
    96 ;;		None
    97 ;; Return value:  Size  Location     Type
    98 ;;                  1    wreg      void 
    99 ;; Registers used:
   100 ;;		wreg, status,2, cstack
   101 ;; Tracked objects:
   102 ;;		On entry : 0/0
   103 ;;		On exit  : 0/0
   104 ;;		Unchanged: 0/0
   105 ;; Data sizes:     COMRAM   BANK0   BANK1   BANK2   BANK3   BANK4   BANK5   BANK6   BANK7
   106 ;;      Params:         0       0       0       0       0       0       0       0       0
   107 ;;      Locals:         0       0       0       0       0       0       0       0       0
   108 ;;      Temps:          2       0       0       0       0       0       0       0       0
   109 ;;      Totals:         2       0       0       0       0       0       0       0       0
   110 ;;Total ram usage:        2 bytes
   111 ;; Hardware stack levels required when called:    1
   112 ;; This function calls:
   113 ;;		_InitPort
   114 ;; This function is called by:
   115 ;;		Startup code after reset
   116 ;; This function uses a non-reentrant model
   117 ;;
   118                           
   119                           	psect	text0
   120  007FB4                     __ptext0:
   121                           	opt callstack 0
   122  007FB4                     _main:
   123                           	opt callstack 30
   124  007FB4                     
   125                           ;Hola_Mundo.c: 44:     InitPort();
   126  007FB4  ECC8  F03F         	call	_InitPort	;wreg free
   127  007FB8                     l735:
   128                           
   129                           ;Hola_Mundo.c: 46:         PORTDbits.RD1 = 1;
   130  007FB8  8283               	bsf	131,1,c	;volatile
   131  007FBA                     
   132                           ;Hola_Mundo.c: 47:         PORTAbits.RA1 = 1;
   133  007FBA  8280               	bsf	128,1,c	;volatile
   134  007FBC                     
   135                           ;Hola_Mundo.c: 48:         PORTBbits.RB1 = 1;
   136  007FBC  8281               	bsf	129,1,c	;volatile
   137  007FBE                     
   138                           ;Hola_Mundo.c: 49:         PORTCbits.RC1 = 1;
   139  007FBE  8282               	bsf	130,1,c	;volatile
   140  007FC0                     
   141                           ;Hola_Mundo.c: 50:         PORTEbits.RE1 = 1;
   142  007FC0  8284               	bsf	132,1,c	;volatile
   143  007FC2                     
   144                           ;Hola_Mundo.c: 51:         _delay((unsigned long)((100)*(20000000/4000.0)));
   145  007FC2  0E03               	movlw	3
   146  007FC4  6E02               	movwf	(??_main+1)^0,c
   147  007FC6  0E8A               	movlw	138
   148  007FC8  6E01               	movwf	??_main^0,c
   149  007FCA  0E56               	movlw	86
   150  007FCC                     u17:
   151  007FCC  2EE8               	decfsz	wreg,f,c
   152  007FCE  D7FE               	bra	u17
   153  007FD0  2E01               	decfsz	??_main^0,f,c
   154  007FD2  D7FC               	bra	u17
   155  007FD4  2E02               	decfsz	(??_main+1)^0,f,c
   156  007FD6  D7FA               	bra	u17
   157  007FD8                     
   158                           ;Hola_Mundo.c: 52:         PORTDbits.RD1 = 0;
   159  007FD8  9283               	bcf	131,1,c	;volatile
   160  007FDA                     
   161                           ;Hola_Mundo.c: 53:         PORTAbits.RA1 = 0;
   162  007FDA  9280               	bcf	128,1,c	;volatile
   163  007FDC                     
   164                           ;Hola_Mundo.c: 54:         PORTBbits.RB1 = 0;
   165  007FDC  9281               	bcf	129,1,c	;volatile
   166  007FDE                     
   167                           ;Hola_Mundo.c: 55:         PORTCbits.RC1 = 0;
   168  007FDE  9282               	bcf	130,1,c	;volatile
   169  007FE0                     
   170                           ;Hola_Mundo.c: 56:         PORTEbits.RE1 = 0;
   171  007FE0  9284               	bcf	132,1,c	;volatile
   172  007FE2                     
   173                           ;Hola_Mundo.c: 57:         _delay((unsigned long)((100)*(20000000/4000.0)));
   174  007FE2  0E03               	movlw	3
   175  007FE4  6E02               	movwf	(??_main+1)^0,c
   176  007FE6  0E8A               	movlw	138
   177  007FE8  6E01               	movwf	??_main^0,c
   178  007FEA  0E56               	movlw	86
   179  007FEC                     u27:
   180  007FEC  2EE8               	decfsz	wreg,f,c
   181  007FEE  D7FE               	bra	u27
   182  007FF0  2E01               	decfsz	??_main^0,f,c
   183  007FF2  D7FC               	bra	u27
   184  007FF4  2E02               	decfsz	(??_main+1)^0,f,c
   185  007FF6  D7FA               	bra	u27
   186  007FF8  EFDC  F03F         	goto	l735
   187  007FFC  EF00  F000         	goto	start
   188  008000                     __end_of_main:
   189                           	opt callstack 0
   190                           
   191 ;; *************** function _InitPort *****************
   192 ;; Defined at:
   193 ;;		line 27 in file "Hola_Mundo.c"
   194 ;; Parameters:    Size  Location     Type
   195 ;;		None
   196 ;; Auto vars:     Size  Location     Type
   197 ;;		None
   198 ;; Return value:  Size  Location     Type
   199 ;;                  1    wreg      void 
   200 ;; Registers used:
   201 ;;		wreg, status,2
   202 ;; Tracked objects:
   203 ;;		On entry : 0/0
   204 ;;		On exit  : 0/0
   205 ;;		Unchanged: 0/0
   206 ;; Data sizes:     COMRAM   BANK0   BANK1   BANK2   BANK3   BANK4   BANK5   BANK6   BANK7
   207 ;;      Params:         0       0       0       0       0       0       0       0       0
   208 ;;      Locals:         0       0       0       0       0       0       0       0       0
   209 ;;      Temps:          0       0       0       0       0       0       0       0       0
   210 ;;      Totals:         0       0       0       0       0       0       0       0       0
   211 ;;Total ram usage:        0 bytes
   212 ;; Hardware stack levels used:    1
   213 ;; This function calls:
   214 ;;		Nothing
   215 ;; This function is called by:
   216 ;;		_main
   217 ;; This function uses a non-reentrant model
   218 ;;
   219                           
   220                           	psect	text1
   221  007F90                     __ptext1:
   222                           	opt callstack 0
   223  007F90                     _InitPort:
   224                           	opt callstack 30
   225  007F90                     
   226                           ;Hola_Mundo.c: 28:     ADCON1bits.PCFG = 0xFF;
   227  007F90  0E0F               	movlw	15
   228  007F92  12C1               	iorwf	193,f,c	;volatile
   229                           
   230                           ;Hola_Mundo.c: 29:     LATD = 0;
   231  007F94  0E00               	movlw	0
   232  007F96  6E8C               	movwf	140,c	;volatile
   233                           
   234                           ;Hola_Mundo.c: 30:     LATA = 0;
   235  007F98  0E00               	movlw	0
   236  007F9A  6E89               	movwf	137,c	;volatile
   237                           
   238                           ;Hola_Mundo.c: 31:     LATB = 0;
   239  007F9C  0E00               	movlw	0
   240  007F9E  6E8A               	movwf	138,c	;volatile
   241                           
   242                           ;Hola_Mundo.c: 32:     LATC = 0;
   243  007FA0  0E00               	movlw	0
   244  007FA2  6E8B               	movwf	139,c	;volatile
   245                           
   246                           ;Hola_Mundo.c: 33:     LATE = 0;
   247  007FA4  0E00               	movlw	0
   248  007FA6  6E8D               	movwf	141,c	;volatile
   249  007FA8                     
   250                           ;Hola_Mundo.c: 35:     TRISDbits.RD1 = 0;
   251  007FA8  9295               	bcf	149,1,c	;volatile
   252  007FAA                     
   253                           ;Hola_Mundo.c: 36:     TRISAbits.RA1 = 0;
   254  007FAA  9292               	bcf	146,1,c	;volatile
   255  007FAC                     
   256                           ;Hola_Mundo.c: 37:     TRISBbits.RB1 = 0;
   257  007FAC  9293               	bcf	147,1,c	;volatile
   258  007FAE                     
   259                           ;Hola_Mundo.c: 38:     TRISCbits.RC1 = 0;
   260  007FAE  9294               	bcf	148,1,c	;volatile
   261  007FB0                     
   262                           ;Hola_Mundo.c: 39:     TRISEbits.RE1 = 0;
   263  007FB0  9296               	bcf	150,1,c	;volatile
   264  007FB2  0012               	return		;funcret
   265  007FB4                     __end_of_InitPort:
   266                           	opt callstack 0
   267  0000                     
   268                           	psect	rparam
   269  0000                     tosu	equ	0xFFF
   270                           tosh	equ	0xFFE
   271                           tosl	equ	0xFFD
   272                           stkptr	equ	0xFFC
   273                           pclatu	equ	0xFFB
   274                           pclath	equ	0xFFA
   275                           pcl	equ	0xFF9
   276                           tblptru	equ	0xFF8
   277                           tblptrh	equ	0xFF7
   278                           tblptrl	equ	0xFF6
   279                           tablat	equ	0xFF5
   280                           prodh	equ	0xFF4
   281                           prodl	equ	0xFF3
   282                           indf0	equ	0xFEF
   283                           postinc0	equ	0xFEE
   284                           postdec0	equ	0xFED
   285                           preinc0	equ	0xFEC
   286                           plusw0	equ	0xFEB
   287                           fsr0h	equ	0xFEA
   288                           fsr0l	equ	0xFE9
   289                           wreg	equ	0xFE8
   290                           indf1	equ	0xFE7
   291                           postinc1	equ	0xFE6
   292                           postdec1	equ	0xFE5
   293                           preinc1	equ	0xFE4
   294                           plusw1	equ	0xFE3
   295                           fsr1h	equ	0xFE2
   296                           fsr1l	equ	0xFE1
   297                           bsr	equ	0xFE0
   298                           indf2	equ	0xFDF
   299                           postinc2	equ	0xFDE
   300                           postdec2	equ	0xFDD
   301                           preinc2	equ	0xFDC
   302                           plusw2	equ	0xFDB
   303                           fsr2h	equ	0xFDA
   304                           fsr2l	equ	0xFD9
   305                           status	equ	0xFD8


Data Sizes:
    Strings     0
    Constant    0
    Data        0
    BSS         0
    Persistent  0
    Stack       0

Auto Spaces:
    Space          Size  Autos    Used
    COMRAM           95      2       2
    BANK0           160      0       0
    BANK1           256      0       0
    BANK2           256      0       0
    BANK3           256      0       0
    BANK4           256      0       0
    BANK5           256      0       0
    BANK6           256      0       0
    BANK7           256      0       0

Pointer List with Targets:

    None.

Critical Paths under _main in COMRAM

    None.

Critical Paths under _main in BANK0

    None.

Critical Paths under _main in BANK1

    None.

Critical Paths under _main in BANK2

    None.

Critical Paths under _main in BANK3

    None.

Critical Paths under _main in BANK4

    None.

Critical Paths under _main in BANK5

    None.

Critical Paths under _main in BANK6

    None.

Critical Paths under _main in BANK7

    None.

Call Graph Tables:

 ---------------------------------------------------------------------------------
 (Depth) Function   	        Calls       Base Space   Used Autos Params    Refs
 ---------------------------------------------------------------------------------
 (0) _main                                                 2     2      0       0
                                              0 COMRAM     2     2      0
                           _InitPort
 ---------------------------------------------------------------------------------
 (1) _InitPort                                             0     0      0       0
 ---------------------------------------------------------------------------------
 Estimated maximum stack depth 1
 ---------------------------------------------------------------------------------

 Call Graph Graphs:

 _main (ROOT)
   _InitPort

 Address spaces:
Name               Size   Autos  Total    Cost      Usage
BITCOMRAM           5F      0       0       0        0.0%
EEDATA             100      0       0       0        0.0%
NULL                 0      0       0       0        0.0%
CODE                 0      0       0       0        0.0%
COMRAM              5F      2       2       1        2.1%
STACK                0      0       0       2        0.0%
DATA                 0      0       0       3        0.0%
BITBANK0            A0      0       0       4        0.0%
BANK0               A0      0       0       5        0.0%
BITBANK1           100      0       0       6        0.0%
BANK1              100      0       0       7        0.0%
BITBANK2           100      0       0       8        0.0%
BANK2              100      0       0       9        0.0%
BITBANK3           100      0       0      10        0.0%
BANK3              100      0       0      11        0.0%
BITBANK4           100      0       0      12        0.0%
BANK4              100      0       0      13        0.0%
BITBANK5           100      0       0      14        0.0%
BANK5              100      0       0      15        0.0%
BITBANK6           100      0       0      16        0.0%
BANK6              100      0       0      17        0.0%
BITBANK7           100      0       0      18        0.0%
BANK7              100      0       0      19        0.0%
ABS                  0      0       0      20        0.0%
BIGRAM             7FF      0       0      21        0.0%
BITSFR               0      0       0     200        0.0%
SFR                  0      0       0     200        0.0%


Microchip Technology PIC18 Macro Assembler V2.10 build 88905656 
Symbol Table                                                                                   Sat Mar 14 11:23:16 2020

                     l37 7FB2                       u17 7FCC                       u27 7FEC  
            __CFG_BORV$3 000000             __CFG_CP0$OFF 000000             __CFG_CP1$OFF 000000  
           __CFG_CP2$OFF 000000             __CFG_CP3$OFF 000000                      l721 7F90  
                    l731 7FB0                      l723 7FA8                      l725 7FAA  
                    l741 7FBE                      l733 7FB4                      l727 7FAC  
                    l751 7FDC                      l743 7FC0                      l735 7FB8  
                    l729 7FAE                      l753 7FDE                      l745 7FC2  
                    l737 7FBA                      l755 7FE0                      l747 7FD8  
                    l739 7FBC                      l757 7FE2                      l749 7FDA  
           __CFG_CPB$OFF 000000             __CFG_CPD$OFF 000000             __CFG_BOR$OFF 000000  
                    wreg 000FE8             __CFG_LVP$OFF 000000             __CFG_WDT$OFF 000000  
                   _LATA 000F89                     _LATB 000F8A                     _LATC 000F8B  
                   _LATD 000F8C                     _LATE 000F8D             __CFG_PWRT$ON 000000  
                   _main 7FB4                     start 0000            __CFG_IESO$OFF 000000  
          __CFG_MCLRE$ON 000000             ___param_bank 000000            __CFG_PLLDIV$5 000000  
         __CFG_CCP2MX$ON 000000                    ?_main 0001            __CFG_USBDIV$1 000000  
          __CFG_WRT0$OFF 000000            __CFG_WRT1$OFF 000000            __CFG_WRT2$OFF 000000  
          __CFG_WRT3$OFF 000000           __CFG_EBTR0$OFF 000000           __CFG_FCMEN$OFF 000000  
         __CFG_EBTR1$OFF 000000           __CFG_EBTR2$OFF 000000           __CFG_EBTR3$OFF 000000  
          __CFG_WRTB$OFF 000000            __CFG_WRTC$OFF 000000            __CFG_WRTD$OFF 000000  
         __CFG_EBTRB$OFF 000000           __CFG_ICPRT$OFF 000000           __CFG_PBADEN$ON 000000  
        __initialization 7F8A             __end_of_main 8000         __end_of_InitPort 7FB4  
                 ??_main 0001            __activetblptr 000000           __CFG_XINST$OFF 000000  
         __CFG_STVREN$ON 000000               __accesstop 0060  __end_of__initialization 7F8A  
          ___rparam_used 000001           __pcstackCOMRAM 0001                ?_InitPort 0001  
        __CFG_VREGEN$OFF 000000               ??_InitPort 0001                  __Hparam 0000  
                __Lparam 0000                  __pcinit 7F8A                  __ramtop 0800  
                __ptext0 7FB4                  __ptext1 7F90     end_of_initialization 7F8A  
              _PORTAbits 000F80                _PORTBbits 000F81                _PORTCbits 000F82  
              _PORTDbits 000F83                _PORTEbits 000F84                _TRISAbits 000F92  
              _TRISBbits 000F93                _TRISCbits 000F94                _TRISDbits 000F95  
              _TRISEbits 000F96      start_initialization 7F8A        __size_of_InitPort 0024  
       __CFG_LPT1OSC$OFF 000000         __CFG_WDTPS$32768 000000               _ADCON1bits 000FC1  
               _InitPort 7F90                 __Hrparam 0000                 __Lrparam 0000  
          __size_of_main 004C    __CFG_CPUDIV$OSC1_PLL2 000000       __CFG_FOSC$HSPLL_HS 000000  
