

Microchip MPLAB XC8 Assembler V2.10 build 88905656 
                                                                                               Wed Mar 18 11:53:02 2020

Microchip MPLAB XC8 C Compiler v2.10 (Free license) build 20190730164152 Og1 
     1                           	processor	18F4550
     2                           	fnconf	rparam,??,?,0
     3                           	opt	pw 120
     4                           	opt	flic
     5                           	psect	smallconst,global,reloc=2,class=SMALLCONST,delta=1,noexec
     6                           	psect	cinit,global,reloc=2,class=CODE,delta=1
     7                           	psect	cstackCOMRAM,global,class=COMRAM,space=1,delta=1,noexec
     8                           	psect	text0,global,reloc=2,class=CODE,delta=1
     9                           	psect	text1,global,reloc=2,class=CODE,delta=1
    10                           	psect	text2,global,reloc=2,class=CODE,delta=1
    11                           	psect	text3,global,reloc=2,class=CODE,delta=1
    12                           	psect	text4,global,reloc=2,class=CODE,delta=1
    13                           	psect	text5,global,reloc=2,class=CODE,delta=1
    14                           	psect	text6,global,reloc=2,class=CODE,delta=1
    15                           	psect	text7,global,reloc=2,class=CODE,delta=1
    16                           	psect	text8,global,reloc=2,class=CODE,delta=1
    17                           	psect	text9,global,reloc=2,class=CODE,delta=1
    18                           	psect	text10,global,reloc=2,class=CODE,delta=1
    19                           	psect	intsave_regs,global,class=BIGRAM,space=1,delta=1,noexec
    20                           	psect	rparam,global,class=COMRAM,space=1,delta=1,noexec
    21  0000                     
    22                           ; Version 2.10
    23                           ; Generated 31/07/2019 GMT
    24                           ; 
    25                           ; Copyright © 2019, Microchip Technology Inc. and its subsidiaries ("Microchip")
    26                           ; All rights reserved.
    27                           ; 
    28                           ; This software is developed by Microchip Technology Inc. and its subsidiaries ("Microch
      +                          ip").
    29                           ; 
    30                           ; Redistribution and use in source and binary forms, with or without modification, are
    31                           ; permitted provided that the following conditions are met:
    32                           ; 
    33                           ;     1. Redistributions of source code must retain the above copyright notice, this lis
      +                          t of
    34                           ;        conditions and the following disclaimer.
    35                           ; 
    36                           ;     2. Redistributions in binary form must reproduce the above copyright notice, this 
      +                          list
    37                           ;        of conditions and the following disclaimer in the documentation and/or other
    38                           ;        materials provided with the distribution.
    39                           ; 
    40                           ;     3. Microchip's name may not be used to endorse or promote products derived from th
      +                          is
    41                           ;        software without specific prior written permission.
    42                           ; 
    43                           ; THIS SOFTWARE IS PROVIDED BY MICROCHIP "AS IS" AND ANY EXPRESS OR IMPLIED WARRANTIES,
    44                           ; INCLUDING, BUT NOT LIMITED TO, THE IMPLIED WARRANTIES OF MERCHANTABILITY AND FITNESS F
      +                          OR
    45                           ; PURPOSE ARE DISCLAIMED.  IN NO EVENT SHALL MICROCHIP BE LIABLE FOR ANY DIRECT, INDIREC
      +                          T,
    46                           ; INCIDENTAL, SPECIAL, EXEMPLARY, OR CONSEQUENTIAL DAMAGES (INCLUDING BUT NOT LIMITED TO
    47                           ; PROCUREMENT OF SUBSTITUTE GOODS OR SERVICES; LOSS OF USE, DATA OR PROFITS; OR BUSINESS
    48                           ; INTERRUPTION) HOWSOEVER CAUSED AND ON ANY THEORY OF LIABILITY, WHETHER IN CONTRACT, ST
      +                          RICT
    49                           ; LIABILITY, OR TORT (INCLUDING NEGLIGENCE OR OTHERWISE) ARISING IN ANY WAY OUT OF THE U
      +                          SE OF
    50                           ; THIS SOFTWARE, EVEN IF ADVISED OF THE POSSIBILITY OF SUCH DAMAGE.
    51                           ; 
    52                           ; 
    53                           ; Code-generator required, PIC18F4550 Definitions
    54                           ; 
    55                           ; SFR Addresses
    56  0000                     _LATDbits	set	3980
    57  0000                     _TRISDbits	set	3989
    58  0000                     _TRISD	set	3989
    59  0000                     _PORTD	set	3971
    60                           
    61                           	psect	smallconst
    62  000800                     __psmallconst:
    63                           	opt callstack 0
    64  000800  00                 	db	0
    65  000801                     STR_2:
    66  000801  50                 	db	80	;'P'
    67  000802  72                 	db	114	;'r'
    68  000803  65                 	db	101	;'e'
    69  000804  73                 	db	115	;'s'
    70  000805  69                 	db	105	;'i'
    71  000806  6F                 	db	111	;'o'
    72  000807  6E                 	db	110	;'n'
    73  000808  61                 	db	97	;'a'
    74  000809  20                 	db	32
    75  00080A  53                 	db	83	;'S'
    76  00080B  74                 	db	116	;'t'
    77  00080C  61                 	db	97	;'a'
    78  00080D  72                 	db	114	;'r'
    79  00080E  74                 	db	116	;'t'
    80  00080F  21                 	db	33
    81  000810  00                 	db	0
    82  000811                     STR_1:
    83  000811  2A                 	db	42
    84  000812  2A                 	db	42
    85  000813  50                 	db	80	;'P'
    86  000814  4F                 	db	79	;'O'
    87  000815  4B                 	db	75	;'K'
    88  000816  45                 	db	69	;'E'
    89  000817  4D                 	db	77	;'M'
    90  000818  4F                 	db	79	;'O'
    91  000819  4E                 	db	78	;'N'
    92  00081A  20                 	db	32
    93  00081B  47                 	db	71	;'G'
    94  00081C  4F                 	db	79	;'O'
    95  00081D  21                 	db	33
    96  00081E  2A                 	db	42
    97  00081F  2A                 	db	42
    98  000820  00                 	db	0
    99                           
   100                           ; #config settings
   101  000821  00                 	db	0	; dummy byte at the end
   102  0000                     
   103                           	psect	cinit
   104  000B7C                     __pcinit:
   105                           	opt callstack 0
   106  000B7C                     start_initialization:
   107                           	opt callstack 0
   108  000B7C                     __initialization:
   109                           	opt callstack 0
   110  000B7C                     end_of_initialization:
   111                           	opt callstack 0
   112  000B7C                     __end_of__initialization:
   113                           	opt callstack 0
   114  000B7C  0E00               	movlw	low (__Lsmallconst shr (0+16))
   115  000B7E  6EF8               	movwf	tblptru,c
   116  000B80  0E08               	movlw	high __Lsmallconst
   117  000B82  6EF7               	movwf	tblptrh,c
   118  000B84  0100               	movlb	0
   119  000B86  EF86  F004         	goto	_main	;jump to C main() function
   120                           
   121                           	psect	cstackCOMRAM
   122  000001                     __pcstackCOMRAM:
   123                           	opt callstack 0
   124  000001                     ??_SetDDRamAddr:
   125  000001                     ??_DelayPORXLCD:
   126  000001                     WriteCmdXLCD@cmd:
   127                           	opt callstack 0
   128  000001                     WriteDataXLCD@data:
   129                           	opt callstack 0
   130                           
   131                           ; 1 bytes @ 0x0
   132  000001                     	ds	1
   133  000002                     LCD_gotoXY@x:
   134                           	opt callstack 0
   135  000002                     putrsXLCD@buffer:
   136                           	opt callstack 0
   137                           
   138                           ; 2 bytes @ 0x1
   139  000002                     	ds	2
   140  000004                     SetDDRamAddr@DDaddr:
   141                           	opt callstack 0
   142  000004                     LCD_gotoXY@y:
   143                           	opt callstack 0
   144                           
   145                           ; 2 bytes @ 0x3
   146  000004                     	ds	1
   147  000005                     OpenXLCD@lcdtype:
   148                           	opt callstack 0
   149                           
   150                           ; 1 bytes @ 0x4
   151  000005                     	ds	1
   152  000006                     ??_main:
   153                           
   154                           ; 1 bytes @ 0x5
   155  000006                     	ds	2
   156                           
   157 ;;
   158 ;;Main: autosize = 0, tempsize = 2, incstack = 0, save=0
   159 ;;
   160 ;; *************** function _main *****************
   161 ;; Defined at:
   162 ;;		line 20 in file "Programa_principal.c"
   163 ;; Parameters:    Size  Location     Type
   164 ;;		None
   165 ;; Auto vars:     Size  Location     Type
   166 ;;		None
   167 ;; Return value:  Size  Location     Type
   168 ;;                  1    wreg      void 
   169 ;; Registers used:
   170 ;;		wreg, status,2, status,0, tblptrl, tblptrh, tblptru, cstack
   171 ;; Tracked objects:
   172 ;;		On entry : 0/0
   173 ;;		On exit  : 0/0
   174 ;;		Unchanged: 0/0
   175 ;; Data sizes:     COMRAM   BANK0   BANK1   BANK2   BANK3   BANK4   BANK5   BANK6   BANK7
   176 ;;      Params:         0       0       0       0       0       0       0       0       0
   177 ;;      Locals:         0       0       0       0       0       0       0       0       0
   178 ;;      Temps:          2       0       0       0       0       0       0       0       0
   179 ;;      Totals:         2       0       0       0       0       0       0       0       0
   180 ;;Total ram usage:        2 bytes
   181 ;; Hardware stack levels required when called:    4
   182 ;; This function calls:
   183 ;;		_LCD_Init
   184 ;;		_LCD_gotoXY
   185 ;;		_putrsXLCD
   186 ;; This function is called by:
   187 ;;		Startup code after reset
   188 ;; This function uses a non-reentrant model
   189 ;;
   190                           
   191                           	psect	text0
   192  00090C                     __ptext0:
   193                           	opt callstack 0
   194  00090C                     _main:
   195                           	opt callstack 27
   196  00090C                     
   197                           ;Programa_principal.c: 21:     LCD_Init();
   198  00090C  EC95  F005         	call	_LCD_Init	;wreg free
   199                           
   200                           ;Programa_principal.c: 22:     LCD_gotoXY(0,0);
   201  000910  0E00               	movlw	0
   202  000912  6E03               	movwf	(LCD_gotoXY@x+1)^0,c
   203  000914  0E00               	movlw	0
   204  000916  6E02               	movwf	LCD_gotoXY@x^0,c
   205  000918  0E00               	movlw	0
   206  00091A  6E05               	movwf	(LCD_gotoXY@y+1)^0,c
   207  00091C  0E00               	movlw	0
   208  00091E  6E04               	movwf	LCD_gotoXY@y^0,c
   209  000920  EC7D  F005         	call	_LCD_gotoXY	;wreg free
   210  000924                     
   211                           ;Programa_principal.c: 23:     putrsXLCD("**POKEMON GO!**");
   212  000924  0E11               	movlw	low STR_1
   213  000926  6E02               	movwf	putrsXLCD@buffer^0,c
   214  000928  0E08               	movlw	high STR_1
   215  00092A  6E03               	movwf	(putrsXLCD@buffer+1)^0,c
   216  00092C  EC16  F005         	call	_putrsXLCD	;wreg free
   217  000930                     
   218                           ;Programa_principal.c: 24:     _delay((unsigned long)((200)*(20000000L/4000.0)));
   219  000930  0E06               	movlw	6
   220  000932  6E07               	movwf	(??_main+1)^0,c
   221  000934  0E13               	movlw	19
   222  000936  6E06               	movwf	??_main^0,c
   223  000938  0EAE               	movlw	174
   224  00093A                     u237:
   225  00093A  2EE8               	decfsz	wreg,f,c
   226  00093C  D7FE               	bra	u237
   227  00093E  2E06               	decfsz	??_main^0,f,c
   228  000940  D7FC               	bra	u237
   229  000942  2E07               	decfsz	(??_main+1)^0,f,c
   230  000944  D7FA               	bra	u237
   231  000946                     
   232                           ;Programa_principal.c: 25:     LCD_gotoXY(1,0);
   233  000946  0E00               	movlw	0
   234  000948  6E03               	movwf	(LCD_gotoXY@x+1)^0,c
   235  00094A  0E01               	movlw	1
   236  00094C  6E02               	movwf	LCD_gotoXY@x^0,c
   237  00094E  0E00               	movlw	0
   238  000950  6E05               	movwf	(LCD_gotoXY@y+1)^0,c
   239  000952  0E00               	movlw	0
   240  000954  6E04               	movwf	LCD_gotoXY@y^0,c
   241  000956  EC7D  F005         	call	_LCD_gotoXY	;wreg free
   242  00095A                     
   243                           ;Programa_principal.c: 26:     putrsXLCD("Presiona Start!");
   244  00095A  0E01               	movlw	low STR_2
   245  00095C  6E02               	movwf	putrsXLCD@buffer^0,c
   246  00095E  0E08               	movlw	high STR_2
   247  000960  6E03               	movwf	(putrsXLCD@buffer+1)^0,c
   248  000962  EC16  F005         	call	_putrsXLCD	;wreg free
   249                           
   250                           ;Programa_principal.c: 27:     _delay((unsigned long)((200)*(20000000L/4000.0)));
   251  000966  0E06               	movlw	6
   252  000968  6E07               	movwf	(??_main+1)^0,c
   253  00096A  0E13               	movlw	19
   254  00096C  6E06               	movwf	??_main^0,c
   255  00096E  0EAE               	movlw	174
   256  000970                     u247:
   257  000970  2EE8               	decfsz	wreg,f,c
   258  000972  D7FE               	bra	u247
   259  000974  2E06               	decfsz	??_main^0,f,c
   260  000976  D7FC               	bra	u247
   261  000978  2E07               	decfsz	(??_main+1)^0,f,c
   262  00097A  D7FA               	bra	u247
   263  00097C  EF00  F000         	goto	start
   264  000980                     __end_of_main:
   265                           	opt callstack 0
   266                           
   267 ;; *************** function _putrsXLCD *****************
   268 ;; Defined at:
   269 ;;		line 138 in file "../../../Downloads/PIC18F4550-TUTORIAL-master/LCD.X/LCD_libreria.c"
   270 ;; Parameters:    Size  Location     Type
   271 ;;  buffer          2    1[COMRAM] PTR const unsigned char 
   272 ;;		 -> STR_2(16), STR_1(16), 
   273 ;; Auto vars:     Size  Location     Type
   274 ;;		None
   275 ;; Return value:  Size  Location     Type
   276 ;;                  1    wreg      void 
   277 ;; Registers used:
   278 ;;		wreg, status,2, status,0, tblptrl, tblptrh, tblptru, cstack
   279 ;; Tracked objects:
   280 ;;		On entry : 0/0
   281 ;;		On exit  : 0/0
   282 ;;		Unchanged: 0/0
   283 ;; Data sizes:     COMRAM   BANK0   BANK1   BANK2   BANK3   BANK4   BANK5   BANK6   BANK7
   284 ;;      Params:         2       0       0       0       0       0       0       0       0
   285 ;;      Locals:         0       0       0       0       0       0       0       0       0
   286 ;;      Temps:          0       0       0       0       0       0       0       0       0
   287 ;;      Totals:         2       0       0       0       0       0       0       0       0
   288 ;;Total ram usage:        2 bytes
   289 ;; Hardware stack levels used:    1
   290 ;; Hardware stack levels required when called:    3
   291 ;; This function calls:
   292 ;;		_BusyXLCD
   293 ;;		_WriteDataXLCD
   294 ;; This function is called by:
   295 ;;		_main
   296 ;; This function uses a non-reentrant model
   297 ;;
   298                           
   299                           	psect	text1
   300  000A2C                     __ptext1:
   301                           	opt callstack 0
   302  000A2C                     _putrsXLCD:
   303                           	opt callstack 27
   304  000A2C                     
   305                           ;../../../Downloads/PIC18F4550-TUTORIAL-master/LCD.X/LCD_libreria.c: 138: void putrsXLCD
      +                          (const char *buffer);../../../Downloads/PIC18F4550-TUTORIAL-master/LCD.X/LCD_libreria.c:
      +                           139: {;../../../Downloads/PIC18F4550-TUTORIAL-master/LCD.X/LCD_libreria.c: 140:        
      +                           while(*buffer)
   306  000A2C  EF2C  F005         	goto	l1143
   307  000A30                     l1137:
   308  000A30  EC3B  F005         	call	_BusyXLCD	;wreg free
   309  000A34  0900               	iorlw	0
   310  000A36  A4D8               	btfss	status,2,c
   311  000A38  EF20  F005         	goto	u211
   312  000A3C  EF22  F005         	goto	u210
   313  000A40                     u211:
   314  000A40  EF18  F005         	goto	l1137
   315  000A44                     u210:
   316  000A44                     
   317                           ;../../../Downloads/PIC18F4550-TUTORIAL-master/LCD.X/LCD_libreria.c: 143:               
      +                            WriteDataXLCD(*buffer);
   318  000A44  C002  FFF6         	movff	putrsXLCD@buffer,tblptrl
   319  000A48  C003  FFF7         	movff	putrsXLCD@buffer+1,tblptrh
   320  000A4C                     	if	0	;tblptru may be non-zero
   321  000A4C                     	endif
   322  000A4C                     	if	0	;tblptru may be non-zero
   323  000A4C                     	endif
   324  000A4C  0008               	tblrd		*
   325  000A4E  50F5               	movf	tablat,w,c
   326  000A50  ECED  F004         	call	_WriteDataXLCD
   327  000A54                     
   328                           ;../../../Downloads/PIC18F4550-TUTORIAL-master/LCD.X/LCD_libreria.c: 144:               
      +                            buffer++;
   329  000A54  4A02               	infsnz	putrsXLCD@buffer^0,f,c
   330  000A56  2A03               	incf	(putrsXLCD@buffer+1)^0,f,c
   331  000A58                     l1143:
   332                           
   333                           ;../../../Downloads/PIC18F4550-TUTORIAL-master/LCD.X/LCD_libreria.c: 140:         while(
      +                          *buffer)
   334  000A58  C002  FFF6         	movff	putrsXLCD@buffer,tblptrl
   335  000A5C  C003  FFF7         	movff	putrsXLCD@buffer+1,tblptrh
   336  000A60                     	if	0	;tblptru may be non-zero
   337  000A60                     	endif
   338  000A60                     	if	0	;tblptru may be non-zero
   339  000A60                     	endif
   340  000A60  0008               	tblrd		*
   341  000A62  50F5               	movf	tablat,w,c
   342  000A64  0900               	iorlw	0
   343  000A66  A4D8               	btfss	status,2,c
   344  000A68  EF38  F005         	goto	u221
   345  000A6C  EF3A  F005         	goto	u220
   346  000A70                     u221:
   347  000A70  EF18  F005         	goto	l1137
   348  000A74                     u220:
   349  000A74  0012               	return		;funcret
   350  000A76                     __end_of_putrsXLCD:
   351                           	opt callstack 0
   352                           
   353 ;; *************** function _WriteDataXLCD *****************
   354 ;; Defined at:
   355 ;;		line 395 in file "../../../Downloads/PIC18F4550-TUTORIAL-master/LCD.X/LCD_libreria.c"
   356 ;; Parameters:    Size  Location     Type
   357 ;;  data            1    wreg     unsigned char 
   358 ;; Auto vars:     Size  Location     Type
   359 ;;  data            1    0[COMRAM] unsigned char 
   360 ;; Return value:  Size  Location     Type
   361 ;;                  1    wreg      void 
   362 ;; Registers used:
   363 ;;		wreg, status,2, status,0, cstack
   364 ;; Tracked objects:
   365 ;;		On entry : 0/0
   366 ;;		On exit  : 0/0
   367 ;;		Unchanged: 0/0
   368 ;; Data sizes:     COMRAM   BANK0   BANK1   BANK2   BANK3   BANK4   BANK5   BANK6   BANK7
   369 ;;      Params:         0       0       0       0       0       0       0       0       0
   370 ;;      Locals:         1       0       0       0       0       0       0       0       0
   371 ;;      Temps:          0       0       0       0       0       0       0       0       0
   372 ;;      Totals:         1       0       0       0       0       0       0       0       0
   373 ;;Total ram usage:        1 bytes
   374 ;; Hardware stack levels used:    1
   375 ;; Hardware stack levels required when called:    2
   376 ;; This function calls:
   377 ;;		_BusyXLCD
   378 ;;		_DelayFor18TCY
   379 ;; This function is called by:
   380 ;;		_putrsXLCD
   381 ;;		_LCD_WriteChr_CGRAM
   382 ;;		_putsXLCD
   383 ;; This function uses a non-reentrant model
   384 ;;
   385                           
   386                           	psect	text2
   387  0009DA                     __ptext2:
   388                           	opt callstack 0
   389  0009DA                     _WriteDataXLCD:
   390                           	opt callstack 27
   391                           
   392                           ;incstack = 0
   393                           ;WriteDataXLCD@data stored from wreg
   394  0009DA  6E01               	movwf	WriteDataXLCD@data^0,c
   395  0009DC                     l957:
   396  0009DC  EC3B  F005         	call	_BusyXLCD	;wreg free
   397  0009E0  0900               	iorlw	0
   398  0009E2  A4D8               	btfss	status,2,c
   399  0009E4  EFF6  F004         	goto	u101
   400  0009E8  EFF8  F004         	goto	u100
   401  0009EC                     u101:
   402  0009EC  EFEE  F004         	goto	l957
   403  0009F0                     u100:
   404  0009F0                     
   405                           ;../../../Downloads/PIC18F4550-TUTORIAL-master/LCD.X/LCD_libreria.c: 415:         TRISD 
      +                          &= 0xf0;
   406  0009F0  0EF0               	movlw	240
   407  0009F2  1695               	andwf	149,f,c	;volatile
   408                           
   409                           ;../../../Downloads/PIC18F4550-TUTORIAL-master/LCD.X/LCD_libreria.c: 416:         PORTD 
      +                          &= 0xf0;
   410  0009F4  0EF0               	movlw	240
   411  0009F6  1683               	andwf	131,f,c	;volatile
   412                           
   413                           ;../../../Downloads/PIC18F4550-TUTORIAL-master/LCD.X/LCD_libreria.c: 417:         PORTD 
      +                          |= ((data>>4)&0x0f);
   414  0009F8  3801               	swapf	WriteDataXLCD@data^0,w,c
   415  0009FA  0B0F               	andlw	15
   416  0009FC  0B0F               	andlw	15
   417  0009FE  1283               	iorwf	131,f,c	;volatile
   418  000A00                     
   419                           ;../../../Downloads/PIC18F4550-TUTORIAL-master/LCD.X/LCD_libreria.c: 419:         LATDbi
      +                          ts.LATD5 = 1;
   420  000A00  8A8C               	bsf	140,5,c	;volatile
   421  000A02                     
   422                           ;../../../Downloads/PIC18F4550-TUTORIAL-master/LCD.X/LCD_libreria.c: 420:         LATDbi
      +                          ts.LATD6 = 0;
   423  000A02  9C8C               	bcf	140,6,c	;volatile
   424  000A04                     
   425                           ;../../../Downloads/PIC18F4550-TUTORIAL-master/LCD.X/LCD_libreria.c: 421:         DelayF
      +                          or18TCY();
   426  000A04  ECA9  F005         	call	_DelayFor18TCY	;wreg free
   427  000A08                     
   428                           ;../../../Downloads/PIC18F4550-TUTORIAL-master/LCD.X/LCD_libreria.c: 422:         LATDbi
      +                          ts.LATD4 = 1;
   429  000A08  888C               	bsf	140,4,c	;volatile
   430  000A0A                     
   431                           ;../../../Downloads/PIC18F4550-TUTORIAL-master/LCD.X/LCD_libreria.c: 423:         DelayF
      +                          or18TCY();
   432  000A0A  ECA9  F005         	call	_DelayFor18TCY	;wreg free
   433  000A0E                     
   434                           ;../../../Downloads/PIC18F4550-TUTORIAL-master/LCD.X/LCD_libreria.c: 424:         LATDbi
      +                          ts.LATD4 = 0;
   435  000A0E  988C               	bcf	140,4,c	;volatile
   436                           
   437                           ;../../../Downloads/PIC18F4550-TUTORIAL-master/LCD.X/LCD_libreria.c: 429:         PORTD 
      +                          &= 0xf0;
   438  000A10  0EF0               	movlw	240
   439  000A12  1683               	andwf	131,f,c	;volatile
   440                           
   441                           ;../../../Downloads/PIC18F4550-TUTORIAL-master/LCD.X/LCD_libreria.c: 430:         PORTD 
      +                          |= (data&0x0f);
   442  000A14  5001               	movf	WriteDataXLCD@data^0,w,c
   443  000A16  0B0F               	andlw	15
   444  000A18  1283               	iorwf	131,f,c	;volatile
   445  000A1A                     
   446                           ;../../../Downloads/PIC18F4550-TUTORIAL-master/LCD.X/LCD_libreria.c: 432:         DelayF
      +                          or18TCY();
   447  000A1A  ECA9  F005         	call	_DelayFor18TCY	;wreg free
   448  000A1E                     
   449                           ;../../../Downloads/PIC18F4550-TUTORIAL-master/LCD.X/LCD_libreria.c: 433:         LATDbi
      +                          ts.LATD4 = 1;
   450  000A1E  888C               	bsf	140,4,c	;volatile
   451  000A20                     
   452                           ;../../../Downloads/PIC18F4550-TUTORIAL-master/LCD.X/LCD_libreria.c: 434:         DelayF
      +                          or18TCY();
   453  000A20  ECA9  F005         	call	_DelayFor18TCY	;wreg free
   454  000A24                     
   455                           ;../../../Downloads/PIC18F4550-TUTORIAL-master/LCD.X/LCD_libreria.c: 435:         LATDbi
      +                          ts.LATD4 = 0;
   456  000A24  988C               	bcf	140,4,c	;volatile
   457                           
   458                           ;../../../Downloads/PIC18F4550-TUTORIAL-master/LCD.X/LCD_libreria.c: 439:         TRISD 
      +                          |= 0x0f;
   459  000A26  0E0F               	movlw	15
   460  000A28  1295               	iorwf	149,f,c	;volatile
   461  000A2A  0012               	return		;funcret
   462  000A2C                     __end_of_WriteDataXLCD:
   463                           	opt callstack 0
   464                           
   465 ;; *************** function _LCD_gotoXY *****************
   466 ;; Defined at:
   467 ;;		line 55 in file "../../../Downloads/PIC18F4550-TUTORIAL-master/LCD.X/LCD_libreria.c"
   468 ;; Parameters:    Size  Location     Type
   469 ;;  x               2    1[COMRAM] int 
   470 ;;  y               2    3[COMRAM] int 
   471 ;; Auto vars:     Size  Location     Type
   472 ;;		None
   473 ;; Return value:  Size  Location     Type
   474 ;;                  1    wreg      void 
   475 ;; Registers used:
   476 ;;		wreg, status,2, status,0, cstack
   477 ;; Tracked objects:
   478 ;;		On entry : 0/0
   479 ;;		On exit  : 0/0
   480 ;;		Unchanged: 0/0
   481 ;; Data sizes:     COMRAM   BANK0   BANK1   BANK2   BANK3   BANK4   BANK5   BANK6   BANK7
   482 ;;      Params:         4       0       0       0       0       0       0       0       0
   483 ;;      Locals:         0       0       0       0       0       0       0       0       0
   484 ;;      Temps:          0       0       0       0       0       0       0       0       0
   485 ;;      Totals:         4       0       0       0       0       0       0       0       0
   486 ;;Total ram usage:        4 bytes
   487 ;; Hardware stack levels used:    1
   488 ;; Hardware stack levels required when called:    2
   489 ;; This function calls:
   490 ;;		_WriteCmdXLCD
   491 ;; This function is called by:
   492 ;;		_main
   493 ;; This function uses a non-reentrant model
   494 ;;
   495                           
   496                           	psect	text3
   497  000AFA                     __ptext3:
   498                           	opt callstack 0
   499  000AFA                     _LCD_gotoXY:
   500                           	opt callstack 28
   501  000AFA                     
   502                           ;../../../Downloads/PIC18F4550-TUTORIAL-master/LCD.X/LCD_libreria.c: 55: void LCD_gotoXY
      +                          (int x,int y);../../../Downloads/PIC18F4550-TUTORIAL-master/LCD.X/LCD_libreria.c: 56: {;
      +                          ../../../Downloads/PIC18F4550-TUTORIAL-master/LCD.X/LCD_libreria.c: 57:     if ( x>0 ){W
      +                          riteCmdXLCD(0b11000000 +y);}
   503  000AFA  BE03               	btfsc	(LCD_gotoXY@x+1)^0,7,c
   504  000AFC  EF88  F005         	goto	u201
   505  000B00  5003               	movf	(LCD_gotoXY@x+1)^0,w,c
   506  000B02  E108               	bnz	u200
   507  000B04  0402               	decf	LCD_gotoXY@x^0,w,c
   508  000B06  A0D8               	btfss	status,0,c
   509  000B08  EF88  F005         	goto	u201
   510  000B0C  EF8A  F005         	goto	u200
   511  000B10                     u201:
   512  000B10  EF90  F005         	goto	l1131
   513  000B14                     u200:
   514  000B14  5004               	movf	LCD_gotoXY@y^0,w,c
   515  000B16  0FC0               	addlw	192
   516  000B18  EC5E  F005         	call	_WriteCmdXLCD
   517  000B1C  EF94  F005         	goto	l59
   518  000B20                     l1131:
   519  000B20  5004               	movf	LCD_gotoXY@y^0,w,c
   520  000B22  0F80               	addlw	128
   521  000B24  EC5E  F005         	call	_WriteCmdXLCD
   522  000B28                     l59:
   523  000B28  0012               	return		;funcret
   524  000B2A                     __end_of_LCD_gotoXY:
   525                           	opt callstack 0
   526                           
   527 ;; *************** function _LCD_Init *****************
   528 ;; Defined at:
   529 ;;		line 13 in file "Programa_principal.c"
   530 ;; Parameters:    Size  Location     Type
   531 ;;		None
   532 ;; Auto vars:     Size  Location     Type
   533 ;;		None
   534 ;; Return value:  Size  Location     Type
   535 ;;                  1    wreg      void 
   536 ;; Registers used:
   537 ;;		wreg, status,2, status,0, cstack
   538 ;; Tracked objects:
   539 ;;		On entry : 0/0
   540 ;;		On exit  : 0/0
   541 ;;		Unchanged: 0/0
   542 ;; Data sizes:     COMRAM   BANK0   BANK1   BANK2   BANK3   BANK4   BANK5   BANK6   BANK7
   543 ;;      Params:         0       0       0       0       0       0       0       0       0
   544 ;;      Locals:         0       0       0       0       0       0       0       0       0
   545 ;;      Temps:          0       0       0       0       0       0       0       0       0
   546 ;;      Totals:         0       0       0       0       0       0       0       0       0
   547 ;;Total ram usage:        0 bytes
   548 ;; Hardware stack levels used:    1
   549 ;; Hardware stack levels required when called:    3
   550 ;; This function calls:
   551 ;;		_BusyXLCD
   552 ;;		_OpenXLCD
   553 ;;		_WriteCmdXLCD
   554 ;; This function is called by:
   555 ;;		_main
   556 ;; This function uses a non-reentrant model
   557 ;;
   558                           
   559                           	psect	text4
   560  000B2A                     __ptext4:
   561                           	opt callstack 0
   562  000B2A                     _LCD_Init:
   563                           	opt callstack 27
   564  000B2A                     
   565                           ;Programa_principal.c: 14:     OpenXLCD(0b00101100 & 0b00111000);
   566  000B2A  0E28               	movlw	40
   567  000B2C  EC11  F004         	call	_OpenXLCD
   568  000B30                     l985:
   569  000B30  EC3B  F005         	call	_BusyXLCD	;wreg free
   570  000B34  0900               	iorlw	0
   571  000B36  A4D8               	btfss	status,2,c
   572  000B38  EFA0  F005         	goto	u111
   573  000B3C  EFA2  F005         	goto	u110
   574  000B40                     u111:
   575  000B40  EF98  F005         	goto	l985
   576  000B44                     u110:
   577  000B44                     
   578                           ;Programa_principal.c: 16:     WriteCmdXLCD(0x06);
   579  000B44  0E06               	movlw	6
   580  000B46  EC5E  F005         	call	_WriteCmdXLCD
   581                           
   582                           ;Programa_principal.c: 17:     WriteCmdXLCD(0x0C);
   583  000B4A  0E0C               	movlw	12
   584  000B4C  EC5E  F005         	call	_WriteCmdXLCD
   585  000B50  0012               	return		;funcret
   586  000B52                     __end_of_LCD_Init:
   587                           	opt callstack 0
   588                           
   589 ;; *************** function _OpenXLCD *****************
   590 ;; Defined at:
   591 ;;		line 74 in file "../../../Downloads/PIC18F4550-TUTORIAL-master/LCD.X/LCD_libreria.c"
   592 ;; Parameters:    Size  Location     Type
   593 ;;  lcdtype         1    wreg     unsigned char 
   594 ;; Auto vars:     Size  Location     Type
   595 ;;  lcdtype         1    4[COMRAM] unsigned char 
   596 ;; Return value:  Size  Location     Type
   597 ;;                  1    wreg      void 
   598 ;; Registers used:
   599 ;;		wreg, status,2, status,0, cstack
   600 ;; Tracked objects:
   601 ;;		On entry : 0/0
   602 ;;		On exit  : 0/0
   603 ;;		Unchanged: 0/0
   604 ;; Data sizes:     COMRAM   BANK0   BANK1   BANK2   BANK3   BANK4   BANK5   BANK6   BANK7
   605 ;;      Params:         0       0       0       0       0       0       0       0       0
   606 ;;      Locals:         1       0       0       0       0       0       0       0       0
   607 ;;      Temps:          0       0       0       0       0       0       0       0       0
   608 ;;      Totals:         1       0       0       0       0       0       0       0       0
   609 ;;Total ram usage:        1 bytes
   610 ;; Hardware stack levels used:    1
   611 ;; Hardware stack levels required when called:    2
   612 ;; This function calls:
   613 ;;		_BusyXLCD
   614 ;;		_DelayPORXLCD
   615 ;;		_SetDDRamAddr
   616 ;;		_WriteCmdXLCD
   617 ;; This function is called by:
   618 ;;		_LCD_Init
   619 ;; This function uses a non-reentrant model
   620 ;;
   621                           
   622                           	psect	text5
   623  000822                     __ptext5:
   624                           	opt callstack 0
   625  000822                     _OpenXLCD:
   626                           	opt callstack 27
   627                           
   628                           ;incstack = 0
   629                           ;OpenXLCD@lcdtype stored from wreg
   630  000822  6E05               	movwf	OpenXLCD@lcdtype^0,c
   631  000824                     
   632                           ;../../../Downloads/PIC18F4550-TUTORIAL-master/LCD.X/LCD_libreria.c: 74: void OpenXLCD(u
      +                          nsigned char lcdtype);../../../Downloads/PIC18F4550-TUTORIAL-master/LCD.X/LCD_libreria.c
      +                          : 75: {;../../../Downloads/PIC18F4550-TUTORIAL-master/LCD.X/LCD_libreria.c: 86:         
      +                          PORTD &= 0xf0;
   633  000824  0EF0               	movlw	240
   634  000826  1683               	andwf	131,f,c	;volatile
   635                           
   636                           ;../../../Downloads/PIC18F4550-TUTORIAL-master/LCD.X/LCD_libreria.c: 87:         TRISD &
      +                          = 0xF0;
   637  000828  0EF0               	movlw	240
   638  00082A  1695               	andwf	149,f,c	;volatile
   639  00082C                     
   640                           ;../../../Downloads/PIC18F4550-TUTORIAL-master/LCD.X/LCD_libreria.c: 90:         TRISDbi
      +                          ts.TRISD6 = 0;
   641  00082C  9C95               	bcf	149,6,c	;volatile
   642  00082E                     
   643                           ;../../../Downloads/PIC18F4550-TUTORIAL-master/LCD.X/LCD_libreria.c: 91:         TRISDbi
      +                          ts.TRISD5 = 0;
   644  00082E  9A95               	bcf	149,5,c	;volatile
   645  000830                     
   646                           ;../../../Downloads/PIC18F4550-TUTORIAL-master/LCD.X/LCD_libreria.c: 92:         TRISDbi
      +                          ts.TRISD4 = 0;
   647  000830  9895               	bcf	149,4,c	;volatile
   648  000832                     
   649                           ;../../../Downloads/PIC18F4550-TUTORIAL-master/LCD.X/LCD_libreria.c: 93:         LATDbit
      +                          s.LATD6 = 0;
   650  000832  9C8C               	bcf	140,6,c	;volatile
   651  000834                     
   652                           ;../../../Downloads/PIC18F4550-TUTORIAL-master/LCD.X/LCD_libreria.c: 94:         LATDbit
      +                          s.LATD5 = 0;
   653  000834  9A8C               	bcf	140,5,c	;volatile
   654  000836                     
   655                           ;../../../Downloads/PIC18F4550-TUTORIAL-master/LCD.X/LCD_libreria.c: 95:         LATDbit
      +                          s.LATD4 = 0;
   656  000836  988C               	bcf	140,4,c	;volatile
   657  000838                     
   658                           ;../../../Downloads/PIC18F4550-TUTORIAL-master/LCD.X/LCD_libreria.c: 98:         DelayPO
      +                          RXLCD();
   659  000838  ECB6  F005         	call	_DelayPORXLCD	;wreg free
   660  00083C                     
   661                           ;../../../Downloads/PIC18F4550-TUTORIAL-master/LCD.X/LCD_libreria.c: 100:    WriteCmdXLC
      +                          D(0x30);
   662  00083C  0E30               	movlw	48
   663  00083E  EC5E  F005         	call	_WriteCmdXLCD
   664  000842                     
   665                           ;../../../Downloads/PIC18F4550-TUTORIAL-master/LCD.X/LCD_libreria.c: 101:          _dela
      +                          y((unsigned long)((1)*(20000000L/4000000.0)));
   666  000842  D000               	nop2		;2 cycle nop
   667  000844  D000               	nop2		;2 cycle nop
   668  000846  F000               	nop	
   669  000848                     
   670                           ;../../../Downloads/PIC18F4550-TUTORIAL-master/LCD.X/LCD_libreria.c: 103:    WriteCmdXLC
      +                          D(0x30);
   671  000848  0E30               	movlw	48
   672  00084A  EC5E  F005         	call	_WriteCmdXLCD
   673  00084E                     
   674                           ;../../../Downloads/PIC18F4550-TUTORIAL-master/LCD.X/LCD_libreria.c: 104:    _delay((uns
      +                          igned long)((1)*(20000000L/4000000.0)));
   675  00084E  D000               	nop2		;2 cycle nop
   676  000850  D000               	nop2		;2 cycle nop
   677  000852  F000               	nop	
   678  000854                     
   679                           ;../../../Downloads/PIC18F4550-TUTORIAL-master/LCD.X/LCD_libreria.c: 107:    WriteCmdXLC
      +                          D(0x32);
   680  000854  0E32               	movlw	50
   681  000856  EC5E  F005         	call	_WriteCmdXLCD
   682  00085A                     l927:
   683  00085A  EC3B  F005         	call	_BusyXLCD	;wreg free
   684  00085E  0900               	iorlw	0
   685  000860  A4D8               	btfss	status,2,c
   686  000862  EF35  F004         	goto	u31
   687  000866  EF37  F004         	goto	u30
   688  00086A                     u31:
   689  00086A  EF2D  F004         	goto	l927
   690  00086E                     u30:
   691  00086E                     l929:
   692  00086E  EC3B  F005         	call	_BusyXLCD	;wreg free
   693  000872  0900               	iorlw	0
   694  000874  A4D8               	btfss	status,2,c
   695  000876  EF3F  F004         	goto	u41
   696  00087A  EF41  F004         	goto	u40
   697  00087E                     u41:
   698  00087E  EF37  F004         	goto	l929
   699  000882                     u40:
   700  000882                     
   701                           ;../../../Downloads/PIC18F4550-TUTORIAL-master/LCD.X/LCD_libreria.c: 114:         WriteC
      +                          mdXLCD(lcdtype);
   702  000882  5005               	movf	OpenXLCD@lcdtype^0,w,c
   703  000884  EC5E  F005         	call	_WriteCmdXLCD
   704  000888                     l933:
   705  000888  EC3B  F005         	call	_BusyXLCD	;wreg free
   706  00088C  0900               	iorlw	0
   707  00088E  A4D8               	btfss	status,2,c
   708  000890  EF4C  F004         	goto	u51
   709  000894  EF4E  F004         	goto	u50
   710  000898                     u51:
   711  000898  EF44  F004         	goto	l933
   712  00089C                     u50:
   713  00089C                     
   714                           ;../../../Downloads/PIC18F4550-TUTORIAL-master/LCD.X/LCD_libreria.c: 118:         WriteC
      +                          mdXLCD(0b00001011&0b00001101&0b00001110);
   715  00089C  0E08               	movlw	8
   716  00089E  EC5E  F005         	call	_WriteCmdXLCD
   717  0008A2                     l937:
   718  0008A2  EC3B  F005         	call	_BusyXLCD	;wreg free
   719  0008A6  0900               	iorlw	0
   720  0008A8  A4D8               	btfss	status,2,c
   721  0008AA  EF59  F004         	goto	u61
   722  0008AE  EF5B  F004         	goto	u60
   723  0008B2                     u61:
   724  0008B2  EF51  F004         	goto	l937
   725  0008B6                     u60:
   726  0008B6                     
   727                           ;../../../Downloads/PIC18F4550-TUTORIAL-master/LCD.X/LCD_libreria.c: 120:         WriteC
      +                          mdXLCD(0b00001111&0b00001111&0b00001111);
   728  0008B6  0E0F               	movlw	15
   729  0008B8  EC5E  F005         	call	_WriteCmdXLCD
   730  0008BC                     l941:
   731  0008BC  EC3B  F005         	call	_BusyXLCD	;wreg free
   732  0008C0  0900               	iorlw	0
   733  0008C2  A4D8               	btfss	status,2,c
   734  0008C4  EF66  F004         	goto	u71
   735  0008C8  EF68  F004         	goto	u70
   736  0008CC                     u71:
   737  0008CC  EF5E  F004         	goto	l941
   738  0008D0                     u70:
   739  0008D0                     
   740                           ;../../../Downloads/PIC18F4550-TUTORIAL-master/LCD.X/LCD_libreria.c: 124:         WriteC
      +                          mdXLCD(0x01);
   741  0008D0  0E01               	movlw	1
   742  0008D2  EC5E  F005         	call	_WriteCmdXLCD
   743  0008D6                     l945:
   744  0008D6  EC3B  F005         	call	_BusyXLCD	;wreg free
   745  0008DA  0900               	iorlw	0
   746  0008DC  A4D8               	btfss	status,2,c
   747  0008DE  EF73  F004         	goto	u81
   748  0008E2  EF75  F004         	goto	u80
   749  0008E6                     u81:
   750  0008E6  EF6B  F004         	goto	l945
   751  0008EA                     u80:
   752  0008EA                     
   753                           ;../../../Downloads/PIC18F4550-TUTORIAL-master/LCD.X/LCD_libreria.c: 128:         WriteC
      +                          mdXLCD(0b00000100);
   754  0008EA  0E04               	movlw	4
   755  0008EC  EC5E  F005         	call	_WriteCmdXLCD
   756  0008F0                     l949:
   757  0008F0  EC3B  F005         	call	_BusyXLCD	;wreg free
   758  0008F4  0900               	iorlw	0
   759  0008F6  A4D8               	btfss	status,2,c
   760  0008F8  EF80  F004         	goto	u91
   761  0008FC  EF82  F004         	goto	u90
   762  000900                     u91:
   763  000900  EF78  F004         	goto	l949
   764  000904                     u90:
   765  000904                     
   766                           ;../../../Downloads/PIC18F4550-TUTORIAL-master/LCD.X/LCD_libreria.c: 132:         SetDDR
      +                          amAddr(0x80);
   767  000904  0E80               	movlw	128
   768  000906  ECC0  F004         	call	_SetDDRamAddr
   769  00090A  0012               	return		;funcret
   770  00090C                     __end_of_OpenXLCD:
   771                           	opt callstack 0
   772                           
   773 ;; *************** function _WriteCmdXLCD *****************
   774 ;; Defined at:
   775 ;;		line 162 in file "../../../Downloads/PIC18F4550-TUTORIAL-master/LCD.X/LCD_libreria.c"
   776 ;; Parameters:    Size  Location     Type
   777 ;;  cmd             1    wreg     unsigned char 
   778 ;; Auto vars:     Size  Location     Type
   779 ;;  cmd             1    0[COMRAM] unsigned char 
   780 ;; Return value:  Size  Location     Type
   781 ;;                  1    wreg      void 
   782 ;; Registers used:
   783 ;;		wreg, status,2, status,0, cstack
   784 ;; Tracked objects:
   785 ;;		On entry : 0/0
   786 ;;		On exit  : 0/0
   787 ;;		Unchanged: 0/0
   788 ;; Data sizes:     COMRAM   BANK0   BANK1   BANK2   BANK3   BANK4   BANK5   BANK6   BANK7
   789 ;;      Params:         0       0       0       0       0       0       0       0       0
   790 ;;      Locals:         1       0       0       0       0       0       0       0       0
   791 ;;      Temps:          0       0       0       0       0       0       0       0       0
   792 ;;      Totals:         1       0       0       0       0       0       0       0       0
   793 ;;Total ram usage:        1 bytes
   794 ;; Hardware stack levels used:    1
   795 ;; Hardware stack levels required when called:    1
   796 ;; This function calls:
   797 ;;		_DelayFor18TCY
   798 ;; This function is called by:
   799 ;;		_LCD_Init
   800 ;;		_LCD_gotoXY
   801 ;;		_OpenXLCD
   802 ;; This function uses a non-reentrant model
   803 ;;
   804                           
   805                           	psect	text6
   806  000ABC                     __ptext6:
   807                           	opt callstack 0
   808  000ABC                     _WriteCmdXLCD:
   809                           	opt callstack 28
   810                           
   811                           ;incstack = 0
   812                           ;WriteCmdXLCD@cmd stored from wreg
   813  000ABC  6E01               	movwf	WriteCmdXLCD@cmd^0,c
   814  000ABE                     
   815                           ;../../../Downloads/PIC18F4550-TUTORIAL-master/LCD.X/LCD_libreria.c: 162: void WriteCmdX
      +                          LCD(unsigned char cmd);../../../Downloads/PIC18F4550-TUTORIAL-master/LCD.X/LCD_libreria.
      +                          c: 163: {;../../../Downloads/PIC18F4550-TUTORIAL-master/LCD.X/LCD_libreria.c: 181:      
      +                             TRISD &= 0xf0;
   816  000ABE  0EF0               	movlw	240
   817  000AC0  1695               	andwf	149,f,c	;volatile
   818                           
   819                           ;../../../Downloads/PIC18F4550-TUTORIAL-master/LCD.X/LCD_libreria.c: 182:         PORTD 
      +                          &= 0xf0;
   820  000AC2  0EF0               	movlw	240
   821  000AC4  1683               	andwf	131,f,c	;volatile
   822                           
   823                           ;../../../Downloads/PIC18F4550-TUTORIAL-master/LCD.X/LCD_libreria.c: 183:         PORTD 
      +                          |= (cmd>>4)&0x0f;
   824  000AC6  3801               	swapf	WriteCmdXLCD@cmd^0,w,c
   825  000AC8  0B0F               	andlw	15
   826  000ACA  0B0F               	andlw	15
   827  000ACC  1283               	iorwf	131,f,c	;volatile
   828  000ACE                     
   829                           ;../../../Downloads/PIC18F4550-TUTORIAL-master/LCD.X/LCD_libreria.c: 185:         LATDbi
      +                          ts.LATD6 = 0;
   830  000ACE  9C8C               	bcf	140,6,c	;volatile
   831  000AD0                     
   832                           ;../../../Downloads/PIC18F4550-TUTORIAL-master/LCD.X/LCD_libreria.c: 186:         LATDbi
      +                          ts.LATD5 = 0;
   833  000AD0  9A8C               	bcf	140,5,c	;volatile
   834  000AD2                     
   835                           ;../../../Downloads/PIC18F4550-TUTORIAL-master/LCD.X/LCD_libreria.c: 187:         DelayF
      +                          or18TCY();
   836  000AD2  ECA9  F005         	call	_DelayFor18TCY	;wreg free
   837  000AD6                     
   838                           ;../../../Downloads/PIC18F4550-TUTORIAL-master/LCD.X/LCD_libreria.c: 188:         LATDbi
      +                          ts.LATD4 = 1;
   839  000AD6  888C               	bsf	140,4,c	;volatile
   840  000AD8                     
   841                           ;../../../Downloads/PIC18F4550-TUTORIAL-master/LCD.X/LCD_libreria.c: 189:         DelayF
      +                          or18TCY();
   842  000AD8  ECA9  F005         	call	_DelayFor18TCY	;wreg free
   843  000ADC                     
   844                           ;../../../Downloads/PIC18F4550-TUTORIAL-master/LCD.X/LCD_libreria.c: 190:         LATDbi
      +                          ts.LATD4 = 0;
   845  000ADC  988C               	bcf	140,4,c	;volatile
   846                           
   847                           ;../../../Downloads/PIC18F4550-TUTORIAL-master/LCD.X/LCD_libreria.c: 195:         PORTD 
      +                          &= 0xf0;
   848  000ADE  0EF0               	movlw	240
   849  000AE0  1683               	andwf	131,f,c	;volatile
   850                           
   851                           ;../../../Downloads/PIC18F4550-TUTORIAL-master/LCD.X/LCD_libreria.c: 196:         PORTD 
      +                          |= cmd&0x0f;
   852  000AE2  5001               	movf	WriteCmdXLCD@cmd^0,w,c
   853  000AE4  0B0F               	andlw	15
   854  000AE6  1283               	iorwf	131,f,c	;volatile
   855  000AE8                     
   856                           ;../../../Downloads/PIC18F4550-TUTORIAL-master/LCD.X/LCD_libreria.c: 198:         DelayF
      +                          or18TCY();
   857  000AE8  ECA9  F005         	call	_DelayFor18TCY	;wreg free
   858  000AEC                     
   859                           ;../../../Downloads/PIC18F4550-TUTORIAL-master/LCD.X/LCD_libreria.c: 199:         LATDbi
      +                          ts.LATD4 = 1;
   860  000AEC  888C               	bsf	140,4,c	;volatile
   861  000AEE                     
   862                           ;../../../Downloads/PIC18F4550-TUTORIAL-master/LCD.X/LCD_libreria.c: 200:         DelayF
      +                          or18TCY();
   863  000AEE  ECA9  F005         	call	_DelayFor18TCY	;wreg free
   864  000AF2                     
   865                           ;../../../Downloads/PIC18F4550-TUTORIAL-master/LCD.X/LCD_libreria.c: 201:         LATDbi
      +                          ts.LATD4 = 0;
   866  000AF2  988C               	bcf	140,4,c	;volatile
   867                           
   868                           ;../../../Downloads/PIC18F4550-TUTORIAL-master/LCD.X/LCD_libreria.c: 205:         TRISD 
      +                          |= 0x0f;
   869  000AF4  0E0F               	movlw	15
   870  000AF6  1295               	iorwf	149,f,c	;volatile
   871  000AF8  0012               	return		;funcret
   872  000AFA                     __end_of_WriteCmdXLCD:
   873                           	opt callstack 0
   874                           
   875 ;; *************** function _SetDDRamAddr *****************
   876 ;; Defined at:
   877 ;;		line 303 in file "../../../Downloads/PIC18F4550-TUTORIAL-master/LCD.X/LCD_libreria.c"
   878 ;; Parameters:    Size  Location     Type
   879 ;;  DDaddr          1    wreg     unsigned char 
   880 ;; Auto vars:     Size  Location     Type
   881 ;;  DDaddr          1    3[COMRAM] unsigned char 
   882 ;; Return value:  Size  Location     Type
   883 ;;                  1    wreg      void 
   884 ;; Registers used:
   885 ;;		wreg, status,2, status,0, cstack
   886 ;; Tracked objects:
   887 ;;		On entry : 0/0
   888 ;;		On exit  : 0/0
   889 ;;		Unchanged: 0/0
   890 ;; Data sizes:     COMRAM   BANK0   BANK1   BANK2   BANK3   BANK4   BANK5   BANK6   BANK7
   891 ;;      Params:         0       0       0       0       0       0       0       0       0
   892 ;;      Locals:         1       0       0       0       0       0       0       0       0
   893 ;;      Temps:          3       0       0       0       0       0       0       0       0
   894 ;;      Totals:         4       0       0       0       0       0       0       0       0
   895 ;;Total ram usage:        4 bytes
   896 ;; Hardware stack levels used:    1
   897 ;; Hardware stack levels required when called:    1
   898 ;; This function calls:
   899 ;;		_DelayFor18TCY
   900 ;; This function is called by:
   901 ;;		_OpenXLCD
   902 ;; This function uses a non-reentrant model
   903 ;;
   904                           
   905                           	psect	text7
   906  000980                     __ptext7:
   907                           	opt callstack 0
   908  000980                     _SetDDRamAddr:
   909                           	opt callstack 27
   910                           
   911                           ;incstack = 0
   912                           ;SetDDRamAddr@DDaddr stored from wreg
   913  000980  6E04               	movwf	SetDDRamAddr@DDaddr^0,c
   914  000982                     
   915                           ;../../../Downloads/PIC18F4550-TUTORIAL-master/LCD.X/LCD_libreria.c: 303: void SetDDRamA
      +                          ddr(unsigned char DDaddr);../../../Downloads/PIC18F4550-TUTORIAL-master/LCD.X/LCD_librer
      +                          ia.c: 304: {;../../../Downloads/PIC18F4550-TUTORIAL-master/LCD.X/LCD_libreria.c: 322:   
      +                                TRISD &= 0xf0;
   916  000982  0EF0               	movlw	240
   917  000984  1695               	andwf	149,f,c	;volatile
   918                           
   919                           ;../../../Downloads/PIC18F4550-TUTORIAL-master/LCD.X/LCD_libreria.c: 323:         PORTD 
      +                          &= 0xf0;
   920  000986  0EF0               	movlw	240
   921  000988  1683               	andwf	131,f,c	;volatile
   922                           
   923                           ;../../../Downloads/PIC18F4550-TUTORIAL-master/LCD.X/LCD_libreria.c: 324:         PORTD 
      +                          |= (((DDaddr | 0b10000000)>>4) & 0x0f);
   924  00098A  5004               	movf	SetDDRamAddr@DDaddr^0,w,c
   925  00098C  6E01               	movwf	??_SetDDRamAddr^0,c
   926  00098E  6A02               	clrf	(??_SetDDRamAddr+1)^0,c
   927  000990  0E80               	movlw	128
   928  000992  1201               	iorwf	??_SetDDRamAddr^0,f,c
   929  000994  0E00               	movlw	0
   930  000996  1202               	iorwf	(??_SetDDRamAddr+1)^0,f,c
   931  000998  0E04               	movlw	4
   932  00099A  6E03               	movwf	(??_SetDDRamAddr+2)^0,c
   933  00099C                     u25:
   934  00099C  3402               	rlcf	(??_SetDDRamAddr+1)^0,w,c
   935  00099E  3202               	rrcf	(??_SetDDRamAddr+1)^0,f,c
   936  0009A0  3201               	rrcf	??_SetDDRamAddr^0,f,c
   937  0009A2  2E03               	decfsz	(??_SetDDRamAddr+2)^0,f,c
   938  0009A4  EFCE  F004         	goto	u25
   939  0009A8  5001               	movf	??_SetDDRamAddr^0,w,c
   940  0009AA  0B0F               	andlw	15
   941  0009AC  1283               	iorwf	131,f,c	;volatile
   942  0009AE                     
   943                           ;../../../Downloads/PIC18F4550-TUTORIAL-master/LCD.X/LCD_libreria.c: 326:         LATDbi
      +                          ts.LATD6 = 0;
   944  0009AE  9C8C               	bcf	140,6,c	;volatile
   945  0009B0                     
   946                           ;../../../Downloads/PIC18F4550-TUTORIAL-master/LCD.X/LCD_libreria.c: 327:         LATDbi
      +                          ts.LATD5 = 0;
   947  0009B0  9A8C               	bcf	140,5,c	;volatile
   948  0009B2                     
   949                           ;../../../Downloads/PIC18F4550-TUTORIAL-master/LCD.X/LCD_libreria.c: 328:         DelayF
      +                          or18TCY();
   950  0009B2  ECA9  F005         	call	_DelayFor18TCY	;wreg free
   951  0009B6                     
   952                           ;../../../Downloads/PIC18F4550-TUTORIAL-master/LCD.X/LCD_libreria.c: 329:         LATDbi
      +                          ts.LATD4 = 1;
   953  0009B6  888C               	bsf	140,4,c	;volatile
   954  0009B8                     
   955                           ;../../../Downloads/PIC18F4550-TUTORIAL-master/LCD.X/LCD_libreria.c: 330:         DelayF
      +                          or18TCY();
   956  0009B8  ECA9  F005         	call	_DelayFor18TCY	;wreg free
   957  0009BC                     
   958                           ;../../../Downloads/PIC18F4550-TUTORIAL-master/LCD.X/LCD_libreria.c: 331:         LATDbi
      +                          ts.LATD4 = 0;
   959  0009BC  988C               	bcf	140,4,c	;volatile
   960                           
   961                           ;../../../Downloads/PIC18F4550-TUTORIAL-master/LCD.X/LCD_libreria.c: 336:         PORTD 
      +                          &= 0xf0;
   962  0009BE  0EF0               	movlw	240
   963  0009C0  1683               	andwf	131,f,c	;volatile
   964                           
   965                           ;../../../Downloads/PIC18F4550-TUTORIAL-master/LCD.X/LCD_libreria.c: 337:         PORTD 
      +                          |= (DDaddr&0x0f);
   966  0009C2  5004               	movf	SetDDRamAddr@DDaddr^0,w,c
   967  0009C4  0B0F               	andlw	15
   968  0009C6  1283               	iorwf	131,f,c	;volatile
   969  0009C8                     
   970                           ;../../../Downloads/PIC18F4550-TUTORIAL-master/LCD.X/LCD_libreria.c: 339:         DelayF
      +                          or18TCY();
   971  0009C8  ECA9  F005         	call	_DelayFor18TCY	;wreg free
   972  0009CC                     
   973                           ;../../../Downloads/PIC18F4550-TUTORIAL-master/LCD.X/LCD_libreria.c: 340:         LATDbi
      +                          ts.LATD4 = 1;
   974  0009CC  888C               	bsf	140,4,c	;volatile
   975  0009CE                     
   976                           ;../../../Downloads/PIC18F4550-TUTORIAL-master/LCD.X/LCD_libreria.c: 341:         DelayF
      +                          or18TCY();
   977  0009CE  ECA9  F005         	call	_DelayFor18TCY	;wreg free
   978  0009D2                     
   979                           ;../../../Downloads/PIC18F4550-TUTORIAL-master/LCD.X/LCD_libreria.c: 342:         LATDbi
      +                          ts.LATD4 = 0;
   980  0009D2  988C               	bcf	140,4,c	;volatile
   981                           
   982                           ;../../../Downloads/PIC18F4550-TUTORIAL-master/LCD.X/LCD_libreria.c: 346:         TRISD 
      +                          |= 0x0f;
   983  0009D4  0E0F               	movlw	15
   984  0009D6  1295               	iorwf	149,f,c	;volatile
   985  0009D8  0012               	return		;funcret
   986  0009DA                     __end_of_SetDDRamAddr:
   987                           	opt callstack 0
   988                           
   989 ;; *************** function _DelayPORXLCD *****************
   990 ;; Defined at:
   991 ;;		line 44 in file "../../../Downloads/PIC18F4550-TUTORIAL-master/LCD.X/LCD_libreria.c"
   992 ;; Parameters:    Size  Location     Type
   993 ;;		None
   994 ;; Auto vars:     Size  Location     Type
   995 ;;		None
   996 ;; Return value:  Size  Location     Type
   997 ;;                  1    wreg      void 
   998 ;; Registers used:
   999 ;;		wreg
  1000 ;; Tracked objects:
  1001 ;;		On entry : 0/0
  1002 ;;		On exit  : 0/0
  1003 ;;		Unchanged: 0/0
  1004 ;; Data sizes:     COMRAM   BANK0   BANK1   BANK2   BANK3   BANK4   BANK5   BANK6   BANK7
  1005 ;;      Params:         0       0       0       0       0       0       0       0       0
  1006 ;;      Locals:         0       0       0       0       0       0       0       0       0
  1007 ;;      Temps:          1       0       0       0       0       0       0       0       0
  1008 ;;      Totals:         1       0       0       0       0       0       0       0       0
  1009 ;;Total ram usage:        1 bytes
  1010 ;; Hardware stack levels used:    1
  1011 ;; This function calls:
  1012 ;;		Nothing
  1013 ;; This function is called by:
  1014 ;;		_OpenXLCD
  1015 ;; This function uses a non-reentrant model
  1016 ;;
  1017                           
  1018                           	psect	text8
  1019  000B6C                     __ptext8:
  1020                           	opt callstack 0
  1021  000B6C                     _DelayPORXLCD:
  1022                           	opt callstack 28
  1023  000B6C                     
  1024                           ;../../../Downloads/PIC18F4550-TUTORIAL-master/LCD.X/LCD_libreria.c: 45:     _delay((uns
      +                          igned long)((15)*(20000000L/4000.0)));
  1025  000B6C  0E62               	movlw	98
  1026  000B6E  6E01               	movwf	??_DelayPORXLCD^0,c
  1027  000B70  0E66               	movlw	102
  1028  000B72                     u257:
  1029  000B72  2EE8               	decfsz	wreg,f,c
  1030  000B74  D7FE               	bra	u257
  1031  000B76  2E01               	decfsz	??_DelayPORXLCD^0,f,c
  1032  000B78  D7FC               	bra	u257
  1033  000B7A  0012               	return		;funcret
  1034  000B7C                     __end_of_DelayPORXLCD:
  1035                           	opt callstack 0
  1036                           
  1037 ;; *************** function _BusyXLCD *****************
  1038 ;; Defined at:
  1039 ;;		line 446 in file "../../../Downloads/PIC18F4550-TUTORIAL-master/LCD.X/LCD_libreria.c"
  1040 ;; Parameters:    Size  Location     Type
  1041 ;;		None
  1042 ;; Auto vars:     Size  Location     Type
  1043 ;;		None
  1044 ;; Return value:  Size  Location     Type
  1045 ;;                  1    wreg      unsigned char 
  1046 ;; Registers used:
  1047 ;;		wreg, cstack
  1048 ;; Tracked objects:
  1049 ;;		On entry : 0/0
  1050 ;;		On exit  : 0/0
  1051 ;;		Unchanged: 0/0
  1052 ;; Data sizes:     COMRAM   BANK0   BANK1   BANK2   BANK3   BANK4   BANK5   BANK6   BANK7
  1053 ;;      Params:         0       0       0       0       0       0       0       0       0
  1054 ;;      Locals:         0       0       0       0       0       0       0       0       0
  1055 ;;      Temps:          0       0       0       0       0       0       0       0       0
  1056 ;;      Totals:         0       0       0       0       0       0       0       0       0
  1057 ;;Total ram usage:        0 bytes
  1058 ;; Hardware stack levels used:    1
  1059 ;; Hardware stack levels required when called:    1
  1060 ;; This function calls:
  1061 ;;		_DelayFor18TCY
  1062 ;; This function is called by:
  1063 ;;		_LCD_Init
  1064 ;;		_OpenXLCD
  1065 ;;		_putrsXLCD
  1066 ;;		_WriteDataXLCD
  1067 ;;		_putsXLCD
  1068 ;;		_SetCGRamAddr
  1069 ;; This function uses a non-reentrant model
  1070 ;;
  1071                           
  1072                           	psect	text9
  1073  000A76                     __ptext9:
  1074                           	opt callstack 0
  1075  000A76                     _BusyXLCD:
  1076                           	opt callstack 27
  1077  000A76                     
  1078                           ;../../../Downloads/PIC18F4550-TUTORIAL-master/LCD.X/LCD_libreria.c: 448:         LATDbi
      +                          ts.LATD6 = 1;
  1079  000A76  8C8C               	bsf	140,6,c	;volatile
  1080                           
  1081                           ;../../../Downloads/PIC18F4550-TUTORIAL-master/LCD.X/LCD_libreria.c: 449:         LATDbi
      +                          ts.LATD5 = 0;
  1082  000A78  9A8C               	bcf	140,5,c	;volatile
  1083  000A7A                     
  1084                           ;../../../Downloads/PIC18F4550-TUTORIAL-master/LCD.X/LCD_libreria.c: 450:         DelayF
      +                          or18TCY();
  1085  000A7A  ECA9  F005         	call	_DelayFor18TCY	;wreg free
  1086  000A7E                     
  1087                           ;../../../Downloads/PIC18F4550-TUTORIAL-master/LCD.X/LCD_libreria.c: 451:         LATDbi
      +                          ts.LATD4 = 1;
  1088  000A7E  888C               	bsf	140,4,c	;volatile
  1089                           
  1090                           ;../../../Downloads/PIC18F4550-TUTORIAL-master/LCD.X/LCD_libreria.c: 452:         DelayF
      +                          or18TCY();
  1091  000A80  ECA9  F005         	call	_DelayFor18TCY	;wreg free
  1092  000A84                     
  1093                           ;../../../Downloads/PIC18F4550-TUTORIAL-master/LCD.X/LCD_libreria.c: 470:         if(POR
      +                          TD&0x08)
  1094  000A84  A683               	btfss	131,3,c	;volatile
  1095  000A86  EF47  F005         	goto	u11
  1096  000A8A  EF49  F005         	goto	u10
  1097  000A8E                     u11:
  1098  000A8E  EF54  F005         	goto	l133
  1099  000A92                     u10:
  1100  000A92                     
  1101                           ;../../../Downloads/PIC18F4550-TUTORIAL-master/LCD.X/LCD_libreria.c: 472:         {;../.
      +                          ./../Downloads/PIC18F4550-TUTORIAL-master/LCD.X/LCD_libreria.c: 473:                 LAT
      +                          Dbits.LATD4 = 0;
  1102  000A92  988C               	bcf	140,4,c	;volatile
  1103  000A94                     
  1104                           ;../../../Downloads/PIC18F4550-TUTORIAL-master/LCD.X/LCD_libreria.c: 474:               
      +                            DelayFor18TCY();
  1105  000A94  ECA9  F005         	call	_DelayFor18TCY	;wreg free
  1106  000A98                     
  1107                           ;../../../Downloads/PIC18F4550-TUTORIAL-master/LCD.X/LCD_libreria.c: 475:               
      +                            LATDbits.LATD4 = 1;
  1108  000A98  888C               	bsf	140,4,c	;volatile
  1109                           
  1110                           ;../../../Downloads/PIC18F4550-TUTORIAL-master/LCD.X/LCD_libreria.c: 476:               
      +                            DelayFor18TCY();
  1111  000A9A  ECA9  F005         	call	_DelayFor18TCY	;wreg free
  1112  000A9E                     
  1113                           ;../../../Downloads/PIC18F4550-TUTORIAL-master/LCD.X/LCD_libreria.c: 477:               
      +                            LATDbits.LATD4 = 0;
  1114  000A9E  988C               	bcf	140,4,c	;volatile
  1115  000AA0                     
  1116                           ;../../../Downloads/PIC18F4550-TUTORIAL-master/LCD.X/LCD_libreria.c: 478:               
      +                            LATDbits.LATD6 = 0;
  1117  000AA0  9C8C               	bcf	140,6,c	;volatile
  1118  000AA2                     
  1119                           ;../../../Downloads/PIC18F4550-TUTORIAL-master/LCD.X/LCD_libreria.c: 479:               
      +                            return 1;
  1120  000AA2  0E01               	movlw	1
  1121  000AA4  EF5D  F005         	goto	l134
  1122  000AA8                     l133:
  1123                           
  1124                           ;../../../Downloads/PIC18F4550-TUTORIAL-master/LCD.X/LCD_libreria.c: 482:         {;../.
      +                          ./../Downloads/PIC18F4550-TUTORIAL-master/LCD.X/LCD_libreria.c: 483:                 LAT
      +                          Dbits.LATD4 = 0;
  1125  000AA8  988C               	bcf	140,4,c	;volatile
  1126  000AAA                     
  1127                           ;../../../Downloads/PIC18F4550-TUTORIAL-master/LCD.X/LCD_libreria.c: 484:               
      +                            DelayFor18TCY();
  1128  000AAA  ECA9  F005         	call	_DelayFor18TCY	;wreg free
  1129  000AAE                     
  1130                           ;../../../Downloads/PIC18F4550-TUTORIAL-master/LCD.X/LCD_libreria.c: 485:               
      +                            LATDbits.LATD4 = 1;
  1131  000AAE  888C               	bsf	140,4,c	;volatile
  1132                           
  1133                           ;../../../Downloads/PIC18F4550-TUTORIAL-master/LCD.X/LCD_libreria.c: 486:               
      +                            DelayFor18TCY();
  1134  000AB0  ECA9  F005         	call	_DelayFor18TCY	;wreg free
  1135  000AB4                     
  1136                           ;../../../Downloads/PIC18F4550-TUTORIAL-master/LCD.X/LCD_libreria.c: 487:               
      +                            LATDbits.LATD4 = 0;
  1137  000AB4  988C               	bcf	140,4,c	;volatile
  1138  000AB6                     
  1139                           ;../../../Downloads/PIC18F4550-TUTORIAL-master/LCD.X/LCD_libreria.c: 488:               
      +                            LATDbits.LATD6 = 0;
  1140  000AB6  9C8C               	bcf	140,6,c	;volatile
  1141  000AB8                     
  1142                           ;../../../Downloads/PIC18F4550-TUTORIAL-master/LCD.X/LCD_libreria.c: 489:               
      +                            return 0;
  1143  000AB8  0E00               	movlw	0
  1144  000ABA                     l134:
  1145  000ABA  0012               	return		;funcret
  1146  000ABC                     __end_of_BusyXLCD:
  1147                           	opt callstack 0
  1148                           
  1149 ;; *************** function _DelayFor18TCY *****************
  1150 ;; Defined at:
  1151 ;;		line 27 in file "../../../Downloads/PIC18F4550-TUTORIAL-master/LCD.X/LCD_libreria.c"
  1152 ;; Parameters:    Size  Location     Type
  1153 ;;		None
  1154 ;; Auto vars:     Size  Location     Type
  1155 ;;		None
  1156 ;; Return value:  Size  Location     Type
  1157 ;;                  1    wreg      void 
  1158 ;; Registers used:
  1159 ;;		None
  1160 ;; Tracked objects:
  1161 ;;		On entry : 0/0
  1162 ;;		On exit  : 0/0
  1163 ;;		Unchanged: 0/0
  1164 ;; Data sizes:     COMRAM   BANK0   BANK1   BANK2   BANK3   BANK4   BANK5   BANK6   BANK7
  1165 ;;      Params:         0       0       0       0       0       0       0       0       0
  1166 ;;      Locals:         0       0       0       0       0       0       0       0       0
  1167 ;;      Temps:          0       0       0       0       0       0       0       0       0
  1168 ;;      Totals:         0       0       0       0       0       0       0       0       0
  1169 ;;Total ram usage:        0 bytes
  1170 ;; Hardware stack levels used:    1
  1171 ;; This function calls:
  1172 ;;		Nothing
  1173 ;; This function is called by:
  1174 ;;		_WriteCmdXLCD
  1175 ;;		_SetDDRamAddr
  1176 ;;		_WriteDataXLCD
  1177 ;;		_BusyXLCD
  1178 ;;		_ReadAddrXLCD
  1179 ;;		_ReadDataXLCD
  1180 ;; This function uses a non-reentrant model
  1181 ;;
  1182                           
  1183                           	psect	text10
  1184  000B52                     __ptext10:
  1185                           	opt callstack 0
  1186  000B52                     _DelayFor18TCY:
  1187                           	opt callstack 28
  1188  000B52                     
  1189                           ;../../../Downloads/PIC18F4550-TUTORIAL-master/LCD.X/LCD_libreria.c: 28:     __nop();
  1190  000B52  F000               	nop	
  1191                           
  1192                           ;../../../Downloads/PIC18F4550-TUTORIAL-master/LCD.X/LCD_libreria.c: 29:     __nop();
  1193  000B54  F000               	nop	
  1194                           
  1195                           ;../../../Downloads/PIC18F4550-TUTORIAL-master/LCD.X/LCD_libreria.c: 30:     __nop();
  1196  000B56  F000               	nop	
  1197                           
  1198                           ;../../../Downloads/PIC18F4550-TUTORIAL-master/LCD.X/LCD_libreria.c: 31:     __nop();
  1199  000B58  F000               	nop	
  1200                           
  1201                           ;../../../Downloads/PIC18F4550-TUTORIAL-master/LCD.X/LCD_libreria.c: 32:     __nop();
  1202  000B5A  F000               	nop	
  1203                           
  1204                           ;../../../Downloads/PIC18F4550-TUTORIAL-master/LCD.X/LCD_libreria.c: 33:     __nop();
  1205  000B5C  F000               	nop	
  1206                           
  1207                           ;../../../Downloads/PIC18F4550-TUTORIAL-master/LCD.X/LCD_libreria.c: 34:     __nop();
  1208  000B5E  F000               	nop	
  1209                           
  1210                           ;../../../Downloads/PIC18F4550-TUTORIAL-master/LCD.X/LCD_libreria.c: 35:     __nop();
  1211  000B60  F000               	nop	
  1212                           
  1213                           ;../../../Downloads/PIC18F4550-TUTORIAL-master/LCD.X/LCD_libreria.c: 36:     __nop();
  1214  000B62  F000               	nop	
  1215                           
  1216                           ;../../../Downloads/PIC18F4550-TUTORIAL-master/LCD.X/LCD_libreria.c: 37:     __nop();
  1217  000B64  F000               	nop	
  1218                           
  1219                           ;../../../Downloads/PIC18F4550-TUTORIAL-master/LCD.X/LCD_libreria.c: 38:     __nop();
  1220  000B66  F000               	nop	
  1221                           
  1222                           ;../../../Downloads/PIC18F4550-TUTORIAL-master/LCD.X/LCD_libreria.c: 39:     __nop();
  1223  000B68  F000               	nop	
  1224  000B6A  0012               	return		;funcret
  1225  000B6C                     __end_of_DelayFor18TCY:
  1226                           	opt callstack 0
  1227                           
  1228                           	psect	rparam
  1229  0000                     tosu	equ	0xFFF
  1230                           tosh	equ	0xFFE
  1231                           tosl	equ	0xFFD
  1232                           stkptr	equ	0xFFC
  1233                           pclatu	equ	0xFFB
  1234                           pclath	equ	0xFFA
  1235                           pcl	equ	0xFF9
  1236                           tblptru	equ	0xFF8
  1237                           tblptrh	equ	0xFF7
  1238                           tblptrl	equ	0xFF6
  1239                           tablat	equ	0xFF5
  1240                           prodh	equ	0xFF4
  1241                           prodl	equ	0xFF3
  1242                           indf0	equ	0xFEF
  1243                           postinc0	equ	0xFEE
  1244                           postdec0	equ	0xFED
  1245                           preinc0	equ	0xFEC
  1246                           plusw0	equ	0xFEB
  1247                           fsr0h	equ	0xFEA
  1248                           fsr0l	equ	0xFE9
  1249                           wreg	equ	0xFE8
  1250                           indf1	equ	0xFE7
  1251                           postinc1	equ	0xFE6
  1252                           postdec1	equ	0xFE5
  1253                           preinc1	equ	0xFE4
  1254                           plusw1	equ	0xFE3
  1255                           fsr1h	equ	0xFE2
  1256                           fsr1l	equ	0xFE1
  1257                           bsr	equ	0xFE0
  1258                           indf2	equ	0xFDF
  1259                           postinc2	equ	0xFDE
  1260                           postdec2	equ	0xFDD
  1261                           preinc2	equ	0xFDC
  1262                           plusw2	equ	0xFDB
  1263                           fsr2h	equ	0xFDA
  1264                           fsr2l	equ	0xFD9
  1265                           status	equ	0xFD8


Data Sizes:
    Strings     32
    Constant    0
    Data        0
    BSS         0
    Persistent  0
    Stack       0

Auto Spaces:
    Space          Size  Autos    Used
    COMRAM           95      7       7
    BANK0           160      0       0
    BANK1           256      0       0
    BANK2           256      0       0
    BANK3           256      0       0
    BANK4           256      0       0
    BANK5           256      0       0
    BANK6           256      0       0
    BANK7           256      0       0

Pointer List with Targets:

    putrsXLCD@buffer	PTR const unsigned char  size(2) Largest target is 16
		 -> STR_2(CODE[16]), STR_1(CODE[16]), 


Critical Paths under _main in COMRAM

    _main->_LCD_gotoXY
    _putrsXLCD->_WriteDataXLCD
    _LCD_gotoXY->_WriteCmdXLCD
    _LCD_Init->_OpenXLCD
    _OpenXLCD->_SetDDRamAddr

Critical Paths under _main in BANK0

    None.

Critical Paths under _main in BANK1

    None.

Critical Paths under _main in BANK2

    None.

Critical Paths under _main in BANK3

    None.

Critical Paths under _main in BANK4

    None.

Critical Paths under _main in BANK5

    None.

Critical Paths under _main in BANK6

    None.

Critical Paths under _main in BANK7

    None.

Call Graph Tables:

 ---------------------------------------------------------------------------------
 (Depth) Function   	        Calls       Base Space   Used Autos Params    Refs
 ---------------------------------------------------------------------------------
 (0) _main                                                 2     2      0     732
                                              5 COMRAM     2     2      0
                           _LCD_Init
                         _LCD_gotoXY
                          _putrsXLCD
 ---------------------------------------------------------------------------------
 (1) _putrsXLCD                                            2     0      2     227
                                              1 COMRAM     2     0      2
                           _BusyXLCD
                      _WriteDataXLCD
 ---------------------------------------------------------------------------------
 (2) _WriteDataXLCD                                        1     1      0      30
                                              0 COMRAM     1     1      0
                           _BusyXLCD
                      _DelayFor18TCY
 ---------------------------------------------------------------------------------
 (1) _LCD_gotoXY                                           4     0      4     400
                                              1 COMRAM     4     0      4
                       _WriteCmdXLCD
 ---------------------------------------------------------------------------------
 (1) _LCD_Init                                             0     0      0     105
                           _BusyXLCD
                           _OpenXLCD
                       _WriteCmdXLCD
 ---------------------------------------------------------------------------------
 (2) _OpenXLCD                                             1     1      0      75
                                              4 COMRAM     1     1      0
                           _BusyXLCD
                       _DelayPORXLCD
                       _SetDDRamAddr
                       _WriteCmdXLCD
 ---------------------------------------------------------------------------------
 (2) _WriteCmdXLCD                                         1     1      0      30
                                              0 COMRAM     1     1      0
                      _DelayFor18TCY
 ---------------------------------------------------------------------------------
 (3) _SetDDRamAddr                                         4     4      0      30
                                              0 COMRAM     4     4      0
                      _DelayFor18TCY
 ---------------------------------------------------------------------------------
 (3) _DelayPORXLCD                                         1     1      0       0
                                              0 COMRAM     1     1      0
 ---------------------------------------------------------------------------------
 (3) _BusyXLCD                                             0     0      0       0
                      _DelayFor18TCY
 ---------------------------------------------------------------------------------
 (3) _DelayFor18TCY                                        0     0      0       0
 ---------------------------------------------------------------------------------
 Estimated maximum stack depth 3
 ---------------------------------------------------------------------------------

 Call Graph Graphs:

 _main (ROOT)
   _LCD_Init
     _BusyXLCD
       _DelayFor18TCY
     _OpenXLCD
       _BusyXLCD
         _DelayFor18TCY
       _DelayPORXLCD
       _SetDDRamAddr
         _DelayFor18TCY
       _WriteCmdXLCD
         _DelayFor18TCY
     _WriteCmdXLCD
       _DelayFor18TCY
   _LCD_gotoXY
     _WriteCmdXLCD
       _DelayFor18TCY
   _putrsXLCD
     _BusyXLCD
       _DelayFor18TCY
     _WriteDataXLCD
       _BusyXLCD
         _DelayFor18TCY
       _DelayFor18TCY

 Address spaces:
Name               Size   Autos  Total    Cost      Usage
BITCOMRAM           5F      0       0       0        0.0%
EEDATA             100      0       0       0        0.0%
NULL                 0      0       0       0        0.0%
CODE                 0      0       0       0        0.0%
COMRAM              5F      7       7       1        7.4%
STACK                0      0       0       2        0.0%
DATA                 0      0       0       3        0.0%
BITBANK0            A0      0       0       4        0.0%
BANK0               A0      0       0       5        0.0%
BITBANK1           100      0       0       6        0.0%
BANK1              100      0       0       7        0.0%
BITBANK2           100      0       0       8        0.0%
BANK2              100      0       0       9        0.0%
BITBANK3           100      0       0      10        0.0%
BANK3              100      0       0      11        0.0%
BITBANK4           100      0       0      12        0.0%
BANK4              100      0       0      13        0.0%
BITBANK5           100      0       0      14        0.0%
BANK5              100      0       0      15        0.0%
BITBANK6           100      0       0      16        0.0%
BANK6              100      0       0      17        0.0%
BITBANK7           100      0       0      18        0.0%
BANK7              100      0       0      19        0.0%
ABS                  0      0       0      20        0.0%
BIGRAM             7FF      0       0      21        0.0%
BITSFR               0      0       0     200        0.0%
SFR                  0      0       0     200        0.0%


Microchip Technology PIC18 Macro Assembler V2.10 build 88905656 
Symbol Table                                                                                   Wed Mar 18 11:53:02 2020

                     l23 097C                       l18 0B50                       l51 0B7A  
                     l48 0B6A                       l59 0B28                       l88 090A  
                     l97 0A74                       u10 0A92                       u11 0A8E  
                     u30 086E                       u31 086A                       u40 0882  
                     u25 099C                       u41 087E                       u50 089C  
                     u51 0898                       u60 08B6                       u61 08B2  
                     u70 08D0                       u71 08CC                       u80 08EA  
                     u81 08E6                       u90 0904                       u91 0900  
            __CFG_BORV$3 000000             __CFG_CP0$OFF 000000             __CFG_CP1$OFF 000000  
           __CFG_CP2$OFF 000000             __CFG_CP3$OFF 000000                      l121 09D8  
                    l130 0A2A                      l133 0AA8                      l109 0AF8  
                    l134 0ABA                      l811 0B52                      l821 0A92  
                    l813 0A76                      l901 0824                      l831 0AA2  
                    l823 0A94                      l815 0A7A                      l911 0834  
                    l903 082C                      l841 0AB4                      l825 0A98  
                    l817 0A7E                      l921 0848                      l913 0836  
                    l905 082E                      l843 0AB6                      l827 0A9E  
                    l819 0A84                      l851 0ACE                      l931 0882  
                    l923 084E                      l915 0838                      l907 0830  
                    l845 0AB8                      l837 0AAA                      l829 0AA0  
                    l861 0ADC                      l853 0AD0                      l941 08BC  
                    l933 0888                      l925 0854                      l917 083C  
                    l909 0832                      l839 0AAE                      l863 0AE8  
                    l855 0AD2                      l951 0904                      l943 08D0  
                    l935 089C                      l927 085A                      l919 0842  
                    l873 0B6C                      l881 09B0                      l865 0AEC  
                    l857 0AD6                      l849 0ABE                      l945 08D6  
                    l937 08A2                      l929 086E                      l961 0A00  
                    l891 09C8                      l883 09B2                      l867 0AEE  
                    l859 0AD8                      l947 08EA                      l939 08B6  
                    l971 0A0E                      l963 0A02                      l955 09DC  
                    l893 09CC                      l885 09B6                      l877 0982  
                    l869 0AF2                      l949 08F0                      l973 0A1A  
                    l965 0A04                      l957 09DC                      l895 09CE  
                    l887 09B8                      l879 09AE                      l983 0B2A  
                    l975 0A1E                      l967 0A08                      l959 09F0  
                    l897 09D2                      l889 09BC                      l985 0B30  
                    l977 0A20                      l969 0A0A                      l987 0B44  
                    l979 0A24             __CFG_CPB$OFF 000000                      u100 09F0  
                    u101 09EC                      u110 0B44                      u111 0B40  
                    u200 0B14                      u201 0B10                      u210 0A44  
                    u211 0A40                      u220 0A74                      u221 0A70  
                    u237 093A                      u247 0970                      u257 0B72  
           __CFG_CPD$OFF 000000              ?_LCD_gotoXY 0002             __CFG_BOR$OFF 000000  
  __size_of_WriteCmdXLCD 003E                      wreg 000FE8             __CFG_FOSC$HS 000000  
           __CFG_LVP$OFF 000000             __CFG_WDT$OFF 000000                     l1131 0B20  
                   l1141 0A54                     l1127 0AFA                     l1143 0A58  
                   l1135 0A2C                     l1151 0946                     l1129 0B14  
                   l1137 0A30                     l1153 095A                     l1145 090C  
                   l1139 0A44                     l1147 0924                     l1149 0930  
                   STR_1 0811                     STR_2 0801                     _main 090C  
 __size_of_WriteDataXLCD 0052                     start 0000            __CFG_IESO$OFF 000000  
          __CFG_MCLRE$ON 000000             ___param_bank 000000             _WriteCmdXLCD 0ABC  
       __end_of_LCD_Init 0B52            __CFG_PLLDIV$1 000000           __CFG_CCP2MX$ON 000000  
          ?_SetDDRamAddr 0001                    ?_main 0001                    _PORTD 000F83  
          __CFG_USBDIV$1 000000                    _TRISD 000F95            __CFG_PWRT$OFF 000000  
          __CFG_WRT0$OFF 000000            __CFG_WRT1$OFF 000000            __CFG_WRT2$OFF 000000  
          __CFG_WRT3$OFF 000000           __CFG_EBTR0$OFF 000000           __CFG_FCMEN$OFF 000000  
         __CFG_EBTR1$OFF 000000           __CFG_EBTR2$OFF 000000           __CFG_EBTR3$OFF 000000  
          __CFG_WRTB$OFF 000000            __CFG_WRTC$OFF 000000            __CFG_WRTD$OFF 000000  
         __CFG_EBTRB$OFF 000000                    tablat 000FF5                    status 000FD8  
         __CFG_ICPRT$OFF 000000           __CFG_PBADEN$ON 000000      __size_of_LCD_gotoXY 0030  
        __initialization 0B7C              LCD_gotoXY@x 0002              LCD_gotoXY@y 0004  
           __end_of_main 0980         __end_of_BusyXLCD 0ABC    __size_of_DelayPORXLCD 0010  
         ??_SetDDRamAddr 0001         __end_of_OpenXLCD 090C                   ??_main 0006  
          __activetblptr 000001            _WriteDataXLCD 09DA             _DelayPORXLCD 0B6C  
         __CFG_XINST$OFF 000000           __CFG_STVREN$ON 000000           ?_WriteDataXLCD 0001  
           __mediumconst 0000                   tblptrh 000FF7                   tblptrl 000FF6  
                 tblptru 000FF8               __accesstop 0060  __end_of__initialization 0B7C  
              ?_LCD_Init 0001            ___rparam_used 000001           __pcstackCOMRAM 0001  
           ??_LCD_gotoXY 0006   __size_of_DelayFor18TCY 001A                ?_BusyXLCD 0001  
        WriteCmdXLCD@cmd 0001               ??_LCD_Init 0006     __end_of_SetDDRamAddr 09DA  
              ?_OpenXLCD 0001       __end_of_LCD_gotoXY 0B2A        WriteDataXLCD@data 0001  
        ??_WriteDataXLCD 0001       __size_of_putrsXLCD 004A               ??_BusyXLCD 0001  
        __CFG_VREGEN$OFF 000000               ??_OpenXLCD 0005                  __Hparam 0000  
                __Lparam 0000            _DelayFor18TCY 0B52             __psmallconst 0800  
                __pcinit 0B7C          putrsXLCD@buffer 0002                  __ramtop 0800  
                __ptext0 090C                  __ptext1 0A2C                  __ptext2 09DA  
                __ptext3 0AFA                  __ptext4 0B2A                  __ptext5 0822  
                __ptext6 0ABC                  __ptext7 0980                  __ptext8 0B6C  
                __ptext9 0A76     end_of_initialization 0B7C           ?_DelayFor18TCY 0001  
      __end_of_putrsXLCD 0A76                _TRISDbits 000F95    __size_of_SetDDRamAddr 005A  
      __size_of_LCD_Init 0028             _SetDDRamAddr 0980       SetDDRamAddr@DDaddr 0004  
    start_initialization 0B7C        __size_of_BusyXLCD 0046          ??_DelayFor18TCY 0001  
      __size_of_OpenXLCD 00EA            ?_WriteCmdXLCD 0001         __CFG_LPT1OSC$OFF 000000  
         ??_WriteCmdXLCD 0001    __end_of_WriteDataXLCD 0A2C              __smallconst 0800  
               _LCD_Init 0B2A                 _LATDbits 000F8C            ?_DelayPORXLCD 0001  
        OpenXLCD@lcdtype 0005         __CFG_WDTPS$32768 000000                _putrsXLCD 0A2C  
               _BusyXLCD 0A76           ??_DelayPORXLCD 0001                 _OpenXLCD 0822  
               __Hrparam 0000                 __Lrparam 0000             __Lsmallconst 0800  
             ?_putrsXLCD 0002                 __ptext10 0B52     __end_of_WriteCmdXLCD 0AFA  
          __size_of_main 0074    __CFG_CPUDIV$OSC1_PLL2 000000               _LCD_gotoXY 0AFA  
  __end_of_DelayFor18TCY 0B6C     __end_of_DelayPORXLCD 0B7C              ??_putrsXLCD 0004  
