

Microchip MPLAB XC8 Assembler V2.10 build 88905656 
                                                                                               Wed Mar 18 17:44:53 2020

Microchip MPLAB XC8 C Compiler v2.10 (Free license) build 20190730164152 Og1 
     1                           	processor	18F4550
     2                           	fnconf	rparam,??,?,0
     3                           	opt	pw 120
     4                           	opt	flic
     5                           	psect	idataCOMRAM,global,class=CODE,delta=1,noexec
     6                           	psect	cinit,global,reloc=2,class=CODE,delta=1
     7                           	psect	dataCOMRAM,global,class=COMRAM,space=1,delta=1,noexec
     8                           	psect	cstackCOMRAM,global,class=COMRAM,space=1,delta=1,noexec
     9                           	psect	text0,global,reloc=2,class=CODE,delta=1
    10                           	psect	text1,global,reloc=2,class=CODE,delta=1
    11                           	psect	text2,global,reloc=2,class=CODE,delta=1
    12                           	psect	text3,global,reloc=2,class=CODE,delta=1
    13                           	psect	text4,global,reloc=2,class=CODE,delta=1
    14                           	psect	intsave_regs,global,class=BIGRAM,space=1,delta=1,noexec
    15                           	psect	rparam,global,class=COMRAM,space=1,delta=1,noexec
    16  0000                     
    17                           ; Version 2.10
    18                           ; Generated 31/07/2019 GMT
    19                           ; 
    20                           ; Copyright © 2019, Microchip Technology Inc. and its subsidiaries ("Microchip")
    21                           ; All rights reserved.
    22                           ; 
    23                           ; This software is developed by Microchip Technology Inc. and its subsidiaries ("Microch
      +                          ip").
    24                           ; 
    25                           ; Redistribution and use in source and binary forms, with or without modification, are
    26                           ; permitted provided that the following conditions are met:
    27                           ; 
    28                           ;     1. Redistributions of source code must retain the above copyright notice, this lis
      +                          t of
    29                           ;        conditions and the following disclaimer.
    30                           ; 
    31                           ;     2. Redistributions in binary form must reproduce the above copyright notice, this 
      +                          list
    32                           ;        of conditions and the following disclaimer in the documentation and/or other
    33                           ;        materials provided with the distribution.
    34                           ; 
    35                           ;     3. Microchip's name may not be used to endorse or promote products derived from th
      +                          is
    36                           ;        software without specific prior written permission.
    37                           ; 
    38                           ; THIS SOFTWARE IS PROVIDED BY MICROCHIP "AS IS" AND ANY EXPRESS OR IMPLIED WARRANTIES,
    39                           ; INCLUDING, BUT NOT LIMITED TO, THE IMPLIED WARRANTIES OF MERCHANTABILITY AND FITNESS F
      +                          OR
    40                           ; PURPOSE ARE DISCLAIMED.  IN NO EVENT SHALL MICROCHIP BE LIABLE FOR ANY DIRECT, INDIREC
      +                          T,
    41                           ; INCIDENTAL, SPECIAL, EXEMPLARY, OR CONSEQUENTIAL DAMAGES (INCLUDING BUT NOT LIMITED TO
    42                           ; PROCUREMENT OF SUBSTITUTE GOODS OR SERVICES; LOSS OF USE, DATA OR PROFITS; OR BUSINESS
    43                           ; INTERRUPTION) HOWSOEVER CAUSED AND ON ANY THEORY OF LIABILITY, WHETHER IN CONTRACT, ST
      +                          RICT
    44                           ; LIABILITY, OR TORT (INCLUDING NEGLIGENCE OR OTHERWISE) ARISING IN ANY WAY OUT OF THE U
      +                          SE OF
    45                           ; THIS SOFTWARE, EVEN IF ADVISED OF THE POSSIBILITY OF SUCH DAMAGE.
    46                           ; 
    47                           ; 
    48                           ; Code-generator required, PIC18F4550 Definitions
    49                           ; 
    50                           ; SFR Addresses
    51  0000                     
    52                           	psect	idataCOMRAM
    53  00793D                     __pidataCOMRAM:
    54                           	opt callstack 0
    55                           
    56                           ;initializer for _velocidad
    57  00793D  0001               	dw	1
    58  00793F  0000               	dw	0
    59                           
    60                           ;initializer for _efecto
    61  007941  01                 	db	1
    62  0000                     _PORTBbits	set	3969
    63  0000                     _INTCON2bits	set	4081
    64  0000                     _TRISBbits	set	3987
    65  0000                     _LATD	set	3980
    66  0000                     _TRISD	set	3989
    67                           
    68                           ; #config settings
    69  0000                     
    70                           	psect	cinit
    71  007942                     __pcinit:
    72                           	opt callstack 0
    73  007942                     start_initialization:
    74                           	opt callstack 0
    75  007942                     __initialization:
    76                           	opt callstack 0
    77                           
    78                           ; Initialize objects allocated to COMRAM (5 bytes)
    79                           ; load TBLPTR registers with __pidataCOMRAM
    80  007942  0E3D               	movlw	low __pidataCOMRAM
    81  007944  6EF6               	movwf	tblptrl,c
    82  007946  0E79               	movlw	high __pidataCOMRAM
    83  007948  6EF7               	movwf	tblptrh,c
    84  00794A  0E00               	movlw	low (__pidataCOMRAM shr (0+16))
    85  00794C  6EF8               	movwf	tblptru,c
    86  00794E  EE00  F00C         	lfsr	0,__pdataCOMRAM
    87  007952  EE10 F005          	lfsr	1,5
    88  007956                     copy_data0:
    89  007956  0009               	tblrd		*+
    90  007958  CFF5 FFEE          	movff	tablat,postinc0
    91  00795C  50E5               	movf	postdec1,w,c
    92  00795E  50E1               	movf	fsr1l,w,c
    93  007960  E1FA               	bnz	copy_data0
    94  007962                     end_of_initialization:
    95                           	opt callstack 0
    96  007962                     __end_of__initialization:
    97                           	opt callstack 0
    98  007962  0E00               	movlw	low (__Lmediumconst shr (0+16))
    99  007964  6EF8               	movwf	tblptru,c
   100  007966  0100               	movlb	0
   101  007968  EFB6  F03C         	goto	_main	;jump to C main() function
   102                           
   103                           	psect	dataCOMRAM
   104  00000C                     __pdataCOMRAM:
   105                           	opt callstack 0
   106  00000C                     _velocidad:
   107                           	opt callstack 0
   108  00000C                     	ds	4
   109  000010                     _efecto:
   110                           	opt callstack 0
   111  000010                     	ds	1
   112                           
   113                           	psect	cstackCOMRAM
   114  000001                     __pcstackCOMRAM:
   115                           	opt callstack 0
   116  000001                     ??_secuencial_Efecto1:
   117  000001                     ??_secuencial_Efecto2:
   118  000001                     ??_secuencial_Efecto3:
   119  000001                     ??_secuencial_Efecto4:
   120  000001                     
   121                           ; 2 bytes @ 0x0
   122  000001                     	ds	2
   123  000003                     secuencial_Efecto1@i:
   124                           	opt callstack 0
   125  000003                     secuencial_Efecto3@i:
   126                           	opt callstack 0
   127                           
   128                           ; 2 bytes @ 0x2
   129  000003                     	ds	1
   130  000004                     secuencial_Efecto4@i:
   131                           	opt callstack 0
   132                           
   133                           ; 2 bytes @ 0x3
   134  000004                     	ds	1
   135  000005                     secuencial_Efecto2@j:
   136                           	opt callstack 0
   137                           
   138                           ; 2 bytes @ 0x4
   139  000005                     	ds	1
   140  000006                     secuencial_Efecto4@m:
   141                           	opt callstack 0
   142                           
   143                           ; 2 bytes @ 0x5
   144  000006                     	ds	1
   145  000007                     secuencial_Efecto2@i:
   146                           	opt callstack 0
   147                           
   148                           ; 2 bytes @ 0x6
   149  000007                     	ds	1
   150  000008                     secuencial_Efecto4@n:
   151                           	opt callstack 0
   152                           
   153                           ; 2 bytes @ 0x7
   154  000008                     	ds	2
   155  00000A                     ??_main:
   156                           
   157                           ; 1 bytes @ 0x9
   158  00000A                     	ds	2
   159                           
   160 ;;
   161 ;;Main: autosize = 0, tempsize = 2, incstack = 0, save=0
   162 ;;
   163 ;; *************** function _main *****************
   164 ;; Defined at:
   165 ;;		line 20 in file "Main.c"
   166 ;; Parameters:    Size  Location     Type
   167 ;;		None
   168 ;; Auto vars:     Size  Location     Type
   169 ;;		None
   170 ;; Return value:  Size  Location     Type
   171 ;;                  2   28[None  ] int 
   172 ;; Registers used:
   173 ;;		wreg, status,2, status,0, cstack
   174 ;; Tracked objects:
   175 ;;		On entry : 0/0
   176 ;;		On exit  : 0/0
   177 ;;		Unchanged: 0/0
   178 ;; Data sizes:     COMRAM   BANK0   BANK1   BANK2   BANK3   BANK4   BANK5   BANK6   BANK7
   179 ;;      Params:         0       0       0       0       0       0       0       0       0
   180 ;;      Locals:         0       0       0       0       0       0       0       0       0
   181 ;;      Temps:          2       0       0       0       0       0       0       0       0
   182 ;;      Totals:         2       0       0       0       0       0       0       0       0
   183 ;;Total ram usage:        2 bytes
   184 ;; Hardware stack levels required when called:    1
   185 ;; This function calls:
   186 ;;		_secuencial_Efecto1
   187 ;;		_secuencial_Efecto2
   188 ;;		_secuencial_Efecto3
   189 ;;		_secuencial_Efecto4
   190 ;; This function is called by:
   191 ;;		Startup code after reset
   192 ;; This function uses a non-reentrant model
   193 ;;
   194                           
   195                           	psect	text0
   196  00796C                     __ptext0:
   197                           	opt callstack 0
   198  00796C                     _main:
   199                           	opt callstack 30
   200  00796C                     
   201                           ;Main.c: 21:     TRISD = 0;
   202  00796C  0E00               	movlw	0
   203  00796E  6E95               	movwf	149,c	;volatile
   204                           
   205                           ;Main.c: 22:     LATD = 0;
   206  007970  0E00               	movlw	0
   207  007972  6E8C               	movwf	140,c	;volatile
   208  007974                     
   209                           ;Main.c: 23:     TRISBbits.TRISB7 = 1;
   210  007974  8E93               	bsf	147,7,c	;volatile
   211  007976                     
   212                           ;Main.c: 24:     TRISBbits.TRISB6 = 1;
   213  007976  8C93               	bsf	147,6,c	;volatile
   214  007978                     
   215                           ;Main.c: 25:     INTCON2bits.RBPU = 0;
   216  007978  9EF1               	bcf	241,7,c	;volatile
   217  00797A                     l918:
   218                           
   219                           ;Main.c: 28:         if (!PORTBbits.RB7) {
   220  00797A  BE81               	btfsc	129,7,c	;volatile
   221  00797C  EFC2  F03C         	goto	u351
   222  007980  EFC4  F03C         	goto	u350
   223  007984                     u351:
   224  007984  EFE9  F03C         	goto	l936
   225  007988                     u350:
   226  007988                     
   227                           ;Main.c: 29:             _delay((unsigned long)((50)*(8000000/4000.0)));
   228  007988  0E82               	movlw	130
   229  00798A  6E0A               	movwf	??_main^0,c
   230  00798C  0EDE               	movlw	222
   231  00798E                     u377:
   232  00798E  2EE8               	decfsz	wreg,f,c
   233  007990  D7FE               	bra	u377
   234  007992  2E0A               	decfsz	??_main^0,f,c
   235  007994  D7FC               	bra	u377
   236  007996                     
   237                           ;Main.c: 30:             if(++efecto==5){efecto=1;}
   238  007996  2A10               	incf	_efecto^0,f,c
   239  007998  0E05               	movlw	5
   240  00799A  1810               	xorwf	_efecto^0,w,c
   241  00799C  A4D8               	btfss	status,2,c
   242  00799E  EFD3  F03C         	goto	u361
   243  0079A2  EFD5  F03C         	goto	u360
   244  0079A6                     u361:
   245  0079A6  EFE9  F03C         	goto	l936
   246  0079AA                     u360:
   247  0079AA  0E01               	movlw	1
   248  0079AC  6E10               	movwf	_efecto^0,c
   249  0079AE  EFE9  F03C         	goto	l936
   250  0079B2                     l926:
   251  0079B2  EC08  F03D         	call	_secuencial_Efecto1	;wreg free
   252                           
   253                           ;Main.c: 34:                 break;
   254  0079B6  EFBD  F03C         	goto	l918
   255  0079BA                     l928:
   256  0079BA  EC6A  F03E         	call	_secuencial_Efecto2	;wreg free
   257                           
   258                           ;Main.c: 36:                 break;
   259  0079BE  EFBD  F03C         	goto	l918
   260  0079C2                     l930:
   261  0079C2  ECB9  F03D         	call	_secuencial_Efecto3	;wreg free
   262                           
   263                           ;Main.c: 38:                 break;
   264  0079C6  EFBD  F03C         	goto	l918
   265  0079CA                     l932:
   266  0079CA  EC2F  F03F         	call	_secuencial_Efecto4	;wreg free
   267                           
   268                           ;Main.c: 40:                 break;
   269  0079CE  EFBD  F03C         	goto	l918
   270  0079D2                     l936:
   271  0079D2  5010               	movf	_efecto^0,w,c
   272  0079D4  6E0A               	movwf	??_main^0,c
   273  0079D6  6A0B               	clrf	(??_main+1)^0,c
   274                           
   275                           ; Switch on 2 bytes has been partitioned into a top level switch of size 1, and 1 sub-sw
      +                          itches
   276                           ; Switch size 1, requested type "simple"
   277                           ; Number of cases is 1, Range of values is 0 to 0
   278                           ; switch strategies available:
   279                           ; Name         Instructions Cycles
   280                           ; simple_byte            4     3 (average)
   281                           ;	Chosen strategy is simple_byte
   282  0079D8  500B               	movf	(??_main+1)^0,w,c
   283  0079DA  0A00               	xorlw	0	; case 0
   284  0079DC  B4D8               	btfsc	status,2,c
   285  0079DE  EFF3  F03C         	goto	l946
   286  0079E2  EFBD  F03C         	goto	l918
   287  0079E6                     l946:
   288                           
   289                           ; Switch size 1, requested type "simple"
   290                           ; Number of cases is 4, Range of values is 1 to 4
   291                           ; switch strategies available:
   292                           ; Name         Instructions Cycles
   293                           ; simple_byte           13     7 (average)
   294                           ;	Chosen strategy is simple_byte
   295  0079E6  500A               	movf	??_main^0,w,c
   296  0079E8  0A01               	xorlw	1	; case 1
   297  0079EA  B4D8               	btfsc	status,2,c
   298  0079EC  EFD9  F03C         	goto	l926
   299  0079F0  0A03               	xorlw	3	; case 2
   300  0079F2  B4D8               	btfsc	status,2,c
   301  0079F4  EFDD  F03C         	goto	l928
   302  0079F8  0A01               	xorlw	1	; case 3
   303  0079FA  B4D8               	btfsc	status,2,c
   304  0079FC  EFE1  F03C         	goto	l930
   305  007A00  0A07               	xorlw	7	; case 4
   306  007A02  B4D8               	btfsc	status,2,c
   307  007A04  EFE5  F03C         	goto	l932
   308  007A08  EFBD  F03C         	goto	l918
   309  007A0C  EF00  F000         	goto	start
   310  007A10                     __end_of_main:
   311                           	opt callstack 0
   312                           
   313 ;; *************** function _secuencial_Efecto4 *****************
   314 ;; Defined at:
   315 ;;		line 91 in file "Main.c"
   316 ;; Parameters:    Size  Location     Type
   317 ;;		None
   318 ;; Auto vars:     Size  Location     Type
   319 ;;  i               2    3[COMRAM] int 
   320 ;;  n               2    7[COMRAM] volatile unsigned int 
   321 ;;  m               2    5[COMRAM] volatile unsigned int 
   322 ;; Return value:  Size  Location     Type
   323 ;;                  1    wreg      void 
   324 ;; Registers used:
   325 ;;		wreg, status,2, status,0
   326 ;; Tracked objects:
   327 ;;		On entry : 0/0
   328 ;;		On exit  : 0/0
   329 ;;		Unchanged: 0/0
   330 ;; Data sizes:     COMRAM   BANK0   BANK1   BANK2   BANK3   BANK4   BANK5   BANK6   BANK7
   331 ;;      Params:         0       0       0       0       0       0       0       0       0
   332 ;;      Locals:         6       0       0       0       0       0       0       0       0
   333 ;;      Temps:          3       0       0       0       0       0       0       0       0
   334 ;;      Totals:         9       0       0       0       0       0       0       0       0
   335 ;;Total ram usage:        9 bytes
   336 ;; Hardware stack levels used:    1
   337 ;; This function calls:
   338 ;;		Nothing
   339 ;; This function is called by:
   340 ;;		_main
   341 ;; This function uses a non-reentrant model
   342 ;;
   343                           
   344                           	psect	text1
   345  007E5E                     __ptext1:
   346                           	opt callstack 0
   347  007E5E                     _secuencial_Efecto4:
   348                           	opt callstack 30
   349  007E5E                     
   350                           ;Main.c: 92:     volatile unsigned int m=0,n=0;
   351  007E5E  0E00               	movlw	0
   352  007E60  6E07               	movwf	(secuencial_Efecto4@m+1)^0,c	;volatile
   353  007E62  0E00               	movlw	0
   354  007E64  6E06               	movwf	secuencial_Efecto4@m^0,c	;volatile
   355  007E66  0E00               	movlw	0
   356  007E68  6E09               	movwf	(secuencial_Efecto4@n+1)^0,c	;volatile
   357  007E6A  0E00               	movlw	0
   358  007E6C  6E08               	movwf	secuencial_Efecto4@n^0,c	;volatile
   359                           
   360                           ;Main.c: 93:     for (int i = 0; i < 5; i++) {
   361  007E6E  0E00               	movlw	0
   362  007E70  6E05               	movwf	(secuencial_Efecto4@i+1)^0,c
   363  007E72  0E00               	movlw	0
   364  007E74  6E04               	movwf	secuencial_Efecto4@i^0,c
   365  007E76                     l882:
   366                           
   367                           ;Main.c: 94:         LATD = m+n;
   368  007E76  5006               	movf	secuencial_Efecto4@m^0,w,c	;volatile
   369  007E78  2408               	addwf	secuencial_Efecto4@n^0,w,c	;volatile
   370  007E7A  6E8C               	movwf	140,c	;volatile
   371                           
   372                           ;Main.c: 95:         m += (1<<i);
   373  007E7C  C004  F001         	movff	secuencial_Efecto4@i,??_secuencial_Efecto4
   374  007E80  0E01               	movlw	1
   375  007E82  6E02               	movwf	(??_secuencial_Efecto4+1)^0,c
   376  007E84  0E00               	movlw	0
   377  007E86  6E03               	movwf	(??_secuencial_Efecto4+2)^0,c
   378  007E88  2A01               	incf	??_secuencial_Efecto4^0,f,c
   379  007E8A  EF4A  F03F         	goto	u264
   380  007E8E                     u265:
   381  007E8E  90D8               	bcf	status,0,c
   382  007E90  3602               	rlcf	(??_secuencial_Efecto4+1)^0,f,c
   383  007E92  3603               	rlcf	(??_secuencial_Efecto4+2)^0,f,c
   384  007E94                     u264:
   385  007E94  2E01               	decfsz	??_secuencial_Efecto4^0,f,c
   386  007E96  EF47  F03F         	goto	u265
   387  007E9A  5002               	movf	(??_secuencial_Efecto4+1)^0,w,c
   388  007E9C  2606               	addwf	secuencial_Efecto4@m^0,f,c	;volatile
   389  007E9E  5003               	movf	(??_secuencial_Efecto4+2)^0,w,c
   390  007EA0  2207               	addwfc	(secuencial_Efecto4@m+1)^0,f,c	;volatile
   391                           
   392                           ;Main.c: 96:         n += (1<<(7-i));
   393  007EA2  5004               	movf	secuencial_Efecto4@i^0,w,c
   394  007EA4  0807               	sublw	7
   395  007EA6  6E01               	movwf	??_secuencial_Efecto4^0,c
   396  007EA8  0E01               	movlw	1
   397  007EAA  6E02               	movwf	(??_secuencial_Efecto4+1)^0,c
   398  007EAC  0E00               	movlw	0
   399  007EAE  6E03               	movwf	(??_secuencial_Efecto4+2)^0,c
   400  007EB0  2A01               	incf	??_secuencial_Efecto4^0,f,c
   401  007EB2  EF5E  F03F         	goto	u274
   402  007EB6                     u275:
   403  007EB6  90D8               	bcf	status,0,c
   404  007EB8  3602               	rlcf	(??_secuencial_Efecto4+1)^0,f,c
   405  007EBA  3603               	rlcf	(??_secuencial_Efecto4+2)^0,f,c
   406  007EBC                     u274:
   407  007EBC  2E01               	decfsz	??_secuencial_Efecto4^0,f,c
   408  007EBE  EF5B  F03F         	goto	u275
   409  007EC2  5002               	movf	(??_secuencial_Efecto4+1)^0,w,c
   410  007EC4  2608               	addwf	secuencial_Efecto4@n^0,f,c	;volatile
   411  007EC6  5003               	movf	(??_secuencial_Efecto4+2)^0,w,c
   412  007EC8  2209               	addwfc	(secuencial_Efecto4@n+1)^0,f,c	;volatile
   413                           
   414                           ;Main.c: 97:         if(velocidad==1){_delay((unsigned long)((50)*(8000000/4000.0)));}
   415  007ECA  040C               	decf	_velocidad^0,w,c
   416  007ECC  100D               	iorwf	(_velocidad+1)^0,w,c
   417  007ECE  100E               	iorwf	(_velocidad+2)^0,w,c
   418  007ED0  100F               	iorwf	(_velocidad+3)^0,w,c
   419  007ED2  A4D8               	btfss	status,2,c
   420  007ED4  EF6E  F03F         	goto	u281
   421  007ED8  EF70  F03F         	goto	u280
   422  007EDC                     u281:
   423  007EDC  EF79  F03F         	goto	l886
   424  007EE0                     u280:
   425  007EE0  0E82               	movlw	130
   426  007EE2  6E01               	movwf	??_secuencial_Efecto4^0,c
   427  007EE4  0EDE               	movlw	222
   428  007EE6                     u387:
   429  007EE6  2EE8               	decfsz	wreg,f,c
   430  007EE8  D7FE               	bra	u387
   431  007EEA  2E01               	decfsz	??_secuencial_Efecto4^0,f,c
   432  007EEC  D7FC               	bra	u387
   433  007EEE  EFC7  F03F         	goto	l898
   434  007EF2                     l886:
   435  007EF2  0E02               	movlw	2
   436  007EF4  180C               	xorwf	_velocidad^0,w,c
   437  007EF6  100D               	iorwf	(_velocidad+1)^0,w,c
   438  007EF8  100E               	iorwf	(_velocidad+2)^0,w,c
   439  007EFA  100F               	iorwf	(_velocidad+3)^0,w,c
   440  007EFC  A4D8               	btfss	status,2,c
   441  007EFE  EF83  F03F         	goto	u291
   442  007F02  EF85  F03F         	goto	u290
   443  007F06                     u291:
   444  007F06  EF93  F03F         	goto	l890
   445  007F0A                     u290:
   446  007F0A  0E02               	movlw	2
   447  007F0C  6E02               	movwf	(??_secuencial_Efecto4+1)^0,c
   448  007F0E  0E04               	movlw	4
   449  007F10  6E01               	movwf	??_secuencial_Efecto4^0,c
   450  007F12  0EBA               	movlw	186
   451  007F14                     u397:
   452  007F14  2EE8               	decfsz	wreg,f,c
   453  007F16  D7FE               	bra	u397
   454  007F18  2E01               	decfsz	??_secuencial_Efecto4^0,f,c
   455  007F1A  D7FC               	bra	u397
   456  007F1C  2E02               	decfsz	(??_secuencial_Efecto4+1)^0,f,c
   457  007F1E  D7FA               	bra	u397
   458  007F20  D000               	nop2	
   459  007F22  EFC7  F03F         	goto	l898
   460  007F26                     l890:
   461  007F26  0E03               	movlw	3
   462  007F28  180C               	xorwf	_velocidad^0,w,c
   463  007F2A  100D               	iorwf	(_velocidad+1)^0,w,c
   464  007F2C  100E               	iorwf	(_velocidad+2)^0,w,c
   465  007F2E  100F               	iorwf	(_velocidad+3)^0,w,c
   466  007F30  A4D8               	btfss	status,2,c
   467  007F32  EF9D  F03F         	goto	u301
   468  007F36  EF9F  F03F         	goto	u300
   469  007F3A                     u301:
   470  007F3A  EFAD  F03F         	goto	l894
   471  007F3E                     u300:
   472  007F3E  0E03               	movlw	3
   473  007F40  6E02               	movwf	(??_secuencial_Efecto4+1)^0,c
   474  007F42  0E08               	movlw	8
   475  007F44  6E01               	movwf	??_secuencial_Efecto4^0,c
   476  007F46  0E77               	movlw	119
   477  007F48                     u407:
   478  007F48  2EE8               	decfsz	wreg,f,c
   479  007F4A  D7FE               	bra	u407
   480  007F4C  2E01               	decfsz	??_secuencial_Efecto4^0,f,c
   481  007F4E  D7FC               	bra	u407
   482  007F50  2E02               	decfsz	(??_secuencial_Efecto4+1)^0,f,c
   483  007F52  D7FA               	bra	u407
   484  007F54  F000               	nop	
   485  007F56  EFC7  F03F         	goto	l898
   486  007F5A                     l894:
   487  007F5A  0E04               	movlw	4
   488  007F5C  180C               	xorwf	_velocidad^0,w,c
   489  007F5E  100D               	iorwf	(_velocidad+1)^0,w,c
   490  007F60  100E               	iorwf	(_velocidad+2)^0,w,c
   491  007F62  100F               	iorwf	(_velocidad+3)^0,w,c
   492  007F64  A4D8               	btfss	status,2,c
   493  007F66  EFB7  F03F         	goto	u311
   494  007F6A  EFB9  F03F         	goto	u310
   495  007F6E                     u311:
   496  007F6E  EFC7  F03F         	goto	l90
   497  007F72                     u310:
   498  007F72  0E05               	movlw	5
   499  007F74  6E02               	movwf	(??_secuencial_Efecto4+1)^0,c
   500  007F76  0E0F               	movlw	15
   501  007F78  6E01               	movwf	??_secuencial_Efecto4^0,c
   502  007F7A  0EF1               	movlw	241
   503  007F7C                     u417:
   504  007F7C  2EE8               	decfsz	wreg,f,c
   505  007F7E  D7FE               	bra	u417
   506  007F80  2E01               	decfsz	??_secuencial_Efecto4^0,f,c
   507  007F82  D7FC               	bra	u417
   508  007F84  2E02               	decfsz	(??_secuencial_Efecto4+1)^0,f,c
   509  007F86  D7FA               	bra	u417
   510  007F88  F000               	nop	
   511  007F8A  EFC7  F03F         	goto	l898
   512  007F8E                     l90:
   513  007F8E                     l898:
   514                           
   515                           ;Main.c: 102:         if (!PORTBbits.RB6) {
   516  007F8E  BC81               	btfsc	129,6,c	;volatile
   517  007F90  EFCC  F03F         	goto	u321
   518  007F94  EFCE  F03F         	goto	u320
   519  007F98                     u321:
   520  007F98  EFEF  F03F         	goto	l906
   521  007F9C                     u320:
   522  007F9C                     
   523                           ;Main.c: 103:             _delay((unsigned long)((50)*(8000000/4000.0)));
   524  007F9C  0E82               	movlw	130
   525  007F9E  6E01               	movwf	??_secuencial_Efecto4^0,c
   526  007FA0  0EDE               	movlw	222
   527  007FA2                     u427:
   528  007FA2  2EE8               	decfsz	wreg,f,c
   529  007FA4  D7FE               	bra	u427
   530  007FA6  2E01               	decfsz	??_secuencial_Efecto4^0,f,c
   531  007FA8  D7FC               	bra	u427
   532  007FAA                     
   533                           ;Main.c: 104:             if(++velocidad==5){velocidad=1;}
   534  007FAA  0E01               	movlw	1
   535  007FAC  260C               	addwf	_velocidad^0,f,c
   536  007FAE  0E00               	movlw	0
   537  007FB0  220D               	addwfc	(_velocidad+1)^0,f,c
   538  007FB2  220E               	addwfc	(_velocidad+2)^0,f,c
   539  007FB4  220F               	addwfc	(_velocidad+3)^0,f,c
   540  007FB6  0E05               	movlw	5
   541  007FB8  180C               	xorwf	_velocidad^0,w,c
   542  007FBA  100D               	iorwf	(_velocidad+1)^0,w,c
   543  007FBC  100E               	iorwf	(_velocidad+2)^0,w,c
   544  007FBE  100F               	iorwf	(_velocidad+3)^0,w,c
   545  007FC0  A4D8               	btfss	status,2,c
   546  007FC2  EFE5  F03F         	goto	u331
   547  007FC6  EFE7  F03F         	goto	u330
   548  007FCA                     u331:
   549  007FCA  EFEF  F03F         	goto	l906
   550  007FCE                     u330:
   551  007FCE  0E01               	movlw	1
   552  007FD0  6E0C               	movwf	_velocidad^0,c
   553  007FD2  0E00               	movlw	0
   554  007FD4  6E0D               	movwf	(_velocidad+1)^0,c
   555  007FD6  0E00               	movlw	0
   556  007FD8  6E0E               	movwf	(_velocidad+2)^0,c
   557  007FDA  0E00               	movlw	0
   558  007FDC  6E0F               	movwf	(_velocidad+3)^0,c
   559  007FDE                     l906:
   560                           
   561                           ;Main.c: 106:     }
   562  007FDE  4A04               	infsnz	secuencial_Efecto4@i^0,f,c
   563  007FE0  2A05               	incf	(secuencial_Efecto4@i+1)^0,f,c
   564  007FE2  BE05               	btfsc	(secuencial_Efecto4@i+1)^0,7,c
   565  007FE4  EFFD  F03F         	goto	u341
   566  007FE8  5005               	movf	(secuencial_Efecto4@i+1)^0,w,c
   567  007FEA  E109               	bnz	u340
   568  007FEC  0E05               	movlw	5
   569  007FEE  5C04               	subwf	secuencial_Efecto4@i^0,w,c
   570  007FF0  A0D8               	btfss	status,0,c
   571  007FF2  EFFD  F03F         	goto	u341
   572  007FF6  EFFF  F03F         	goto	u340
   573  007FFA                     u341:
   574  007FFA  EF3B  F03F         	goto	l882
   575  007FFE                     u340:
   576  007FFE  0012               	return		;funcret
   577  008000                     __end_of_secuencial_Efecto4:
   578                           	opt callstack 0
   579                           
   580 ;; *************** function _secuencial_Efecto3 *****************
   581 ;; Defined at:
   582 ;;		line 76 in file "Main.c"
   583 ;; Parameters:    Size  Location     Type
   584 ;;		None
   585 ;; Auto vars:     Size  Location     Type
   586 ;;  i               2    2[COMRAM] int 
   587 ;; Return value:  Size  Location     Type
   588 ;;                  1    wreg      void 
   589 ;; Registers used:
   590 ;;		wreg, status,2, status,0
   591 ;; Tracked objects:
   592 ;;		On entry : 0/0
   593 ;;		On exit  : 0/0
   594 ;;		Unchanged: 0/0
   595 ;; Data sizes:     COMRAM   BANK0   BANK1   BANK2   BANK3   BANK4   BANK5   BANK6   BANK7
   596 ;;      Params:         0       0       0       0       0       0       0       0       0
   597 ;;      Locals:         2       0       0       0       0       0       0       0       0
   598 ;;      Temps:          2       0       0       0       0       0       0       0       0
   599 ;;      Totals:         4       0       0       0       0       0       0       0       0
   600 ;;Total ram usage:        4 bytes
   601 ;; Hardware stack levels used:    1
   602 ;; This function calls:
   603 ;;		Nothing
   604 ;; This function is called by:
   605 ;;		_main
   606 ;; This function uses a non-reentrant model
   607 ;;
   608                           
   609                           	psect	text2
   610  007B72                     __ptext2:
   611                           	opt callstack 0
   612  007B72                     _secuencial_Efecto3:
   613                           	opt callstack 30
   614  007B72                     
   615                           ;Main.c: 77:     for (int i = 0; i < 9; i++) {
   616  007B72  0E00               	movlw	0
   617  007B74  6E04               	movwf	(secuencial_Efecto3@i+1)^0,c
   618  007B76  0E00               	movlw	0
   619  007B78  6E03               	movwf	secuencial_Efecto3@i^0,c
   620  007B7A                     l844:
   621  007B7A  BE04               	btfsc	(secuencial_Efecto3@i+1)^0,7,c
   622  007B7C  EFC9  F03D         	goto	u181
   623  007B80  5004               	movf	(secuencial_Efecto3@i+1)^0,w,c
   624  007B82  E109               	bnz	u180
   625  007B84  0E09               	movlw	9
   626  007B86  5C03               	subwf	secuencial_Efecto3@i^0,w,c
   627  007B88  A0D8               	btfss	status,0,c
   628  007B8A  EFC9  F03D         	goto	u181
   629  007B8E  EFCB  F03D         	goto	u180
   630  007B92                     u181:
   631  007B92  EFCD  F03D         	goto	l848
   632  007B96                     u180:
   633  007B96  EF69  F03E         	goto	l82
   634  007B9A                     l848:
   635                           
   636                           ;Main.c: 78:         LATD = (1 << i) - 1;
   637  007B9A  C003  F001         	movff	secuencial_Efecto3@i,??_secuencial_Efecto3
   638  007B9E  0E01               	movlw	1
   639  007BA0  6E02               	movwf	(??_secuencial_Efecto3+1)^0,c
   640  007BA2  2A01               	incf	??_secuencial_Efecto3^0,f,c
   641  007BA4  EFD6  F03D         	goto	u194
   642  007BA8                     u195:
   643  007BA8  90D8               	bcf	status,0,c
   644  007BAA  3602               	rlcf	(??_secuencial_Efecto3+1)^0,f,c
   645  007BAC                     u194:
   646  007BAC  2E01               	decfsz	??_secuencial_Efecto3^0,f,c
   647  007BAE  EFD4  F03D         	goto	u195
   648  007BB2  0402               	decf	(??_secuencial_Efecto3+1)^0,w,c
   649  007BB4  6E8C               	movwf	140,c	;volatile
   650                           
   651                           ;Main.c: 79:         if(velocidad==1){_delay((unsigned long)((50)*(8000000/4000.0)));}
   652  007BB6  040C               	decf	_velocidad^0,w,c
   653  007BB8  100D               	iorwf	(_velocidad+1)^0,w,c
   654  007BBA  100E               	iorwf	(_velocidad+2)^0,w,c
   655  007BBC  100F               	iorwf	(_velocidad+3)^0,w,c
   656  007BBE  A4D8               	btfss	status,2,c
   657  007BC0  EFE4  F03D         	goto	u201
   658  007BC4  EFE6  F03D         	goto	u200
   659  007BC8                     u201:
   660  007BC8  EFEF  F03D         	goto	l852
   661  007BCC                     u200:
   662  007BCC  0E82               	movlw	130
   663  007BCE  6E01               	movwf	??_secuencial_Efecto3^0,c
   664  007BD0  0EDE               	movlw	222
   665  007BD2                     u437:
   666  007BD2  2EE8               	decfsz	wreg,f,c
   667  007BD4  D7FE               	bra	u437
   668  007BD6  2E01               	decfsz	??_secuencial_Efecto3^0,f,c
   669  007BD8  D7FC               	bra	u437
   670  007BDA  EF3D  F03E         	goto	l864
   671  007BDE                     l852:
   672  007BDE  0E02               	movlw	2
   673  007BE0  180C               	xorwf	_velocidad^0,w,c
   674  007BE2  100D               	iorwf	(_velocidad+1)^0,w,c
   675  007BE4  100E               	iorwf	(_velocidad+2)^0,w,c
   676  007BE6  100F               	iorwf	(_velocidad+3)^0,w,c
   677  007BE8  A4D8               	btfss	status,2,c
   678  007BEA  EFF9  F03D         	goto	u211
   679  007BEE  EFFB  F03D         	goto	u210
   680  007BF2                     u211:
   681  007BF2  EF09  F03E         	goto	l856
   682  007BF6                     u210:
   683  007BF6  0E02               	movlw	2
   684  007BF8  6E02               	movwf	(??_secuencial_Efecto3+1)^0,c
   685  007BFA  0E04               	movlw	4
   686  007BFC  6E01               	movwf	??_secuencial_Efecto3^0,c
   687  007BFE  0EBA               	movlw	186
   688  007C00                     u447:
   689  007C00  2EE8               	decfsz	wreg,f,c
   690  007C02  D7FE               	bra	u447
   691  007C04  2E01               	decfsz	??_secuencial_Efecto3^0,f,c
   692  007C06  D7FC               	bra	u447
   693  007C08  2E02               	decfsz	(??_secuencial_Efecto3+1)^0,f,c
   694  007C0A  D7FA               	bra	u447
   695  007C0C  D000               	nop2	
   696  007C0E  EF3D  F03E         	goto	l864
   697  007C12                     l856:
   698  007C12  0E03               	movlw	3
   699  007C14  180C               	xorwf	_velocidad^0,w,c
   700  007C16  100D               	iorwf	(_velocidad+1)^0,w,c
   701  007C18  100E               	iorwf	(_velocidad+2)^0,w,c
   702  007C1A  100F               	iorwf	(_velocidad+3)^0,w,c
   703  007C1C  A4D8               	btfss	status,2,c
   704  007C1E  EF13  F03E         	goto	u221
   705  007C22  EF15  F03E         	goto	u220
   706  007C26                     u221:
   707  007C26  EF23  F03E         	goto	l860
   708  007C2A                     u220:
   709  007C2A  0E03               	movlw	3
   710  007C2C  6E02               	movwf	(??_secuencial_Efecto3+1)^0,c
   711  007C2E  0E08               	movlw	8
   712  007C30  6E01               	movwf	??_secuencial_Efecto3^0,c
   713  007C32  0E77               	movlw	119
   714  007C34                     u457:
   715  007C34  2EE8               	decfsz	wreg,f,c
   716  007C36  D7FE               	bra	u457
   717  007C38  2E01               	decfsz	??_secuencial_Efecto3^0,f,c
   718  007C3A  D7FC               	bra	u457
   719  007C3C  2E02               	decfsz	(??_secuencial_Efecto3+1)^0,f,c
   720  007C3E  D7FA               	bra	u457
   721  007C40  F000               	nop	
   722  007C42  EF3D  F03E         	goto	l864
   723  007C46                     l860:
   724  007C46  0E04               	movlw	4
   725  007C48  180C               	xorwf	_velocidad^0,w,c
   726  007C4A  100D               	iorwf	(_velocidad+1)^0,w,c
   727  007C4C  100E               	iorwf	(_velocidad+2)^0,w,c
   728  007C4E  100F               	iorwf	(_velocidad+3)^0,w,c
   729  007C50  A4D8               	btfss	status,2,c
   730  007C52  EF2D  F03E         	goto	u231
   731  007C56  EF2F  F03E         	goto	u230
   732  007C5A                     u231:
   733  007C5A  EF3D  F03E         	goto	l76
   734  007C5E                     u230:
   735  007C5E  0E05               	movlw	5
   736  007C60  6E02               	movwf	(??_secuencial_Efecto3+1)^0,c
   737  007C62  0E0F               	movlw	15
   738  007C64  6E01               	movwf	??_secuencial_Efecto3^0,c
   739  007C66  0EF1               	movlw	241
   740  007C68                     u467:
   741  007C68  2EE8               	decfsz	wreg,f,c
   742  007C6A  D7FE               	bra	u467
   743  007C6C  2E01               	decfsz	??_secuencial_Efecto3^0,f,c
   744  007C6E  D7FC               	bra	u467
   745  007C70  2E02               	decfsz	(??_secuencial_Efecto3+1)^0,f,c
   746  007C72  D7FA               	bra	u467
   747  007C74  F000               	nop	
   748  007C76  EF3D  F03E         	goto	l864
   749  007C7A                     l76:
   750  007C7A                     l864:
   751                           
   752                           ;Main.c: 84:         if (!PORTBbits.RB6) {
   753  007C7A  BC81               	btfsc	129,6,c	;volatile
   754  007C7C  EF42  F03E         	goto	u241
   755  007C80  EF44  F03E         	goto	u240
   756  007C84                     u241:
   757  007C84  EF65  F03E         	goto	l872
   758  007C88                     u240:
   759  007C88                     
   760                           ;Main.c: 85:             _delay((unsigned long)((50)*(8000000/4000.0)));
   761  007C88  0E82               	movlw	130
   762  007C8A  6E01               	movwf	??_secuencial_Efecto3^0,c
   763  007C8C  0EDE               	movlw	222
   764  007C8E                     u477:
   765  007C8E  2EE8               	decfsz	wreg,f,c
   766  007C90  D7FE               	bra	u477
   767  007C92  2E01               	decfsz	??_secuencial_Efecto3^0,f,c
   768  007C94  D7FC               	bra	u477
   769  007C96                     
   770                           ;Main.c: 86:             if(++velocidad==5){velocidad=1;}
   771  007C96  0E01               	movlw	1
   772  007C98  260C               	addwf	_velocidad^0,f,c
   773  007C9A  0E00               	movlw	0
   774  007C9C  220D               	addwfc	(_velocidad+1)^0,f,c
   775  007C9E  220E               	addwfc	(_velocidad+2)^0,f,c
   776  007CA0  220F               	addwfc	(_velocidad+3)^0,f,c
   777  007CA2  0E05               	movlw	5
   778  007CA4  180C               	xorwf	_velocidad^0,w,c
   779  007CA6  100D               	iorwf	(_velocidad+1)^0,w,c
   780  007CA8  100E               	iorwf	(_velocidad+2)^0,w,c
   781  007CAA  100F               	iorwf	(_velocidad+3)^0,w,c
   782  007CAC  A4D8               	btfss	status,2,c
   783  007CAE  EF5B  F03E         	goto	u251
   784  007CB2  EF5D  F03E         	goto	u250
   785  007CB6                     u251:
   786  007CB6  EF65  F03E         	goto	l872
   787  007CBA                     u250:
   788  007CBA  0E01               	movlw	1
   789  007CBC  6E0C               	movwf	_velocidad^0,c
   790  007CBE  0E00               	movlw	0
   791  007CC0  6E0D               	movwf	(_velocidad+1)^0,c
   792  007CC2  0E00               	movlw	0
   793  007CC4  6E0E               	movwf	(_velocidad+2)^0,c
   794  007CC6  0E00               	movlw	0
   795  007CC8  6E0F               	movwf	(_velocidad+3)^0,c
   796  007CCA                     l872:
   797                           
   798                           ;Main.c: 88:     }
   799  007CCA  4A03               	infsnz	secuencial_Efecto3@i^0,f,c
   800  007CCC  2A04               	incf	(secuencial_Efecto3@i+1)^0,f,c
   801  007CCE  EFBD  F03D         	goto	l844
   802  007CD2                     l82:
   803  007CD2  0012               	return		;funcret
   804  007CD4                     __end_of_secuencial_Efecto3:
   805                           	opt callstack 0
   806                           
   807 ;; *************** function _secuencial_Efecto2 *****************
   808 ;; Defined at:
   809 ;;		line 61 in file "Main.c"
   810 ;; Parameters:    Size  Location     Type
   811 ;;		None
   812 ;; Auto vars:     Size  Location     Type
   813 ;;  i               2    6[COMRAM] int 
   814 ;;  j               2    4[COMRAM] int 
   815 ;; Return value:  Size  Location     Type
   816 ;;                  1    wreg      void 
   817 ;; Registers used:
   818 ;;		wreg, status,2, status,0
   819 ;; Tracked objects:
   820 ;;		On entry : 0/0
   821 ;;		On exit  : 0/0
   822 ;;		Unchanged: 0/0
   823 ;; Data sizes:     COMRAM   BANK0   BANK1   BANK2   BANK3   BANK4   BANK5   BANK6   BANK7
   824 ;;      Params:         0       0       0       0       0       0       0       0       0
   825 ;;      Locals:         4       0       0       0       0       0       0       0       0
   826 ;;      Temps:          4       0       0       0       0       0       0       0       0
   827 ;;      Totals:         8       0       0       0       0       0       0       0       0
   828 ;;Total ram usage:        8 bytes
   829 ;; Hardware stack levels used:    1
   830 ;; This function calls:
   831 ;;		Nothing
   832 ;; This function is called by:
   833 ;;		_main
   834 ;; This function uses a non-reentrant model
   835 ;;
   836                           
   837                           	psect	text3
   838  007CD4                     __ptext3:
   839                           	opt callstack 0
   840  007CD4                     _secuencial_Efecto2:
   841                           	opt callstack 30
   842  007CD4                     
   843                           ;Main.c: 62:     for (int i = 0, j = 7; i < 8; i++, j--) {
   844  007CD4  0E00               	movlw	0
   845  007CD6  6E08               	movwf	(secuencial_Efecto2@i+1)^0,c
   846  007CD8  0E00               	movlw	0
   847  007CDA  6E07               	movwf	secuencial_Efecto2@i^0,c
   848  007CDC  0E00               	movlw	0
   849  007CDE  6E06               	movwf	(secuencial_Efecto2@j+1)^0,c
   850  007CE0  0E07               	movlw	7
   851  007CE2  6E05               	movwf	secuencial_Efecto2@j^0,c
   852  007CE4                     l808:
   853  007CE4  BE08               	btfsc	(secuencial_Efecto2@i+1)^0,7,c
   854  007CE6  EF7E  F03E         	goto	u91
   855  007CEA  5008               	movf	(secuencial_Efecto2@i+1)^0,w,c
   856  007CEC  E109               	bnz	u90
   857  007CEE  0E08               	movlw	8
   858  007CF0  5C07               	subwf	secuencial_Efecto2@i^0,w,c
   859  007CF2  A0D8               	btfss	status,0,c
   860  007CF4  EF7E  F03E         	goto	u91
   861  007CF8  EF80  F03E         	goto	u90
   862  007CFC                     u91:
   863  007CFC  EF82  F03E         	goto	l812
   864  007D00                     u90:
   865  007D00  EF2E  F03F         	goto	l68
   866  007D04                     l812:
   867                           
   868                           ;Main.c: 63:         LATD = (1 << i) + (1 << j);
   869  007D04  C005  F001         	movff	secuencial_Efecto2@j,??_secuencial_Efecto2
   870  007D08  0E01               	movlw	1
   871  007D0A  6E02               	movwf	(??_secuencial_Efecto2+1)^0,c
   872  007D0C  2A01               	incf	??_secuencial_Efecto2^0,f,c
   873  007D0E  EF8B  F03E         	goto	u104
   874  007D12                     u105:
   875  007D12  90D8               	bcf	status,0,c
   876  007D14  3602               	rlcf	(??_secuencial_Efecto2+1)^0,f,c
   877  007D16                     u104:
   878  007D16  2E01               	decfsz	??_secuencial_Efecto2^0,f,c
   879  007D18  EF89  F03E         	goto	u105
   880  007D1C  C007  F003         	movff	secuencial_Efecto2@i,??_secuencial_Efecto2+2
   881  007D20  0E01               	movlw	1
   882  007D22  6E04               	movwf	(??_secuencial_Efecto2+3)^0,c
   883  007D24  2A03               	incf	(??_secuencial_Efecto2+2)^0,f,c
   884  007D26  EF97  F03E         	goto	u114
   885  007D2A                     u115:
   886  007D2A  90D8               	bcf	status,0,c
   887  007D2C  3604               	rlcf	(??_secuencial_Efecto2+3)^0,f,c
   888  007D2E                     u114:
   889  007D2E  2E03               	decfsz	(??_secuencial_Efecto2+2)^0,f,c
   890  007D30  EF95  F03E         	goto	u115
   891  007D34  5004               	movf	(??_secuencial_Efecto2+3)^0,w,c
   892  007D36  2402               	addwf	(??_secuencial_Efecto2+1)^0,w,c
   893  007D38  6E8C               	movwf	140,c	;volatile
   894                           
   895                           ;Main.c: 64:         if(velocidad==1){_delay((unsigned long)((50)*(8000000/4000.0)));}
   896  007D3A  040C               	decf	_velocidad^0,w,c
   897  007D3C  100D               	iorwf	(_velocidad+1)^0,w,c
   898  007D3E  100E               	iorwf	(_velocidad+2)^0,w,c
   899  007D40  100F               	iorwf	(_velocidad+3)^0,w,c
   900  007D42  A4D8               	btfss	status,2,c
   901  007D44  EFA6  F03E         	goto	u121
   902  007D48  EFA8  F03E         	goto	u120
   903  007D4C                     u121:
   904  007D4C  EFB1  F03E         	goto	l816
   905  007D50                     u120:
   906  007D50  0E82               	movlw	130
   907  007D52  6E01               	movwf	??_secuencial_Efecto2^0,c
   908  007D54  0EDE               	movlw	222
   909  007D56                     u487:
   910  007D56  2EE8               	decfsz	wreg,f,c
   911  007D58  D7FE               	bra	u487
   912  007D5A  2E01               	decfsz	??_secuencial_Efecto2^0,f,c
   913  007D5C  D7FC               	bra	u487
   914  007D5E  EFFF  F03E         	goto	l828
   915  007D62                     l816:
   916  007D62  0E02               	movlw	2
   917  007D64  180C               	xorwf	_velocidad^0,w,c
   918  007D66  100D               	iorwf	(_velocidad+1)^0,w,c
   919  007D68  100E               	iorwf	(_velocidad+2)^0,w,c
   920  007D6A  100F               	iorwf	(_velocidad+3)^0,w,c
   921  007D6C  A4D8               	btfss	status,2,c
   922  007D6E  EFBB  F03E         	goto	u131
   923  007D72  EFBD  F03E         	goto	u130
   924  007D76                     u131:
   925  007D76  EFCB  F03E         	goto	l820
   926  007D7A                     u130:
   927  007D7A  0E02               	movlw	2
   928  007D7C  6E02               	movwf	(??_secuencial_Efecto2+1)^0,c
   929  007D7E  0E04               	movlw	4
   930  007D80  6E01               	movwf	??_secuencial_Efecto2^0,c
   931  007D82  0EBA               	movlw	186
   932  007D84                     u497:
   933  007D84  2EE8               	decfsz	wreg,f,c
   934  007D86  D7FE               	bra	u497
   935  007D88  2E01               	decfsz	??_secuencial_Efecto2^0,f,c
   936  007D8A  D7FC               	bra	u497
   937  007D8C  2E02               	decfsz	(??_secuencial_Efecto2+1)^0,f,c
   938  007D8E  D7FA               	bra	u497
   939  007D90  D000               	nop2	
   940  007D92  EFFF  F03E         	goto	l828
   941  007D96                     l820:
   942  007D96  0E03               	movlw	3
   943  007D98  180C               	xorwf	_velocidad^0,w,c
   944  007D9A  100D               	iorwf	(_velocidad+1)^0,w,c
   945  007D9C  100E               	iorwf	(_velocidad+2)^0,w,c
   946  007D9E  100F               	iorwf	(_velocidad+3)^0,w,c
   947  007DA0  A4D8               	btfss	status,2,c
   948  007DA2  EFD5  F03E         	goto	u141
   949  007DA6  EFD7  F03E         	goto	u140
   950  007DAA                     u141:
   951  007DAA  EFE5  F03E         	goto	l824
   952  007DAE                     u140:
   953  007DAE  0E03               	movlw	3
   954  007DB0  6E02               	movwf	(??_secuencial_Efecto2+1)^0,c
   955  007DB2  0E08               	movlw	8
   956  007DB4  6E01               	movwf	??_secuencial_Efecto2^0,c
   957  007DB6  0E77               	movlw	119
   958  007DB8                     u507:
   959  007DB8  2EE8               	decfsz	wreg,f,c
   960  007DBA  D7FE               	bra	u507
   961  007DBC  2E01               	decfsz	??_secuencial_Efecto2^0,f,c
   962  007DBE  D7FC               	bra	u507
   963  007DC0  2E02               	decfsz	(??_secuencial_Efecto2+1)^0,f,c
   964  007DC2  D7FA               	bra	u507
   965  007DC4  F000               	nop	
   966  007DC6  EFFF  F03E         	goto	l828
   967  007DCA                     l824:
   968  007DCA  0E04               	movlw	4
   969  007DCC  180C               	xorwf	_velocidad^0,w,c
   970  007DCE  100D               	iorwf	(_velocidad+1)^0,w,c
   971  007DD0  100E               	iorwf	(_velocidad+2)^0,w,c
   972  007DD2  100F               	iorwf	(_velocidad+3)^0,w,c
   973  007DD4  A4D8               	btfss	status,2,c
   974  007DD6  EFEF  F03E         	goto	u151
   975  007DDA  EFF1  F03E         	goto	u150
   976  007DDE                     u151:
   977  007DDE  EFFF  F03E         	goto	l62
   978  007DE2                     u150:
   979  007DE2  0E05               	movlw	5
   980  007DE4  6E02               	movwf	(??_secuencial_Efecto2+1)^0,c
   981  007DE6  0E0F               	movlw	15
   982  007DE8  6E01               	movwf	??_secuencial_Efecto2^0,c
   983  007DEA  0EF1               	movlw	241
   984  007DEC                     u517:
   985  007DEC  2EE8               	decfsz	wreg,f,c
   986  007DEE  D7FE               	bra	u517
   987  007DF0  2E01               	decfsz	??_secuencial_Efecto2^0,f,c
   988  007DF2  D7FC               	bra	u517
   989  007DF4  2E02               	decfsz	(??_secuencial_Efecto2+1)^0,f,c
   990  007DF6  D7FA               	bra	u517
   991  007DF8  F000               	nop	
   992  007DFA  EFFF  F03E         	goto	l828
   993  007DFE                     l62:
   994  007DFE                     l828:
   995                           
   996                           ;Main.c: 69:         if (!PORTBbits.RB6) {
   997  007DFE  BC81               	btfsc	129,6,c	;volatile
   998  007E00  EF04  F03F         	goto	u161
   999  007E04  EF06  F03F         	goto	u160
  1000  007E08                     u161:
  1001  007E08  EF27  F03F         	goto	l836
  1002  007E0C                     u160:
  1003  007E0C                     
  1004                           ;Main.c: 70:             _delay((unsigned long)((50)*(8000000/4000.0)));
  1005  007E0C  0E82               	movlw	130
  1006  007E0E  6E01               	movwf	??_secuencial_Efecto2^0,c
  1007  007E10  0EDE               	movlw	222
  1008  007E12                     u527:
  1009  007E12  2EE8               	decfsz	wreg,f,c
  1010  007E14  D7FE               	bra	u527
  1011  007E16  2E01               	decfsz	??_secuencial_Efecto2^0,f,c
  1012  007E18  D7FC               	bra	u527
  1013  007E1A                     
  1014                           ;Main.c: 71:             if(++velocidad==5){velocidad=1;}
  1015  007E1A  0E01               	movlw	1
  1016  007E1C  260C               	addwf	_velocidad^0,f,c
  1017  007E1E  0E00               	movlw	0
  1018  007E20  220D               	addwfc	(_velocidad+1)^0,f,c
  1019  007E22  220E               	addwfc	(_velocidad+2)^0,f,c
  1020  007E24  220F               	addwfc	(_velocidad+3)^0,f,c
  1021  007E26  0E05               	movlw	5
  1022  007E28  180C               	xorwf	_velocidad^0,w,c
  1023  007E2A  100D               	iorwf	(_velocidad+1)^0,w,c
  1024  007E2C  100E               	iorwf	(_velocidad+2)^0,w,c
  1025  007E2E  100F               	iorwf	(_velocidad+3)^0,w,c
  1026  007E30  A4D8               	btfss	status,2,c
  1027  007E32  EF1D  F03F         	goto	u171
  1028  007E36  EF1F  F03F         	goto	u170
  1029  007E3A                     u171:
  1030  007E3A  EF27  F03F         	goto	l836
  1031  007E3E                     u170:
  1032  007E3E  0E01               	movlw	1
  1033  007E40  6E0C               	movwf	_velocidad^0,c
  1034  007E42  0E00               	movlw	0
  1035  007E44  6E0D               	movwf	(_velocidad+1)^0,c
  1036  007E46  0E00               	movlw	0
  1037  007E48  6E0E               	movwf	(_velocidad+2)^0,c
  1038  007E4A  0E00               	movlw	0
  1039  007E4C  6E0F               	movwf	(_velocidad+3)^0,c
  1040  007E4E                     l836:
  1041                           
  1042                           ;Main.c: 73:     }
  1043  007E4E  4A07               	infsnz	secuencial_Efecto2@i^0,f,c
  1044  007E50  2A08               	incf	(secuencial_Efecto2@i+1)^0,f,c
  1045  007E52  0605               	decf	secuencial_Efecto2@j^0,f,c
  1046  007E54  A0D8               	btfss	status,0,c
  1047  007E56  0606               	decf	(secuencial_Efecto2@j+1)^0,f,c
  1048  007E58  EF72  F03E         	goto	l808
  1049  007E5C                     l68:
  1050  007E5C  0012               	return		;funcret
  1051  007E5E                     __end_of_secuencial_Efecto2:
  1052                           	opt callstack 0
  1053                           
  1054 ;; *************** function _secuencial_Efecto1 *****************
  1055 ;; Defined at:
  1056 ;;		line 46 in file "Main.c"
  1057 ;; Parameters:    Size  Location     Type
  1058 ;;		None
  1059 ;; Auto vars:     Size  Location     Type
  1060 ;;  i               2    2[COMRAM] int 
  1061 ;; Return value:  Size  Location     Type
  1062 ;;                  1    wreg      void 
  1063 ;; Registers used:
  1064 ;;		wreg, status,2, status,0
  1065 ;; Tracked objects:
  1066 ;;		On entry : 0/0
  1067 ;;		On exit  : 0/0
  1068 ;;		Unchanged: 0/0
  1069 ;; Data sizes:     COMRAM   BANK0   BANK1   BANK2   BANK3   BANK4   BANK5   BANK6   BANK7
  1070 ;;      Params:         0       0       0       0       0       0       0       0       0
  1071 ;;      Locals:         2       0       0       0       0       0       0       0       0
  1072 ;;      Temps:          2       0       0       0       0       0       0       0       0
  1073 ;;      Totals:         4       0       0       0       0       0       0       0       0
  1074 ;;Total ram usage:        4 bytes
  1075 ;; Hardware stack levels used:    1
  1076 ;; This function calls:
  1077 ;;		Nothing
  1078 ;; This function is called by:
  1079 ;;		_main
  1080 ;; This function uses a non-reentrant model
  1081 ;;
  1082                           
  1083                           	psect	text4
  1084  007A10                     __ptext4:
  1085                           	opt callstack 0
  1086  007A10                     _secuencial_Efecto1:
  1087                           	opt callstack 30
  1088  007A10                     
  1089                           ;Main.c: 47:     for (int i = 0; i < 8; i++) {
  1090  007A10  0E00               	movlw	0
  1091  007A12  6E04               	movwf	(secuencial_Efecto1@i+1)^0,c
  1092  007A14  0E00               	movlw	0
  1093  007A16  6E03               	movwf	secuencial_Efecto1@i^0,c
  1094  007A18                     l774:
  1095  007A18  BE04               	btfsc	(secuencial_Efecto1@i+1)^0,7,c
  1096  007A1A  EF18  F03D         	goto	u11
  1097  007A1E  5004               	movf	(secuencial_Efecto1@i+1)^0,w,c
  1098  007A20  E109               	bnz	u10
  1099  007A22  0E08               	movlw	8
  1100  007A24  5C03               	subwf	secuencial_Efecto1@i^0,w,c
  1101  007A26  A0D8               	btfss	status,0,c
  1102  007A28  EF18  F03D         	goto	u11
  1103  007A2C  EF1A  F03D         	goto	u10
  1104  007A30                     u11:
  1105  007A30  EF1C  F03D         	goto	l778
  1106  007A34                     u10:
  1107  007A34  EFB8  F03D         	goto	l54
  1108  007A38                     l778:
  1109                           
  1110                           ;Main.c: 48:         LATD = 1 << i;
  1111  007A38  C003  F001         	movff	secuencial_Efecto1@i,??_secuencial_Efecto1
  1112  007A3C  0E01               	movlw	1
  1113  007A3E  6E02               	movwf	(??_secuencial_Efecto1+1)^0,c
  1114  007A40  2A01               	incf	??_secuencial_Efecto1^0,f,c
  1115  007A42  EF25  F03D         	goto	u24
  1116  007A46                     u25:
  1117  007A46  90D8               	bcf	status,0,c
  1118  007A48  3602               	rlcf	(??_secuencial_Efecto1+1)^0,f,c
  1119  007A4A                     u24:
  1120  007A4A  2E01               	decfsz	??_secuencial_Efecto1^0,f,c
  1121  007A4C  EF23  F03D         	goto	u25
  1122  007A50  5002               	movf	(??_secuencial_Efecto1+1)^0,w,c
  1123  007A52  6E8C               	movwf	140,c	;volatile
  1124                           
  1125                           ;Main.c: 49:         if(velocidad==1){_delay((unsigned long)((50)*(8000000/4000.0)));}
  1126  007A54  040C               	decf	_velocidad^0,w,c
  1127  007A56  100D               	iorwf	(_velocidad+1)^0,w,c
  1128  007A58  100E               	iorwf	(_velocidad+2)^0,w,c
  1129  007A5A  100F               	iorwf	(_velocidad+3)^0,w,c
  1130  007A5C  A4D8               	btfss	status,2,c
  1131  007A5E  EF33  F03D         	goto	u31
  1132  007A62  EF35  F03D         	goto	u30
  1133  007A66                     u31:
  1134  007A66  EF3E  F03D         	goto	l782
  1135  007A6A                     u30:
  1136  007A6A  0E82               	movlw	130
  1137  007A6C  6E01               	movwf	??_secuencial_Efecto1^0,c
  1138  007A6E  0EDE               	movlw	222
  1139  007A70                     u537:
  1140  007A70  2EE8               	decfsz	wreg,f,c
  1141  007A72  D7FE               	bra	u537
  1142  007A74  2E01               	decfsz	??_secuencial_Efecto1^0,f,c
  1143  007A76  D7FC               	bra	u537
  1144  007A78  EF8C  F03D         	goto	l794
  1145  007A7C                     l782:
  1146  007A7C  0E02               	movlw	2
  1147  007A7E  180C               	xorwf	_velocidad^0,w,c
  1148  007A80  100D               	iorwf	(_velocidad+1)^0,w,c
  1149  007A82  100E               	iorwf	(_velocidad+2)^0,w,c
  1150  007A84  100F               	iorwf	(_velocidad+3)^0,w,c
  1151  007A86  A4D8               	btfss	status,2,c
  1152  007A88  EF48  F03D         	goto	u41
  1153  007A8C  EF4A  F03D         	goto	u40
  1154  007A90                     u41:
  1155  007A90  EF58  F03D         	goto	l786
  1156  007A94                     u40:
  1157  007A94  0E02               	movlw	2
  1158  007A96  6E02               	movwf	(??_secuencial_Efecto1+1)^0,c
  1159  007A98  0E04               	movlw	4
  1160  007A9A  6E01               	movwf	??_secuencial_Efecto1^0,c
  1161  007A9C  0EBA               	movlw	186
  1162  007A9E                     u547:
  1163  007A9E  2EE8               	decfsz	wreg,f,c
  1164  007AA0  D7FE               	bra	u547
  1165  007AA2  2E01               	decfsz	??_secuencial_Efecto1^0,f,c
  1166  007AA4  D7FC               	bra	u547
  1167  007AA6  2E02               	decfsz	(??_secuencial_Efecto1+1)^0,f,c
  1168  007AA8  D7FA               	bra	u547
  1169  007AAA  D000               	nop2	
  1170  007AAC  EF8C  F03D         	goto	l794
  1171  007AB0                     l786:
  1172  007AB0  0E03               	movlw	3
  1173  007AB2  180C               	xorwf	_velocidad^0,w,c
  1174  007AB4  100D               	iorwf	(_velocidad+1)^0,w,c
  1175  007AB6  100E               	iorwf	(_velocidad+2)^0,w,c
  1176  007AB8  100F               	iorwf	(_velocidad+3)^0,w,c
  1177  007ABA  A4D8               	btfss	status,2,c
  1178  007ABC  EF62  F03D         	goto	u51
  1179  007AC0  EF64  F03D         	goto	u50
  1180  007AC4                     u51:
  1181  007AC4  EF72  F03D         	goto	l790
  1182  007AC8                     u50:
  1183  007AC8  0E03               	movlw	3
  1184  007ACA  6E02               	movwf	(??_secuencial_Efecto1+1)^0,c
  1185  007ACC  0E08               	movlw	8
  1186  007ACE  6E01               	movwf	??_secuencial_Efecto1^0,c
  1187  007AD0  0E77               	movlw	119
  1188  007AD2                     u557:
  1189  007AD2  2EE8               	decfsz	wreg,f,c
  1190  007AD4  D7FE               	bra	u557
  1191  007AD6  2E01               	decfsz	??_secuencial_Efecto1^0,f,c
  1192  007AD8  D7FC               	bra	u557
  1193  007ADA  2E02               	decfsz	(??_secuencial_Efecto1+1)^0,f,c
  1194  007ADC  D7FA               	bra	u557
  1195  007ADE  F000               	nop	
  1196  007AE0  EF8C  F03D         	goto	l794
  1197  007AE4                     l790:
  1198  007AE4  0E04               	movlw	4
  1199  007AE6  180C               	xorwf	_velocidad^0,w,c
  1200  007AE8  100D               	iorwf	(_velocidad+1)^0,w,c
  1201  007AEA  100E               	iorwf	(_velocidad+2)^0,w,c
  1202  007AEC  100F               	iorwf	(_velocidad+3)^0,w,c
  1203  007AEE  A4D8               	btfss	status,2,c
  1204  007AF0  EF7C  F03D         	goto	u61
  1205  007AF4  EF7E  F03D         	goto	u60
  1206  007AF8                     u61:
  1207  007AF8  EF8C  F03D         	goto	l48
  1208  007AFC                     u60:
  1209  007AFC  0E05               	movlw	5
  1210  007AFE  6E02               	movwf	(??_secuencial_Efecto1+1)^0,c
  1211  007B00  0E0F               	movlw	15
  1212  007B02  6E01               	movwf	??_secuencial_Efecto1^0,c
  1213  007B04  0EF1               	movlw	241
  1214  007B06                     u567:
  1215  007B06  2EE8               	decfsz	wreg,f,c
  1216  007B08  D7FE               	bra	u567
  1217  007B0A  2E01               	decfsz	??_secuencial_Efecto1^0,f,c
  1218  007B0C  D7FC               	bra	u567
  1219  007B0E  2E02               	decfsz	(??_secuencial_Efecto1+1)^0,f,c
  1220  007B10  D7FA               	bra	u567
  1221  007B12  F000               	nop	
  1222  007B14  EF8C  F03D         	goto	l794
  1223  007B18                     l48:
  1224  007B18                     l794:
  1225                           
  1226                           ;Main.c: 54:         if (!PORTBbits.RB6) {
  1227  007B18  BC81               	btfsc	129,6,c	;volatile
  1228  007B1A  EF91  F03D         	goto	u71
  1229  007B1E  EF93  F03D         	goto	u70
  1230  007B22                     u71:
  1231  007B22  EFB4  F03D         	goto	l802
  1232  007B26                     u70:
  1233  007B26                     
  1234                           ;Main.c: 55:             _delay((unsigned long)((50)*(8000000/4000.0)));
  1235  007B26  0E82               	movlw	130
  1236  007B28  6E01               	movwf	??_secuencial_Efecto1^0,c
  1237  007B2A  0EDE               	movlw	222
  1238  007B2C                     u577:
  1239  007B2C  2EE8               	decfsz	wreg,f,c
  1240  007B2E  D7FE               	bra	u577
  1241  007B30  2E01               	decfsz	??_secuencial_Efecto1^0,f,c
  1242  007B32  D7FC               	bra	u577
  1243  007B34                     
  1244                           ;Main.c: 56:             if(++velocidad==5){velocidad=1;}
  1245  007B34  0E01               	movlw	1
  1246  007B36  260C               	addwf	_velocidad^0,f,c
  1247  007B38  0E00               	movlw	0
  1248  007B3A  220D               	addwfc	(_velocidad+1)^0,f,c
  1249  007B3C  220E               	addwfc	(_velocidad+2)^0,f,c
  1250  007B3E  220F               	addwfc	(_velocidad+3)^0,f,c
  1251  007B40  0E05               	movlw	5
  1252  007B42  180C               	xorwf	_velocidad^0,w,c
  1253  007B44  100D               	iorwf	(_velocidad+1)^0,w,c
  1254  007B46  100E               	iorwf	(_velocidad+2)^0,w,c
  1255  007B48  100F               	iorwf	(_velocidad+3)^0,w,c
  1256  007B4A  A4D8               	btfss	status,2,c
  1257  007B4C  EFAA  F03D         	goto	u81
  1258  007B50  EFAC  F03D         	goto	u80
  1259  007B54                     u81:
  1260  007B54  EFB4  F03D         	goto	l802
  1261  007B58                     u80:
  1262  007B58  0E01               	movlw	1
  1263  007B5A  6E0C               	movwf	_velocidad^0,c
  1264  007B5C  0E00               	movlw	0
  1265  007B5E  6E0D               	movwf	(_velocidad+1)^0,c
  1266  007B60  0E00               	movlw	0
  1267  007B62  6E0E               	movwf	(_velocidad+2)^0,c
  1268  007B64  0E00               	movlw	0
  1269  007B66  6E0F               	movwf	(_velocidad+3)^0,c
  1270  007B68                     l802:
  1271                           
  1272                           ;Main.c: 58:     }
  1273  007B68  4A03               	infsnz	secuencial_Efecto1@i^0,f,c
  1274  007B6A  2A04               	incf	(secuencial_Efecto1@i+1)^0,f,c
  1275  007B6C  EF0C  F03D         	goto	l774
  1276  007B70                     l54:
  1277  007B70  0012               	return		;funcret
  1278  007B72                     __end_of_secuencial_Efecto1:
  1279                           	opt callstack 0
  1280  0000                     
  1281                           	psect	rparam
  1282  0000                     tosu	equ	0xFFF
  1283                           tosh	equ	0xFFE
  1284                           tosl	equ	0xFFD
  1285                           stkptr	equ	0xFFC
  1286                           pclatu	equ	0xFFB
  1287                           pclath	equ	0xFFA
  1288                           pcl	equ	0xFF9
  1289                           tblptru	equ	0xFF8
  1290                           tblptrh	equ	0xFF7
  1291                           tblptrl	equ	0xFF6
  1292                           tablat	equ	0xFF5
  1293                           prodh	equ	0xFF4
  1294                           prodl	equ	0xFF3
  1295                           indf0	equ	0xFEF
  1296                           postinc0	equ	0xFEE
  1297                           postdec0	equ	0xFED
  1298                           preinc0	equ	0xFEC
  1299                           plusw0	equ	0xFEB
  1300                           fsr0h	equ	0xFEA
  1301                           fsr0l	equ	0xFE9
  1302                           wreg	equ	0xFE8
  1303                           indf1	equ	0xFE7
  1304                           postinc1	equ	0xFE6
  1305                           postdec1	equ	0xFE5
  1306                           preinc1	equ	0xFE4
  1307                           plusw1	equ	0xFE3
  1308                           fsr1h	equ	0xFE2
  1309                           fsr1l	equ	0xFE1
  1310                           bsr	equ	0xFE0
  1311                           indf2	equ	0xFDF
  1312                           postinc2	equ	0xFDE
  1313                           postdec2	equ	0xFDD
  1314                           preinc2	equ	0xFDC
  1315                           plusw2	equ	0xFDB
  1316                           fsr2h	equ	0xFDA
  1317                           fsr2l	equ	0xFD9
  1318                           status	equ	0xFD8


Data Sizes:
    Strings     0
    Constant    0
    Data        5
    BSS         0
    Persistent  0
    Stack       0

Auto Spaces:
    Space          Size  Autos    Used
    COMRAM           95     11      16
    BANK0           160      0       0
    BANK1           256      0       0
    BANK2           256      0       0
    BANK3           256      0       0
    BANK4           256      0       0
    BANK5           256      0       0
    BANK6           256      0       0
    BANK7           256      0       0

Pointer List with Targets:

    None.

Critical Paths under _main in COMRAM

    _main->_secuencial_Efecto4

Critical Paths under _main in BANK0

    None.

Critical Paths under _main in BANK1

    None.

Critical Paths under _main in BANK2

    None.

Critical Paths under _main in BANK3

    None.

Critical Paths under _main in BANK4

    None.

Critical Paths under _main in BANK5

    None.

Critical Paths under _main in BANK6

    None.

Critical Paths under _main in BANK7

    None.

Call Graph Tables:

 ---------------------------------------------------------------------------------
 (Depth) Function   	        Calls       Base Space   Used Autos Params    Refs
 ---------------------------------------------------------------------------------
 (0) _main                                                 2     2      0     240
                                              9 COMRAM     2     2      0
                 _secuencial_Efecto1
                 _secuencial_Efecto2
                 _secuencial_Efecto3
                 _secuencial_Efecto4
 ---------------------------------------------------------------------------------
 (1) _secuencial_Efecto4                                   9     9      0      90
                                              0 COMRAM     9     9      0
 ---------------------------------------------------------------------------------
 (1) _secuencial_Efecto3                                   4     4      0      45
                                              0 COMRAM     4     4      0
 ---------------------------------------------------------------------------------
 (1) _secuencial_Efecto2                                   8     8      0      60
                                              0 COMRAM     8     8      0
 ---------------------------------------------------------------------------------
 (1) _secuencial_Efecto1                                   4     4      0      45
                                              0 COMRAM     4     4      0
 ---------------------------------------------------------------------------------
 Estimated maximum stack depth 1
 ---------------------------------------------------------------------------------

 Call Graph Graphs:

 _main (ROOT)
   _secuencial_Efecto1
   _secuencial_Efecto2
   _secuencial_Efecto3
   _secuencial_Efecto4

 Address spaces:
Name               Size   Autos  Total    Cost      Usage
BIGRAM             7FF      0       0      21        0.0%
EEDATA             100      0       0       0        0.0%
BITBANK7           100      0       0      18        0.0%
BANK7              100      0       0      19        0.0%
BITBANK6           100      0       0      16        0.0%
BANK6              100      0       0      17        0.0%
BITBANK5           100      0       0      14        0.0%
BANK5              100      0       0      15        0.0%
BITBANK4           100      0       0      12        0.0%
BANK4              100      0       0      13        0.0%
BITBANK3           100      0       0      10        0.0%
BANK3              100      0       0      11        0.0%
BITBANK2           100      0       0       8        0.0%
BANK2              100      0       0       9        0.0%
BITBANK1           100      0       0       6        0.0%
BANK1              100      0       0       7        0.0%
BITBANK0            A0      0       0       4        0.0%
BANK0               A0      0       0       5        0.0%
BITCOMRAM           5F      0       0       0        0.0%
COMRAM              5F      B      10       1       16.8%
BITSFR               0      0       0     200        0.0%
SFR                  0      0       0     200        0.0%
STACK                0      0       0       2        0.0%
NULL                 0      0       0       0        0.0%
ABS                  0      0      10      20        0.0%
DATA                 0      0      10       3        0.0%
CODE                 0      0       0       0        0.0%


Microchip Technology PIC18 Macro Assembler V2.10 build 88905656 
Symbol Table                                                                                   Wed Mar 18 17:44:53 2020

                         l54 7B70                           l62 7DFE                           l48 7B18  
                         l82 7CD2                           l90 7F8E                           l68 7E5C  
                         l76 7C7A                           l96 7FFE                           u10 7A34  
                         u11 7A30                           u30 7A6A                           u31 7A66  
                         u40 7A94                           u24 7A4A                           u41 7A90  
                         u25 7A46                           u50 7AC8                           u51 7AC4  
                         u60 7AFC                           u61 7AF8                           u70 7B26  
                         u71 7B22                           u80 7B58                           u81 7B54  
                         u90 7D00                           u91 7CFC                  __CFG_BORV$3 000000  
               __CFG_CP0$OFF 000000                 __CFG_CP1$OFF 000000                 __CFG_CP2$OFF 000000  
               __CFG_CP3$OFF 000000                          l800 7B58                          l802 7B68  
                        l820 7D96                          l812 7D04                          l900 7F9C  
                        l830 7E0C                          l822 7DAE                          l814 7D50  
                        l806 7CD4                          l902 7FAA                          l910 796C  
                        l832 7E1A                          l824 7DCA                          l816 7D62  
                        l808 7CE4                          l904 7FCE                          l920 7988  
                        l912 7974                          l834 7E3E                          l826 7DE2  
                        l818 7D7A                          l850 7BCC                          l842 7B72  
                        l906 7FDE                          l930 79C2                          l922 7996  
                        l914 7976                          l780 7A6A                          l772 7A10  
                        l836 7E4E                          l828 7DFE                          l860 7C46  
                        l852 7BDE                          l844 7B7A                          l908 7FE2  
                        l932 79CA                          l924 79AA                          l916 7978  
                        l790 7AE4                          l782 7A7C                          l774 7A18  
                        l838 7E52                          l870 7CBA                          l862 7C5E  
                        l854 7BF6                          l926 79B2                          l918 797A  
                        l792 7AFC                          l784 7A94                          l872 7CCA  
                        l856 7C12                          l864 7C7A                          l848 7B9A  
                        l928 79BA                          l936 79D2                          l786 7AB0  
                        l794 7B18                          l778 7A38                          l866 7C88  
                        l858 7C2A                          l890 7F26                          l882 7E76  
                        l946 79E6                          l796 7B26                          l788 7AC8  
                        l868 7C96                          l892 7F3E                          l884 7EE0  
                        l876 7E5E                          l798 7B34                          l894 7F5A  
                        l886 7EF2                          l896 7F72                          l888 7F0A  
                        l898 7F8E                 __CFG_CPB$OFF 000000                          u120 7D50  
                        u104 7D16                          u200 7BCC                          u121 7D4C  
                        u105 7D12                          u201 7BC8                          u130 7D7A  
                        u114 7D2E                          u210 7BF6                          u131 7D76  
                        u115 7D2A                          u211 7BF2                          u140 7DAE  
                        u220 7C2A                          u300 7F3E                          u141 7DAA  
                        u221 7C26                          u301 7F3A                          u150 7DE2  
                        u230 7C5E                          u310 7F72                          u151 7DDE  
                        u231 7C5A                          u311 7F6E                          u160 7E0C  
                        u240 7C88                          u320 7F9C                          u161 7E08  
                        u241 7C84                          u321 7F98                          u170 7E3E  
                        u250 7CBA                          u330 7FCE                          u171 7E3A  
                        u251 7CB6                          u331 7FCA                          u180 7B96  
                        u340 7FFE                          u181 7B92                          u341 7FFA  
                        u350 7988                          u407 7F48                          u351 7984  
                        u280 7EE0                          u264 7E94                          u360 79AA  
                        u417 7F7C                          u281 7EDC                          u265 7E8E  
                        u361 79A6                          u194 7BAC                          u290 7F0A  
                        u274 7EBC                 __CFG_CPD$OFF 000000                          u507 7DB8  
                        u195 7BA8                          u427 7FA2                          u291 7F06  
                        u275 7EB6                          u517 7DEC                          u437 7BD2  
                        u527 7E12                          u447 7C00                          u537 7A70  
                        u457 7C34                          u377 798E                          u547 7A9E  
                        u467 7C68                          u387 7EE6                          u557 7AD2  
                        u477 7C8E                          u397 7F14                          u567 7B06  
                        u487 7D56                          u577 7B2C                          u497 7D84  
               __CFG_BOR$OFF 000000                          wreg 000FE8                 __CFG_FOSC$HS 000000  
               __CFG_LVP$OFF 000000                 __CFG_WDT$OFF 000000                         _LATD 000F8C  
               __CFG_PWRT$ON 000000                         _main 796C                         fsr1l 000FE1  
                       start 0000                __CFG_IESO$OFF 000000                 ___param_bank 000000  
              __CFG_PLLDIV$1 000000               __CFG_CCP2MX$ON 000000                        ?_main 0001  
              __CFG_USBDIV$1 000000                        _TRISD 000F95                __CFG_WRT0$OFF 000000  
              __CFG_WRT1$OFF 000000                __CFG_WRT2$OFF 000000                __CFG_WRT3$OFF 000000  
             __CFG_EBTR0$OFF 000000               __CFG_FCMEN$OFF 000000               __CFG_EBTR1$OFF 000000  
             __CFG_EBTR2$OFF 000000               __CFG_EBTR3$OFF 000000                __CFG_WRTB$OFF 000000  
              __CFG_WRTC$OFF 000000                __CFG_WRTD$OFF 000000               __CFG_EBTRB$OFF 000000  
                      tablat 000FF5                        status 000FD8               __CFG_ICPRT$OFF 000000  
             __CFG_MCLRE$OFF 000000              __initialization 7942                 __end_of_main 7A10  
                     ??_main 000A                __activetblptr 000002               __CFG_XINST$OFF 000000  
             __CFG_STVREN$ON 000000                       _efecto 0010   __end_of_secuencial_Efecto1 7B72  
 __end_of_secuencial_Efecto2 7E5E   __end_of_secuencial_Efecto3 7CD4   __end_of_secuencial_Efecto4 8000  
               __pdataCOMRAM 000C                       tblptrh 000FF7                       tblptrl 000FF6  
                     tblptru 000FF8                   __accesstop 0060      __end_of__initialization 7962  
            __CFG_PBADEN$OFF 000000                ___rparam_used 000001               __pcstackCOMRAM 0001  
        secuencial_Efecto1@i 0003          secuencial_Efecto2@i 0007          secuencial_Efecto2@j 0005  
        secuencial_Efecto3@i 0003          secuencial_Efecto4@i 0004          secuencial_Efecto4@m 0006  
        secuencial_Efecto4@n 0008              __CFG_VREGEN$OFF 000000                      __Hparam 0000  
                    __Lparam 0000                      __pcinit 7942                      __ramtop 0800  
                    __ptext0 796C                      __ptext1 7E5E                      __ptext2 7B72  
                    __ptext3 7CD4                      __ptext4 7A10         end_of_initialization 7962  
              __Lmediumconst 0000                      postdec1 000FE5                      postinc0 000FEE  
                  _PORTBbits 000F81                    _TRISBbits 000F93           _secuencial_Efecto1 7A10  
         _secuencial_Efecto2 7CD4           _secuencial_Efecto3 7B72           _secuencial_Efecto4 7E5E  
        ?_secuencial_Efecto1 0001          ?_secuencial_Efecto2 0001          ?_secuencial_Efecto3 0001  
        ?_secuencial_Efecto4 0001                __pidataCOMRAM 793D         ??_secuencial_Efecto1 0001  
       ??_secuencial_Efecto2 0001         ??_secuencial_Efecto3 0001         ??_secuencial_Efecto4 0001  
        start_initialization 7942             __CFG_LPT1OSC$OFF 000000             __CFG_WDTPS$32768 000000  
                  _velocidad 000C                  _INTCON2bits 000FF1                    copy_data0 7956  
                   __Hrparam 0000                     __Lrparam 0000                __size_of_main 00A4  
__size_of_secuencial_Efecto1 0162  __size_of_secuencial_Efecto2 018A  __size_of_secuencial_Efecto3 0162  
__size_of_secuencial_Efecto4 01A2        __CFG_CPUDIV$OSC1_PLL2 000000  
