

Microchip MPLAB XC8 Assembler V2.10 build 88905656 
                                                                                               Sat Mar 28 16:48:37 2020

Microchip MPLAB XC8 C Compiler v2.10 (Free license) build 20190730164152 Og1 
     1                           	processor	18F4550
     2                           	fnconf	rparam,??,?,0
     3                           	opt	pw 120
     4                           	opt	flic
     5                           	psect	cinit,global,reloc=2,class=CODE,delta=1
     6                           	psect	cstackCOMRAM,global,class=COMRAM,space=1,delta=1,noexec
     7                           	psect	text0,global,reloc=2,class=CODE,delta=1
     8                           	psect	text1,global,reloc=2,class=CODE,delta=1
     9                           	psect	intsave_regs,global,class=BIGRAM,space=1,delta=1,noexec
    10                           	psect	rparam,global,class=COMRAM,space=1,delta=1,noexec
    11  0000                     
    12                           ; Version 2.10
    13                           ; Generated 31/07/2019 GMT
    14                           ; 
    15                           ; Copyright © 2019, Microchip Technology Inc. and its subsidiaries ("Microchip")
    16                           ; All rights reserved.
    17                           ; 
    18                           ; This software is developed by Microchip Technology Inc. and its subsidiaries ("Microch
      +                          ip").
    19                           ; 
    20                           ; Redistribution and use in source and binary forms, with or without modification, are
    21                           ; permitted provided that the following conditions are met:
    22                           ; 
    23                           ;     1. Redistributions of source code must retain the above copyright notice, this lis
      +                          t of
    24                           ;        conditions and the following disclaimer.
    25                           ; 
    26                           ;     2. Redistributions in binary form must reproduce the above copyright notice, this 
      +                          list
    27                           ;        of conditions and the following disclaimer in the documentation and/or other
    28                           ;        materials provided with the distribution.
    29                           ; 
    30                           ;     3. Microchip's name may not be used to endorse or promote products derived from th
      +                          is
    31                           ;        software without specific prior written permission.
    32                           ; 
    33                           ; THIS SOFTWARE IS PROVIDED BY MICROCHIP "AS IS" AND ANY EXPRESS OR IMPLIED WARRANTIES,
    34                           ; INCLUDING, BUT NOT LIMITED TO, THE IMPLIED WARRANTIES OF MERCHANTABILITY AND FITNESS F
      +                          OR
    35                           ; PURPOSE ARE DISCLAIMED.  IN NO EVENT SHALL MICROCHIP BE LIABLE FOR ANY DIRECT, INDIREC
      +                          T,
    36                           ; INCIDENTAL, SPECIAL, EXEMPLARY, OR CONSEQUENTIAL DAMAGES (INCLUDING BUT NOT LIMITED TO
    37                           ; PROCUREMENT OF SUBSTITUTE GOODS OR SERVICES; LOSS OF USE, DATA OR PROFITS; OR BUSINESS
    38                           ; INTERRUPTION) HOWSOEVER CAUSED AND ON ANY THEORY OF LIABILITY, WHETHER IN CONTRACT, ST
      +                          RICT
    39                           ; LIABILITY, OR TORT (INCLUDING NEGLIGENCE OR OTHERWISE) ARISING IN ANY WAY OUT OF THE U
      +                          SE OF
    40                           ; THIS SOFTWARE, EVEN IF ADVISED OF THE POSSIBILITY OF SUCH DAMAGE.
    41                           ; 
    42                           ; 
    43                           ; Code-generator required, PIC18F4550 Definitions
    44                           ; 
    45                           ; SFR Addresses
    46  0000                     _ADRESH	set	4036
    47  0000                     _PORTC	set	3970
    48  0000                     _ADRESL	set	4035
    49  0000                     _PORTD	set	3971
    50  0000                     _ADCON0bits	set	4034
    51  0000                     _ADCON2bits	set	4032
    52  0000                     _ADCON0	set	4034
    53  0000                     _ADCON1bits	set	4033
    54  0000                     _TRISC	set	3988
    55  0000                     _TRISD	set	3989
    56  0000                     _TRISA	set	3986
    57                           
    58                           ; #config settings
    59  0000                     
    60                           	psect	cinit
    61  007FA8                     __pcinit:
    62                           	opt callstack 0
    63  007FA8                     start_initialization:
    64                           	opt callstack 0
    65  007FA8                     __initialization:
    66                           	opt callstack 0
    67  007FA8                     end_of_initialization:
    68                           	opt callstack 0
    69  007FA8                     __end_of__initialization:
    70                           	opt callstack 0
    71  007FA8  0100               	movlb	0
    72  007FAA  EFD7  F03F         	goto	_main	;jump to C main() function
    73                           
    74                           	psect	cstackCOMRAM
    75  000000                     __pcstackCOMRAM:
    76                           	opt callstack 0
    77  000000                     
    78                           ; 1 bytes @ 0x0
    79 ;;
    80 ;;Main: autosize = 0, tempsize = 0, incstack = 0, save=0
    81 ;;
    82 ;; *************** function _main *****************
    83 ;; Defined at:
    84 ;;		line 82 in file "Main.c"
    85 ;; Parameters:    Size  Location     Type
    86 ;;		None
    87 ;; Auto vars:     Size  Location     Type
    88 ;;		None
    89 ;; Return value:  Size  Location     Type
    90 ;;                  1    wreg      void 
    91 ;; Registers used:
    92 ;;		wreg, status,2, cstack
    93 ;; Tracked objects:
    94 ;;		On entry : 0/0
    95 ;;		On exit  : 0/0
    96 ;;		Unchanged: 0/0
    97 ;; Data sizes:     COMRAM   BANK0   BANK1   BANK2   BANK3   BANK4   BANK5   BANK6   BANK7
    98 ;;      Params:         0       0       0       0       0       0       0       0       0
    99 ;;      Locals:         0       0       0       0       0       0       0       0       0
   100 ;;      Temps:          0       0       0       0       0       0       0       0       0
   101 ;;      Totals:         0       0       0       0       0       0       0       0       0
   102 ;;Total ram usage:        0 bytes
   103 ;; Hardware stack levels required when called:    1
   104 ;; This function calls:
   105 ;;		_Init_ADC
   106 ;; This function is called by:
   107 ;;		Startup code after reset
   108 ;; This function uses a non-reentrant model
   109 ;;
   110                           
   111                           	psect	text0
   112  007FAE                     __ptext0:
   113                           	opt callstack 0
   114  007FAE                     _main:
   115                           	opt callstack 30
   116  007FAE                     
   117                           ;Main.c: 83:     Init_ADC();
   118  007FAE  ECEA  F03F         	call	_Init_ADC	;wreg free
   119  007FB2                     
   120                           ;Main.c: 84:     ADCON0bits.ADON = 1;
   121  007FB2  80C2               	bsf	194,0,c	;volatile
   122  007FB4                     l720:
   123                           
   124                           ;Main.c: 86:         ADCON0bits.GO_DONE = 1;
   125  007FB4  82C2               	bsf	194,1,c	;volatile
   126  007FB6                     l31:
   127  007FB6  B2C2               	btfsc	194,1,c	;volatile
   128  007FB8  EFE0  F03F         	goto	u11
   129  007FBC  EFE2  F03F         	goto	u10
   130  007FC0                     u11:
   131  007FC0  EFDB  F03F         	goto	l31
   132  007FC4                     u10:
   133  007FC4                     
   134                           ;Main.c: 88:         PORTD = ADRESL;
   135  007FC4  CFC3 FF83          	movff	4035,3971	;volatile
   136                           
   137                           ;Main.c: 89:         PORTC = ADRESH;
   138  007FC8  CFC4 FF82          	movff	4036,3970	;volatile
   139  007FCC  EFDA  F03F         	goto	l720
   140  007FD0  EF00  F000         	goto	start
   141  007FD4                     __end_of_main:
   142                           	opt callstack 0
   143                           
   144 ;; *************** function _Init_ADC *****************
   145 ;; Defined at:
   146 ;;		line 64 in file "Main.c"
   147 ;; Parameters:    Size  Location     Type
   148 ;;		None
   149 ;; Auto vars:     Size  Location     Type
   150 ;;		None
   151 ;; Return value:  Size  Location     Type
   152 ;;                  1    wreg      void 
   153 ;; Registers used:
   154 ;;		wreg, status,2
   155 ;; Tracked objects:
   156 ;;		On entry : 0/0
   157 ;;		On exit  : 0/0
   158 ;;		Unchanged: 0/0
   159 ;; Data sizes:     COMRAM   BANK0   BANK1   BANK2   BANK3   BANK4   BANK5   BANK6   BANK7
   160 ;;      Params:         0       0       0       0       0       0       0       0       0
   161 ;;      Locals:         0       0       0       0       0       0       0       0       0
   162 ;;      Temps:          0       0       0       0       0       0       0       0       0
   163 ;;      Totals:         0       0       0       0       0       0       0       0       0
   164 ;;Total ram usage:        0 bytes
   165 ;; Hardware stack levels used:    1
   166 ;; This function calls:
   167 ;;		Nothing
   168 ;; This function is called by:
   169 ;;		_main
   170 ;; This function uses a non-reentrant model
   171 ;;
   172                           
   173                           	psect	text1
   174  007FD4                     __ptext1:
   175                           	opt callstack 0
   176  007FD4                     _Init_ADC:
   177                           	opt callstack 30
   178  007FD4                     
   179                           ;Main.c: 65:     TRISA = 1;
   180  007FD4  0E01               	movlw	1
   181  007FD6  6E92               	movwf	146,c	;volatile
   182                           
   183                           ;Main.c: 66:     TRISD = 0;
   184  007FD8  0E00               	movlw	0
   185  007FDA  6E95               	movwf	149,c	;volatile
   186                           
   187                           ;Main.c: 67:     TRISC = 0;
   188  007FDC  0E00               	movlw	0
   189  007FDE  6E94               	movwf	148,c	;volatile
   190                           
   191                           ;Main.c: 68:     ADCON1bits.PCFG = 0;
   192  007FE0  0EF0               	movlw	-16
   193  007FE2  16C1               	andwf	193,f,c	;volatile
   194                           
   195                           ;Main.c: 69:     ADCON1bits.VCFG = 0;
   196  007FE4  0ECF               	movlw	-49
   197  007FE6  16C1               	andwf	193,f,c	;volatile
   198                           
   199                           ;Main.c: 70:     ADCON0 = 0;
   200  007FE8  0E00               	movlw	0
   201  007FEA  6EC2               	movwf	194,c	;volatile
   202                           
   203                           ;Main.c: 77:     ADCON2bits.ACQT = 3;
   204  007FEC  50C0               	movf	192,w,c	;volatile
   205  007FEE  0BC7               	andlw	-57
   206  007FF0  0918               	iorlw	24
   207  007FF2  6EC0               	movwf	192,c	;volatile
   208                           
   209                           ;Main.c: 78:     ADCON2bits.ADCS = 5;
   210  007FF4  50C0               	movf	192,w,c	;volatile
   211  007FF6  0BF8               	andlw	-8
   212  007FF8  0905               	iorlw	5
   213  007FFA  6EC0               	movwf	192,c	;volatile
   214  007FFC                     
   215                           ;Main.c: 79:     ADCON2bits.ADFM = 1;
   216  007FFC  8EC0               	bsf	192,7,c	;volatile
   217  007FFE  0012               	return		;funcret
   218  008000                     __end_of_Init_ADC:
   219                           	opt callstack 0
   220  0000                     
   221                           	psect	rparam
   222  0000                     tosu	equ	0xFFF
   223                           tosh	equ	0xFFE
   224                           tosl	equ	0xFFD
   225                           stkptr	equ	0xFFC
   226                           pclatu	equ	0xFFB
   227                           pclath	equ	0xFFA
   228                           pcl	equ	0xFF9
   229                           tblptru	equ	0xFF8
   230                           tblptrh	equ	0xFF7
   231                           tblptrl	equ	0xFF6
   232                           tablat	equ	0xFF5
   233                           prodh	equ	0xFF4
   234                           prodl	equ	0xFF3
   235                           indf0	equ	0xFEF
   236                           postinc0	equ	0xFEE
   237                           postdec0	equ	0xFED
   238                           preinc0	equ	0xFEC
   239                           plusw0	equ	0xFEB
   240                           fsr0h	equ	0xFEA
   241                           fsr0l	equ	0xFE9
   242                           wreg	equ	0xFE8
   243                           indf1	equ	0xFE7
   244                           postinc1	equ	0xFE6
   245                           postdec1	equ	0xFE5
   246                           preinc1	equ	0xFE4
   247                           plusw1	equ	0xFE3
   248                           fsr1h	equ	0xFE2
   249                           fsr1l	equ	0xFE1
   250                           bsr	equ	0xFE0
   251                           indf2	equ	0xFDF
   252                           postinc2	equ	0xFDE
   253                           postdec2	equ	0xFDD
   254                           preinc2	equ	0xFDC
   255                           plusw2	equ	0xFDB
   256                           fsr2h	equ	0xFDA
   257                           fsr2l	equ	0xFD9
   258                           status	equ	0xFD8


Data Sizes:
    Strings     0
    Constant    0
    Data        0
    BSS         0
    Persistent  0
    Stack       0

Auto Spaces:
    Space          Size  Autos    Used
    COMRAM           95      0       0
    BANK0           160      0       0
    BANK1           256      0       0
    BANK2           256      0       0
    BANK3           256      0       0
    BANK4           256      0       0
    BANK5           256      0       0
    BANK6           256      0       0
    BANK7           256      0       0

Pointer List with Targets:

    None.

Critical Paths under _main in COMRAM

    None.

Critical Paths under _main in BANK0

    None.

Critical Paths under _main in BANK1

    None.

Critical Paths under _main in BANK2

    None.

Critical Paths under _main in BANK3

    None.

Critical Paths under _main in BANK4

    None.

Critical Paths under _main in BANK5

    None.

Critical Paths under _main in BANK6

    None.

Critical Paths under _main in BANK7

    None.

Call Graph Tables:

 ---------------------------------------------------------------------------------
 (Depth) Function   	        Calls       Base Space   Used Autos Params    Refs
 ---------------------------------------------------------------------------------
 (0) _main                                                 0     0      0       0
                           _Init_ADC
 ---------------------------------------------------------------------------------
 (1) _Init_ADC                                             0     0      0       0
 ---------------------------------------------------------------------------------
 Estimated maximum stack depth 1
 ---------------------------------------------------------------------------------

 Call Graph Graphs:

 _main (ROOT)
   _Init_ADC

 Address spaces:
Name               Size   Autos  Total    Cost      Usage
BITCOMRAM           5F      0       0       0        0.0%
EEDATA             100      0       0       0        0.0%
NULL                 0      0       0       0        0.0%
CODE                 0      0       0       0        0.0%
COMRAM              5F      0       0       1        0.0%
STACK                0      0       0       2        0.0%
DATA                 0      0       0       3        0.0%
BITBANK0            A0      0       0       4        0.0%
BANK0               A0      0       0       5        0.0%
BITBANK1           100      0       0       6        0.0%
BANK1              100      0       0       7        0.0%
BITBANK2           100      0       0       8        0.0%
BANK2              100      0       0       9        0.0%
BITBANK3           100      0       0      10        0.0%
BANK3              100      0       0      11        0.0%
BITBANK4           100      0       0      12        0.0%
BANK4              100      0       0      13        0.0%
BITBANK5           100      0       0      14        0.0%
BANK5              100      0       0      15        0.0%
BITBANK6           100      0       0      16        0.0%
BANK6              100      0       0      17        0.0%
BITBANK7           100      0       0      18        0.0%
BANK7              100      0       0      19        0.0%
ABS                  0      0       0      20        0.0%
BIGRAM             7FF      0       0      21        0.0%
BITSFR               0      0       0     200        0.0%
SFR                  0      0       0     200        0.0%


Microchip Technology PIC18 Macro Assembler V2.10 build 88905656 
Symbol Table                                                                                   Sat Mar 28 16:48:37 2020

                     l31 7FB6                       l25 7FFE                       l33 7FC4  
                     u10 7FC4                       u11 7FC0              __CFG_BORV$3 000000  
           __CFG_CP0$OFF 000000             __CFG_CP1$OFF 000000             __CFG_CP2$OFF 000000  
           __CFG_CP3$OFF 000000                      l712 7FD4                      l720 7FB4  
                    l714 7FFC                      l716 7FAE                      l718 7FB2  
           __CFG_CPB$OFF 000000             __CFG_CPD$OFF 000000             __CFG_BOR$OFF 000000  
           __CFG_FOSC$HS 000000             __CFG_LVP$OFF 000000             __CFG_WDT$OFF 000000  
           __CFG_PWRT$ON 000000                     _main 7FAE                     start 0000  
          __CFG_IESO$OFF 000000            __CFG_MCLRE$ON 000000             ___param_bank 000000  
          __CFG_PLLDIV$1 000000           __CFG_CCP2MX$ON 000000                    ?_main 0000  
                  _PORTC 000F82                    _PORTD 000F83            __CFG_USBDIV$1 000000  
                  _TRISA 000F92                    _TRISC 000F94                    _TRISD 000F95  
          __CFG_WRT0$OFF 000000            __CFG_WRT1$OFF 000000            __CFG_WRT2$OFF 000000  
          __CFG_WRT3$OFF 000000           __CFG_EBTR0$OFF 000000           __CFG_FCMEN$OFF 000000  
         __CFG_EBTR1$OFF 000000           __CFG_EBTR2$OFF 000000           __CFG_EBTR3$OFF 000000  
          __CFG_WRTB$OFF 000000            __CFG_WRTC$OFF 000000            __CFG_WRTD$OFF 000000  
         __CFG_EBTRB$OFF 000000           __CFG_ICPRT$OFF 000000           __CFG_PBADEN$ON 000000  
        __initialization 7FA8             __end_of_main 7FD4         __end_of_Init_ADC 8000  
                 ??_main 0000            __activetblptr 000000                   _ADCON0 000FC2  
                 _ADRESH 000FC4                   _ADRESL 000FC3           __CFG_XINST$OFF 000000  
         __CFG_STVREN$ON 000000               __accesstop 0060  __end_of__initialization 7FA8  
          ___rparam_used 000001           __pcstackCOMRAM 0000                ?_Init_ADC 0000  
             ??_Init_ADC 0000          __CFG_VREGEN$OFF 000000                  __Hparam 0000  
                __Lparam 0000                  __pcinit 7FA8                  __ramtop 0800  
                __ptext0 7FAE                  __ptext1 7FD4     end_of_initialization 7FA8  
    start_initialization 7FA8        __size_of_Init_ADC 002C         __CFG_LPT1OSC$OFF 000000  
       __CFG_WDTPS$32768 000000               _ADCON0bits 000FC2               _ADCON1bits 000FC1  
             _ADCON2bits 000FC0                 _Init_ADC 7FD4                 __Hrparam 0000  
               __Lrparam 0000            __size_of_main 0026    __CFG_CPUDIV$OSC1_PLL2 000000  
