

Microchip MPLAB XC8 Assembler V2.10 build 88905656 
                                                                                               Fri Mar 27 17:30:32 2020

Microchip MPLAB XC8 C Compiler v2.10 (Free license) build 20190730164152 Og1 
     1                           	processor	18F4550
     2                           	fnconf	rparam,??,?,0
     3                           	opt	pw 120
     4                           	opt	flic
     5                           	psect	cinit,global,reloc=2,class=CODE,delta=1
     6                           	psect	cstackCOMRAM,global,class=COMRAM,space=1,delta=1,noexec
     7                           	psect	text0,global,reloc=2,class=CODE,delta=1
     8                           	psect	text1,global,reloc=2,class=CODE,delta=1
     9                           	psect	intsave_regs,global,class=BIGRAM,space=1,delta=1,noexec
    10                           	psect	rparam,global,class=COMRAM,space=1,delta=1,noexec
    11  0000                     
    12                           ; Version 2.10
    13                           ; Generated 31/07/2019 GMT
    14                           ; 
    15                           ; Copyright © 2019, Microchip Technology Inc. and its subsidiaries ("Microchip")
    16                           ; All rights reserved.
    17                           ; 
    18                           ; This software is developed by Microchip Technology Inc. and its subsidiaries ("Microch
      +                          ip").
    19                           ; 
    20                           ; Redistribution and use in source and binary forms, with or without modification, are
    21                           ; permitted provided that the following conditions are met:
    22                           ; 
    23                           ;     1. Redistributions of source code must retain the above copyright notice, this lis
      +                          t of
    24                           ;        conditions and the following disclaimer.
    25                           ; 
    26                           ;     2. Redistributions in binary form must reproduce the above copyright notice, this 
      +                          list
    27                           ;        of conditions and the following disclaimer in the documentation and/or other
    28                           ;        materials provided with the distribution.
    29                           ; 
    30                           ;     3. Microchip's name may not be used to endorse or promote products derived from th
      +                          is
    31                           ;        software without specific prior written permission.
    32                           ; 
    33                           ; THIS SOFTWARE IS PROVIDED BY MICROCHIP "AS IS" AND ANY EXPRESS OR IMPLIED WARRANTIES,
    34                           ; INCLUDING, BUT NOT LIMITED TO, THE IMPLIED WARRANTIES OF MERCHANTABILITY AND FITNESS F
      +                          OR
    35                           ; PURPOSE ARE DISCLAIMED.  IN NO EVENT SHALL MICROCHIP BE LIABLE FOR ANY DIRECT, INDIREC
      +                          T,
    36                           ; INCIDENTAL, SPECIAL, EXEMPLARY, OR CONSEQUENTIAL DAMAGES (INCLUDING BUT NOT LIMITED TO
    37                           ; PROCUREMENT OF SUBSTITUTE GOODS OR SERVICES; LOSS OF USE, DATA OR PROFITS; OR BUSINESS
    38                           ; INTERRUPTION) HOWSOEVER CAUSED AND ON ANY THEORY OF LIABILITY, WHETHER IN CONTRACT, ST
      +                          RICT
    39                           ; LIABILITY, OR TORT (INCLUDING NEGLIGENCE OR OTHERWISE) ARISING IN ANY WAY OUT OF THE U
      +                          SE OF
    40                           ; THIS SOFTWARE, EVEN IF ADVISED OF THE POSSIBILITY OF SUCH DAMAGE.
    41                           ; 
    42                           ; 
    43                           ; Code-generator required, PIC18F4550 Definitions
    44                           ; 
    45                           ; SFR Addresses
    46  0000                     _T2CONbits	set	4042
    47  0000                     _TMR2	set	4044
    48  0000                     _CCP1CON	set	4029
    49  0000                     _T2CON	set	4042
    50  0000                     _CCPR1L	set	4030
    51  0000                     _PR2	set	4043
    52  0000                     _TRISCbits	set	3988
    53                           
    54                           ; #config settings
    55  0000                     
    56                           	psect	cinit
    57  007FD2                     __pcinit:
    58                           	opt callstack 0
    59  007FD2                     start_initialization:
    60                           	opt callstack 0
    61  007FD2                     __initialization:
    62                           	opt callstack 0
    63  007FD2                     end_of_initialization:
    64                           	opt callstack 0
    65  007FD2                     __end_of__initialization:
    66                           	opt callstack 0
    67  007FD2  0100               	movlb	0
    68  007FD4  EFEC  F03F         	goto	_main	;jump to C main() function
    69                           
    70                           	psect	cstackCOMRAM
    71  000000                     __pcstackCOMRAM:
    72                           	opt callstack 0
    73  000000                     
    74                           ; 1 bytes @ 0x0
    75 ;;
    76 ;;Main: autosize = 0, tempsize = 0, incstack = 0, save=0
    77 ;;
    78 ;; *************** function _main *****************
    79 ;; Defined at:
    80 ;;		line 48 in file "Main.c"
    81 ;; Parameters:    Size  Location     Type
    82 ;;		None
    83 ;; Auto vars:     Size  Location     Type
    84 ;;		None
    85 ;; Return value:  Size  Location     Type
    86 ;;                  1    wreg      void 
    87 ;; Registers used:
    88 ;;		wreg, status,2, cstack
    89 ;; Tracked objects:
    90 ;;		On entry : 0/0
    91 ;;		On exit  : 0/0
    92 ;;		Unchanged: 0/0
    93 ;; Data sizes:     COMRAM   BANK0   BANK1   BANK2   BANK3   BANK4   BANK5   BANK6   BANK7
    94 ;;      Params:         0       0       0       0       0       0       0       0       0
    95 ;;      Locals:         0       0       0       0       0       0       0       0       0
    96 ;;      Temps:          0       0       0       0       0       0       0       0       0
    97 ;;      Totals:         0       0       0       0       0       0       0       0       0
    98 ;;Total ram usage:        0 bytes
    99 ;; Hardware stack levels required when called:    1
   100 ;; This function calls:
   101 ;;		_InitPWM_CCP1
   102 ;; This function is called by:
   103 ;;		Startup code after reset
   104 ;; This function uses a non-reentrant model
   105 ;;
   106                           
   107                           	psect	text0
   108  007FD8                     __ptext0:
   109                           	opt callstack 0
   110  007FD8                     _main:
   111                           	opt callstack 30
   112  007FD8                     
   113                           ;Main.c: 49:     InitPWM_CCP1();
   114  007FD8  ECF2  F03F         	call	_InitPWM_CCP1	;wreg free
   115  007FDC                     l22:
   116  007FDC  EFEE  F03F         	goto	l22
   117  007FE0  EF00  F000         	goto	start
   118  007FE4                     __end_of_main:
   119                           	opt callstack 0
   120                           
   121 ;; *************** function _InitPWM_CCP1 *****************
   122 ;; Defined at:
   123 ;;		line 37 in file "Main.c"
   124 ;; Parameters:    Size  Location     Type
   125 ;;		None
   126 ;; Auto vars:     Size  Location     Type
   127 ;;		None
   128 ;; Return value:  Size  Location     Type
   129 ;;                  1    wreg      void 
   130 ;; Registers used:
   131 ;;		wreg, status,2
   132 ;; Tracked objects:
   133 ;;		On entry : 0/0
   134 ;;		On exit  : 0/0
   135 ;;		Unchanged: 0/0
   136 ;; Data sizes:     COMRAM   BANK0   BANK1   BANK2   BANK3   BANK4   BANK5   BANK6   BANK7
   137 ;;      Params:         0       0       0       0       0       0       0       0       0
   138 ;;      Locals:         0       0       0       0       0       0       0       0       0
   139 ;;      Temps:          0       0       0       0       0       0       0       0       0
   140 ;;      Totals:         0       0       0       0       0       0       0       0       0
   141 ;;Total ram usage:        0 bytes
   142 ;; Hardware stack levels used:    1
   143 ;; This function calls:
   144 ;;		Nothing
   145 ;; This function is called by:
   146 ;;		_main
   147 ;; This function uses a non-reentrant model
   148 ;;
   149                           
   150                           	psect	text1
   151  007FE4                     __ptext1:
   152                           	opt callstack 0
   153  007FE4                     _InitPWM_CCP1:
   154                           	opt callstack 30
   155  007FE4                     
   156                           ;Main.c: 38:     TRISCbits.RC1 = 0;
   157  007FE4  9294               	bcf	148,1,c	;volatile
   158                           
   159                           ;Main.c: 39:     TRISCbits.RC2 = 0;
   160  007FE6  9494               	bcf	148,2,c	;volatile
   161  007FE8                     
   162                           ;Main.c: 40:     PR2 = 0x26;
   163  007FE8  0E26               	movlw	38
   164  007FEA  6ECB               	movwf	203,c	;volatile
   165                           
   166                           ;Main.c: 41:     CCPR1L = 0x1F;
   167  007FEC  0E1F               	movlw	31
   168  007FEE  6EBE               	movwf	190,c	;volatile
   169                           
   170                           ;Main.c: 42:     T2CON = 0x03;
   171  007FF0  0E03               	movlw	3
   172  007FF2  6ECA               	movwf	202,c	;volatile
   173                           
   174                           ;Main.c: 43:     CCP1CON = 0x0C;
   175  007FF4  0E0C               	movlw	12
   176  007FF6  6EBD               	movwf	189,c	;volatile
   177                           
   178                           ;Main.c: 44:     TMR2 = 0;
   179  007FF8  0E00               	movlw	0
   180  007FFA  6ECC               	movwf	204,c	;volatile
   181  007FFC                     
   182                           ;Main.c: 45:     T2CONbits.TMR2ON = 1;
   183  007FFC  84CA               	bsf	202,2,c	;volatile
   184  007FFE  0012               	return		;funcret
   185  008000                     __end_of_InitPWM_CCP1:
   186                           	opt callstack 0
   187  0000                     
   188                           	psect	rparam
   189  0000                     tosu	equ	0xFFF
   190                           tosh	equ	0xFFE
   191                           tosl	equ	0xFFD
   192                           stkptr	equ	0xFFC
   193                           pclatu	equ	0xFFB
   194                           pclath	equ	0xFFA
   195                           pcl	equ	0xFF9
   196                           tblptru	equ	0xFF8
   197                           tblptrh	equ	0xFF7
   198                           tblptrl	equ	0xFF6
   199                           tablat	equ	0xFF5
   200                           prodh	equ	0xFF4
   201                           prodl	equ	0xFF3
   202                           indf0	equ	0xFEF
   203                           postinc0	equ	0xFEE
   204                           postdec0	equ	0xFED
   205                           preinc0	equ	0xFEC
   206                           plusw0	equ	0xFEB
   207                           fsr0h	equ	0xFEA
   208                           fsr0l	equ	0xFE9
   209                           wreg	equ	0xFE8
   210                           indf1	equ	0xFE7
   211                           postinc1	equ	0xFE6
   212                           postdec1	equ	0xFE5
   213                           preinc1	equ	0xFE4
   214                           plusw1	equ	0xFE3
   215                           fsr1h	equ	0xFE2
   216                           fsr1l	equ	0xFE1
   217                           bsr	equ	0xFE0
   218                           indf2	equ	0xFDF
   219                           postinc2	equ	0xFDE
   220                           postdec2	equ	0xFDD
   221                           preinc2	equ	0xFDC
   222                           plusw2	equ	0xFDB
   223                           fsr2h	equ	0xFDA
   224                           fsr2l	equ	0xFD9
   225                           status	equ	0xFD8


Data Sizes:
    Strings     0
    Constant    0
    Data        0
    BSS         0
    Persistent  0
    Stack       0

Auto Spaces:
    Space          Size  Autos    Used
    COMRAM           95      0       0
    BANK0           160      0       0
    BANK1           256      0       0
    BANK2           256      0       0
    BANK3           256      0       0
    BANK4           256      0       0
    BANK5           256      0       0
    BANK6           256      0       0
    BANK7           256      0       0

Pointer List with Targets:

    None.

Critical Paths under _main in COMRAM

    None.

Critical Paths under _main in BANK0

    None.

Critical Paths under _main in BANK1

    None.

Critical Paths under _main in BANK2

    None.

Critical Paths under _main in BANK3

    None.

Critical Paths under _main in BANK4

    None.

Critical Paths under _main in BANK5

    None.

Critical Paths under _main in BANK6

    None.

Critical Paths under _main in BANK7

    None.

Call Graph Tables:

 ---------------------------------------------------------------------------------
 (Depth) Function   	        Calls       Base Space   Used Autos Params    Refs
 ---------------------------------------------------------------------------------
 (0) _main                                                 0     0      0       0
                       _InitPWM_CCP1
 ---------------------------------------------------------------------------------
 (1) _InitPWM_CCP1                                         0     0      0       0
 ---------------------------------------------------------------------------------
 Estimated maximum stack depth 1
 ---------------------------------------------------------------------------------

 Call Graph Graphs:

 _main (ROOT)
   _InitPWM_CCP1

 Address spaces:
Name               Size   Autos  Total    Cost      Usage
BITCOMRAM           5F      0       0       0        0.0%
EEDATA             100      0       0       0        0.0%
NULL                 0      0       0       0        0.0%
CODE                 0      0       0       0        0.0%
COMRAM              5F      0       0       1        0.0%
STACK                0      0       0       2        0.0%
DATA                 0      0       0       3        0.0%
BITBANK0            A0      0       0       4        0.0%
BANK0               A0      0       0       5        0.0%
BITBANK1           100      0       0       6        0.0%
BANK1              100      0       0       7        0.0%
BITBANK2           100      0       0       8        0.0%
BANK2              100      0       0       9        0.0%
BITBANK3           100      0       0      10        0.0%
BANK3              100      0       0      11        0.0%
BITBANK4           100      0       0      12        0.0%
BANK4              100      0       0      13        0.0%
BITBANK5           100      0       0      14        0.0%
BANK5              100      0       0      15        0.0%
BITBANK6           100      0       0      16        0.0%
BANK6              100      0       0      17        0.0%
BITBANK7           100      0       0      18        0.0%
BANK7              100      0       0      19        0.0%
ABS                  0      0       0      20        0.0%
BIGRAM             7FF      0       0      21        0.0%
BITSFR               0      0       0     200        0.0%
SFR                  0      0       0     200        0.0%


Microchip Technology PIC18 Macro Assembler V2.10 build 88905656 
Symbol Table                                                                                   Fri Mar 27 17:30:32 2020

                     l22 7FDC                       l23 7FDC                       l17 7FFE  
            __CFG_BORV$3 000000             __CFG_CP0$OFF 000000             __CFG_CP1$OFF 000000  
           __CFG_CP2$OFF 000000             __CFG_CP3$OFF 000000                      l701 7FE4  
                    l703 7FE8                      l705 7FFC                      l707 7FD8  
           __CFG_CPB$OFF 000000            ?_InitPWM_CCP1 0000                      _PR2 000FCB  
           __CFG_CPD$OFF 000000             __CFG_BOR$OFF 000000             __CFG_FOSC$HS 000000  
           __CFG_LVP$OFF 000000             __CFG_WDT$OFF 000000                     _TMR2 000FCC  
           __CFG_PWRT$ON 000000                     _main 7FD8                     start 0000  
          __CFG_IESO$OFF 000000            __CFG_MCLRE$ON 000000             ___param_bank 000000  
          __CFG_PLLDIV$1 000000           __CFG_CCP2MX$ON 000000           ??_InitPWM_CCP1 0000  
                  ?_main 0000                    _T2CON 000FCA            __CFG_USBDIV$1 000000  
          __CFG_WRT0$OFF 000000            __CFG_WRT1$OFF 000000            __CFG_WRT2$OFF 000000  
          __CFG_WRT3$OFF 000000           __CFG_EBTR0$OFF 000000           __CFG_FCMEN$OFF 000000  
         __CFG_EBTR1$OFF 000000           __CFG_EBTR2$OFF 000000           __CFG_EBTR3$OFF 000000  
          __CFG_WRTB$OFF 000000            __CFG_WRTC$OFF 000000            __CFG_WRTD$OFF 000000  
         __CFG_EBTRB$OFF 000000           __CFG_ICPRT$OFF 000000           __CFG_PBADEN$ON 000000  
        __initialization 7FD2             __end_of_main 7FE4                   ??_main 0000  
          __activetblptr 000000                   _CCPR1L 000FBE           __CFG_XINST$OFF 000000  
         __CFG_STVREN$ON 000000               __accesstop 0060  __end_of__initialization 7FD2  
   __end_of_InitPWM_CCP1 8000            ___rparam_used 000001           __pcstackCOMRAM 0000  
                _CCP1CON 000FBD          __CFG_VREGEN$OFF 000000                  __Hparam 0000  
                __Lparam 0000                  __pcinit 7FD2                  __ramtop 0800  
                __ptext0 7FD8                  __ptext1 7FE4                _T2CONbits 000FCA  
  __size_of_InitPWM_CCP1 001C     end_of_initialization 7FD2             _InitPWM_CCP1 7FE4  
              _TRISCbits 000F94      start_initialization 7FD2         __CFG_LPT1OSC$OFF 000000  
       __CFG_WDTPS$32768 000000                 __Hrparam 0000                 __Lrparam 0000  
          __size_of_main 000C    __CFG_CPUDIV$OSC1_PLL2 000000  
